<?xml version="1.0" encoding="UTF-8"?>
<testExecutions version="1">
<<<<<<< HEAD
=======
<<<<<<< HEAD
  <file path="C:\Users\Tringapps-User5\OneDrive\Desktop\nest-app\AuctionArena\frontend\src\Modules\Home\__tests__\prices.test.js">
    <testCase name="Price Component should render prices when data is loaded" duration="1252">
=======
  <file path="C:\Users\Tringapps-User24\Desktop\TypeORM\AuctionArena\frontend\src\config\__test__\awsconfig.test.js">
    <testCase name="Configuration Object should have the correct bucketName" duration="13">
      <failure message="Error: expect(received).toBe(expected) // Object.is equality"><![CDATA[Error: expect(received).toBe(expected) // Object.is equality

Expected: "test-bucket"
Received: "auctionarena"
    at Object.<anonymous> (C:\Users\Tringapps-User24\Desktop\TypeORM\AuctionArena\frontend\src\config\__test__\awsconfig.test.js:10:31)
    at Promise.then.completed (C:\Users\Tringapps-User24\Desktop\TypeORM\AuctionArena\frontend\node_modules\react-scripts\node_modules\jest-circus\build\utils.js:391:28)
    at new Promise (<anonymous>)
    at callAsyncCircusFn (C:\Users\Tringapps-User24\Desktop\TypeORM\AuctionArena\frontend\node_modules\react-scripts\node_modules\jest-circus\build\utils.js:316:10)
    at _callCircusTest (C:\Users\Tringapps-User24\Desktop\TypeORM\AuctionArena\frontend\node_modules\react-scripts\node_modules\jest-circus\build\run.js:218:40)
    at processTicksAndRejections (node:internal/process/task_queues:95:5)
    at _runTest (C:\Users\Tringapps-User24\Desktop\TypeORM\AuctionArena\frontend\node_modules\react-scripts\node_modules\jest-circus\build\run.js:155:3)
    at _runTestsForDescribeBlock (C:\Users\Tringapps-User24\Desktop\TypeORM\AuctionArena\frontend\node_modules\react-scripts\node_modules\jest-circus\build\run.js:66:9)
    at _runTestsForDescribeBlock (C:\Users\Tringapps-User24\Desktop\TypeORM\AuctionArena\frontend\node_modules\react-scripts\node_modules\jest-circus\build\run.js:60:9)
    at run (C:\Users\Tringapps-User24\Desktop\TypeORM\AuctionArena\frontend\node_modules\react-scripts\node_modules\jest-circus\build\run.js:25:3)
    at runAndTransformResultsToJestFormat (C:\Users\Tringapps-User24\Desktop\TypeORM\AuctionArena\frontend\node_modules\react-scripts\node_modules\jest-circus\build\legacy-code-todo-rewrite\jestAdapterInit.js:170:21)
    at jestAdapter (C:\Users\Tringapps-User24\Desktop\TypeORM\AuctionArena\frontend\node_modules\react-scripts\node_modules\jest-circus\build\legacy-code-todo-rewrite\jestAdapter.js:68:19)
    at runTestInternal (C:\Users\Tringapps-User24\Desktop\TypeORM\AuctionArena\frontend\node_modules\react-scripts\node_modules\jest-runner\build\runTest.js:389:16)
    at runTest (C:\Users\Tringapps-User24\Desktop\TypeORM\AuctionArena\frontend\node_modules\react-scripts\node_modules\jest-runner\build\runTest.js:475:34)
    at Object.worker (C:\Users\Tringapps-User24\Desktop\TypeORM\AuctionArena\frontend\node_modules\react-scripts\node_modules\jest-runner\build\testWorker.js:133:12)]]></failure>
    </testCase>
    <testCase name="Configuration Object should have the correct region" duration="1">
      <failure message="Error: expect(received).toBe(expected) // Object.is equality"><![CDATA[Error: expect(received).toBe(expected) // Object.is equality

Expected: "us-east-1"
Received: "ap-south-1"
    at Object.<anonymous> (C:\Users\Tringapps-User24\Desktop\TypeORM\AuctionArena\frontend\src\config\__test__\awsconfig.test.js:14:27)
    at Promise.then.completed (C:\Users\Tringapps-User24\Desktop\TypeORM\AuctionArena\frontend\node_modules\react-scripts\node_modules\jest-circus\build\utils.js:391:28)
    at new Promise (<anonymous>)
    at callAsyncCircusFn (C:\Users\Tringapps-User24\Desktop\TypeORM\AuctionArena\frontend\node_modules\react-scripts\node_modules\jest-circus\build\utils.js:316:10)
    at _callCircusTest (C:\Users\Tringapps-User24\Desktop\TypeORM\AuctionArena\frontend\node_modules\react-scripts\node_modules\jest-circus\build\run.js:218:40)
    at processTicksAndRejections (node:internal/process/task_queues:95:5)
    at _runTest (C:\Users\Tringapps-User24\Desktop\TypeORM\AuctionArena\frontend\node_modules\react-scripts\node_modules\jest-circus\build\run.js:155:3)
    at _runTestsForDescribeBlock (C:\Users\Tringapps-User24\Desktop\TypeORM\AuctionArena\frontend\node_modules\react-scripts\node_modules\jest-circus\build\run.js:66:9)
    at _runTestsForDescribeBlock (C:\Users\Tringapps-User24\Desktop\TypeORM\AuctionArena\frontend\node_modules\react-scripts\node_modules\jest-circus\build\run.js:60:9)
    at run (C:\Users\Tringapps-User24\Desktop\TypeORM\AuctionArena\frontend\node_modules\react-scripts\node_modules\jest-circus\build\run.js:25:3)
    at runAndTransformResultsToJestFormat (C:\Users\Tringapps-User24\Desktop\TypeORM\AuctionArena\frontend\node_modules\react-scripts\node_modules\jest-circus\build\legacy-code-todo-rewrite\jestAdapterInit.js:170:21)
    at jestAdapter (C:\Users\Tringapps-User24\Desktop\TypeORM\AuctionArena\frontend\node_modules\react-scripts\node_modules\jest-circus\build\legacy-code-todo-rewrite\jestAdapter.js:68:19)
    at runTestInternal (C:\Users\Tringapps-User24\Desktop\TypeORM\AuctionArena\frontend\node_modules\react-scripts\node_modules\jest-runner\build\runTest.js:389:16)
    at runTest (C:\Users\Tringapps-User24\Desktop\TypeORM\AuctionArena\frontend\node_modules\react-scripts\node_modules\jest-runner\build\runTest.js:475:34)
    at Object.worker (C:\Users\Tringapps-User24\Desktop\TypeORM\AuctionArena\frontend\node_modules\react-scripts\node_modules\jest-runner\build\testWorker.js:133:12)]]></failure>
    </testCase>
    <testCase name="Configuration Object should have the correct accessKeyId" duration="1">
      <failure message="Error: expect(received).toBe(expected) // Object.is equality"><![CDATA[Error: expect(received).toBe(expected) // Object.is equality

Expected: "test-access-key"
Received: "AKIA353XACXEPEINPLUP"
    at Object.<anonymous> (C:\Users\Tringapps-User24\Desktop\TypeORM\AuctionArena\frontend\src\config\__test__\awsconfig.test.js:18:32)
    at Promise.then.completed (C:\Users\Tringapps-User24\Desktop\TypeORM\AuctionArena\frontend\node_modules\react-scripts\node_modules\jest-circus\build\utils.js:391:28)
    at new Promise (<anonymous>)
    at callAsyncCircusFn (C:\Users\Tringapps-User24\Desktop\TypeORM\AuctionArena\frontend\node_modules\react-scripts\node_modules\jest-circus\build\utils.js:316:10)
    at _callCircusTest (C:\Users\Tringapps-User24\Desktop\TypeORM\AuctionArena\frontend\node_modules\react-scripts\node_modules\jest-circus\build\run.js:218:40)
    at processTicksAndRejections (node:internal/process/task_queues:95:5)
    at _runTest (C:\Users\Tringapps-User24\Desktop\TypeORM\AuctionArena\frontend\node_modules\react-scripts\node_modules\jest-circus\build\run.js:155:3)
    at _runTestsForDescribeBlock (C:\Users\Tringapps-User24\Desktop\TypeORM\AuctionArena\frontend\node_modules\react-scripts\node_modules\jest-circus\build\run.js:66:9)
    at _runTestsForDescribeBlock (C:\Users\Tringapps-User24\Desktop\TypeORM\AuctionArena\frontend\node_modules\react-scripts\node_modules\jest-circus\build\run.js:60:9)
    at run (C:\Users\Tringapps-User24\Desktop\TypeORM\AuctionArena\frontend\node_modules\react-scripts\node_modules\jest-circus\build\run.js:25:3)
    at runAndTransformResultsToJestFormat (C:\Users\Tringapps-User24\Desktop\TypeORM\AuctionArena\frontend\node_modules\react-scripts\node_modules\jest-circus\build\legacy-code-todo-rewrite\jestAdapterInit.js:170:21)
    at jestAdapter (C:\Users\Tringapps-User24\Desktop\TypeORM\AuctionArena\frontend\node_modules\react-scripts\node_modules\jest-circus\build\legacy-code-todo-rewrite\jestAdapter.js:68:19)
    at runTestInternal (C:\Users\Tringapps-User24\Desktop\TypeORM\AuctionArena\frontend\node_modules\react-scripts\node_modules\jest-runner\build\runTest.js:389:16)
    at runTest (C:\Users\Tringapps-User24\Desktop\TypeORM\AuctionArena\frontend\node_modules\react-scripts\node_modules\jest-runner\build\runTest.js:475:34)
    at Object.worker (C:\Users\Tringapps-User24\Desktop\TypeORM\AuctionArena\frontend\node_modules\react-scripts\node_modules\jest-runner\build\testWorker.js:133:12)]]></failure>
    </testCase>
    <testCase name="Configuration Object should have the correct secretAccessKey" duration="3">
      <failure message="Error: expect(received).toBe(expected) // Object.is equality"><![CDATA[Error: expect(received).toBe(expected) // Object.is equality

Expected: "test-secret-key"
Received: "i59uVR1v92+OcfsSh4Tcc5nqmSoUpn7xvjAA0/DV"
    at Object.<anonymous> (C:\Users\Tringapps-User24\Desktop\TypeORM\AuctionArena\frontend\src\config\__test__\awsconfig.test.js:22:36)
    at Promise.then.completed (C:\Users\Tringapps-User24\Desktop\TypeORM\AuctionArena\frontend\node_modules\react-scripts\node_modules\jest-circus\build\utils.js:391:28)
    at new Promise (<anonymous>)
    at callAsyncCircusFn (C:\Users\Tringapps-User24\Desktop\TypeORM\AuctionArena\frontend\node_modules\react-scripts\node_modules\jest-circus\build\utils.js:316:10)
    at _callCircusTest (C:\Users\Tringapps-User24\Desktop\TypeORM\AuctionArena\frontend\node_modules\react-scripts\node_modules\jest-circus\build\run.js:218:40)
    at processTicksAndRejections (node:internal/process/task_queues:95:5)
    at _runTest (C:\Users\Tringapps-User24\Desktop\TypeORM\AuctionArena\frontend\node_modules\react-scripts\node_modules\jest-circus\build\run.js:155:3)
    at _runTestsForDescribeBlock (C:\Users\Tringapps-User24\Desktop\TypeORM\AuctionArena\frontend\node_modules\react-scripts\node_modules\jest-circus\build\run.js:66:9)
    at _runTestsForDescribeBlock (C:\Users\Tringapps-User24\Desktop\TypeORM\AuctionArena\frontend\node_modules\react-scripts\node_modules\jest-circus\build\run.js:60:9)
    at run (C:\Users\Tringapps-User24\Desktop\TypeORM\AuctionArena\frontend\node_modules\react-scripts\node_modules\jest-circus\build\run.js:25:3)
    at runAndTransformResultsToJestFormat (C:\Users\Tringapps-User24\Desktop\TypeORM\AuctionArena\frontend\node_modules\react-scripts\node_modules\jest-circus\build\legacy-code-todo-rewrite\jestAdapterInit.js:170:21)
    at jestAdapter (C:\Users\Tringapps-User24\Desktop\TypeORM\AuctionArena\frontend\node_modules\react-scripts\node_modules\jest-circus\build\legacy-code-todo-rewrite\jestAdapter.js:68:19)
    at runTestInternal (C:\Users\Tringapps-User24\Desktop\TypeORM\AuctionArena\frontend\node_modules\react-scripts\node_modules\jest-runner\build\runTest.js:389:16)
    at runTest (C:\Users\Tringapps-User24\Desktop\TypeORM\AuctionArena\frontend\node_modules\react-scripts\node_modules\jest-runner\build\runTest.js:475:34)
    at Object.worker (C:\Users\Tringapps-User24\Desktop\TypeORM\AuctionArena\frontend\node_modules\react-scripts\node_modules\jest-runner\build\testWorker.js:133:12)]]></failure>
    </testCase>
  </file>
>>>>>>> b8ff30ae299bf7ac79a0b247b0eef06ef6f0e52b
  <file path="C:\Users\Tringapps-User24\Desktop\TypeORM\AuctionArena\frontend\src\Modules\Home\__tests__\todayauction.test.js">
    <testCase name="&lt;Todayauction&gt; should render loading spinner when isLoading is true" duration="65"/>
    <testCase name="&lt;Todayauction&gt; should render &quot;No data available&quot; when there is no auctionData" duration="15"/>
    <testCase name="&lt;Todayauction&gt; should render auction items when there is data" duration="28">
      <failure message="TestingLibraryElementError: Unable to find an element by: [data-testid=&quot;auction-item&quot;]"><![CDATA[TestingLibraryElementError: Unable to find an element by: [data-testid="auction-item"]

Ignored nodes: comments, script, style
<body>
  <div />
</body>
    at Object.getElementError (C:\Users\Tringapps-User24\Desktop\TypeORM\AuctionArena\frontend\node_modules\@testing-library\dom\dist\config.js:37:19)
    at query (C:\Users\Tringapps-User24\Desktop\TypeORM\AuctionArena\frontend\node_modules\@testing-library\dom\dist\query-helpers.js:76:38)
    at getAllByTestId (C:\Users\Tringapps-User24\Desktop\TypeORM\AuctionArena\frontend\node_modules\@testing-library\dom\dist\query-helpers.js:109:15)
    at Object.<anonymous> (C:\Users\Tringapps-User24\Desktop\TypeORM\AuctionArena\frontend\src\Modules\Home\__tests__\todayauction.test.js:60:33)
    at Promise.then.completed (C:\Users\Tringapps-User24\Desktop\TypeORM\AuctionArena\frontend\node_modules\react-scripts\node_modules\jest-circus\build\utils.js:391:28)
    at new Promise (<anonymous>)
    at callAsyncCircusFn (C:\Users\Tringapps-User24\Desktop\TypeORM\AuctionArena\frontend\node_modules\react-scripts\node_modules\jest-circus\build\utils.js:316:10)
    at _callCircusTest (C:\Users\Tringapps-User24\Desktop\TypeORM\AuctionArena\frontend\node_modules\react-scripts\node_modules\jest-circus\build\run.js:218:40)
    at processTicksAndRejections (node:internal/process/task_queues:95:5)
    at _runTest (C:\Users\Tringapps-User24\Desktop\TypeORM\AuctionArena\frontend\node_modules\react-scripts\node_modules\jest-circus\build\run.js:155:3)
    at _runTestsForDescribeBlock (C:\Users\Tringapps-User24\Desktop\TypeORM\AuctionArena\frontend\node_modules\react-scripts\node_modules\jest-circus\build\run.js:66:9)
    at _runTestsForDescribeBlock (C:\Users\Tringapps-User24\Desktop\TypeORM\AuctionArena\frontend\node_modules\react-scripts\node_modules\jest-circus\build\run.js:60:9)
    at run (C:\Users\Tringapps-User24\Desktop\TypeORM\AuctionArena\frontend\node_modules\react-scripts\node_modules\jest-circus\build\run.js:25:3)
    at runAndTransformResultsToJestFormat (C:\Users\Tringapps-User24\Desktop\TypeORM\AuctionArena\frontend\node_modules\react-scripts\node_modules\jest-circus\build\legacy-code-todo-rewrite\jestAdapterInit.js:170:21)
    at jestAdapter (C:\Users\Tringapps-User24\Desktop\TypeORM\AuctionArena\frontend\node_modules\react-scripts\node_modules\jest-circus\build\legacy-code-todo-rewrite\jestAdapter.js:68:19)
    at runTestInternal (C:\Users\Tringapps-User24\Desktop\TypeORM\AuctionArena\frontend\node_modules\react-scripts\node_modules\jest-runner\build\runTest.js:389:16)
    at runTest (C:\Users\Tringapps-User24\Desktop\TypeORM\AuctionArena\frontend\node_modules\react-scripts\node_modules\jest-runner\build\runTest.js:475:34)
    at Object.worker (C:\Users\Tringapps-User24\Desktop\TypeORM\AuctionArena\frontend\node_modules\react-scripts\node_modules\jest-runner\build\testWorker.js:133:12)]]></failure>
    </testCase>
    <testCase name="&lt;Todayauction&gt; should call imageChangeHandler when a circle is clicked" duration="6">
      <failure message="TestingLibraryElementError: Unable to find an element by: [data-testid=&quot;circle-0&quot;]"><![CDATA[TestingLibraryElementError: Unable to find an element by: [data-testid="circle-0"]

Ignored nodes: comments, script, style
<body>
  <div />
</body>
    at Object.getElementError (C:\Users\Tringapps-User24\Desktop\TypeORM\AuctionArena\frontend\node_modules\@testing-library\dom\dist\config.js:37:19)
    at query (C:\Users\Tringapps-User24\Desktop\TypeORM\AuctionArena\frontend\node_modules\@testing-library\dom\dist\query-helpers.js:76:38)
    at getAllByTestId (C:\Users\Tringapps-User24\Desktop\TypeORM\AuctionArena\frontend\node_modules\@testing-library\dom\dist\query-helpers.js:109:15)
    at Object.<anonymous> (C:\Users\Tringapps-User24\Desktop\TypeORM\AuctionArena\frontend\src\Modules\Home\__tests__\todayauction.test.js:73:32)
    at Promise.then.completed (C:\Users\Tringapps-User24\Desktop\TypeORM\AuctionArena\frontend\node_modules\react-scripts\node_modules\jest-circus\build\utils.js:391:28)
    at new Promise (<anonymous>)
    at callAsyncCircusFn (C:\Users\Tringapps-User24\Desktop\TypeORM\AuctionArena\frontend\node_modules\react-scripts\node_modules\jest-circus\build\utils.js:316:10)
    at _callCircusTest (C:\Users\Tringapps-User24\Desktop\TypeORM\AuctionArena\frontend\node_modules\react-scripts\node_modules\jest-circus\build\run.js:218:40)
    at processTicksAndRejections (node:internal/process/task_queues:95:5)
    at _runTest (C:\Users\Tringapps-User24\Desktop\TypeORM\AuctionArena\frontend\node_modules\react-scripts\node_modules\jest-circus\build\run.js:155:3)
    at _runTestsForDescribeBlock (C:\Users\Tringapps-User24\Desktop\TypeORM\AuctionArena\frontend\node_modules\react-scripts\node_modules\jest-circus\build\run.js:66:9)
    at _runTestsForDescribeBlock (C:\Users\Tringapps-User24\Desktop\TypeORM\AuctionArena\frontend\node_modules\react-scripts\node_modules\jest-circus\build\run.js:60:9)
    at run (C:\Users\Tringapps-User24\Desktop\TypeORM\AuctionArena\frontend\node_modules\react-scripts\node_modules\jest-circus\build\run.js:25:3)
    at runAndTransformResultsToJestFormat (C:\Users\Tringapps-User24\Desktop\TypeORM\AuctionArena\frontend\node_modules\react-scripts\node_modules\jest-circus\build\legacy-code-todo-rewrite\jestAdapterInit.js:170:21)
    at jestAdapter (C:\Users\Tringapps-User24\Desktop\TypeORM\AuctionArena\frontend\node_modules\react-scripts\node_modules\jest-circus\build\legacy-code-todo-rewrite\jestAdapter.js:68:19)
    at runTestInternal (C:\Users\Tringapps-User24\Desktop\TypeORM\AuctionArena\frontend\node_modules\react-scripts\node_modules\jest-runner\build\runTest.js:389:16)
    at runTest (C:\Users\Tringapps-User24\Desktop\TypeORM\AuctionArena\frontend\node_modules\react-scripts\node_modules\jest-runner\build\runTest.js:475:34)
    at Object.worker (C:\Users\Tringapps-User24\Desktop\TypeORM\AuctionArena\frontend\node_modules\react-scripts\node_modules\jest-runner\build\testWorker.js:133:12)]]></failure>
    </testCase>
  </file>
<<<<<<< HEAD
  <file path="C:\Users\Tringapps-User24\Desktop\TypeORM\AuctionArena\frontend\src\Modules\MyAuction\__test__\createcategory.test.js">
    <testCase name="&lt;Createcategory&gt; renders Createcategory component" duration="127">
=======
  <file path="C:\Users\Tringapps-User24\Desktop\TypeORM\AuctionArena\frontend\src\Modules\Home\__tests__\prices.test.js">
    <testCase name="Price Component should render prices when data is loaded" duration="1145">
>>>>>>> e18bce3a2fb0dce7da6d3f5a56cf43802c736d64
      <failure message="Error: Unable to find an element by: [data-testid=&quot;loader&quot;]"><![CDATA[Error: Unable to find an element by: [data-testid="loader"]

Ignored nodes: comments, script, style
<body>
  <div>
    <div
      class="pricecontainer"
      id="price"
      style=""
    >
      <p
        class="header"
      >
        Prices
      </p>
      <div
        class="allprices"
        data-testid="price-item"
      >
        <div
          class="price"
        >
          <p>
            up to
          </p>
          <p>
            1
          </p>
          <p>
            Teams
          </p>
          <button>
            Rs 10
          </button>
        </div>
        <div
          class="price"
        >
          <p>
            up to
          </p>
          <p>
            2
          </p>
          <p>
            Teams
          </p>
          <button>
            Rs 20
          </button>
        </div>
      </div>
    </div>
  </div>
</body>
<<<<<<< HEAD
    at waitForWrapper (C:\Users\Tringapps-User5\OneDrive\Desktop\nest-app\AuctionArena\frontend\node_modules\@testing-library\dom\dist\wait-for.js:166:27)
    at Object.<anonymous> (C:\Users\Tringapps-User5\OneDrive\Desktop\nest-app\AuctionArena\frontend\src\Modules\Home\__tests__\prices.test.js:31:18)
    at Promise.then.completed (C:\Users\Tringapps-User5\OneDrive\Desktop\nest-app\AuctionArena\frontend\node_modules\react-scripts\node_modules\jest-circus\build\utils.js:391:28)
    at new Promise (<anonymous>)
    at callAsyncCircusFn (C:\Users\Tringapps-User5\OneDrive\Desktop\nest-app\AuctionArena\frontend\node_modules\react-scripts\node_modules\jest-circus\build\utils.js:316:10)
    at _callCircusTest (C:\Users\Tringapps-User5\OneDrive\Desktop\nest-app\AuctionArena\frontend\node_modules\react-scripts\node_modules\jest-circus\build\run.js:218:40)
    at processTicksAndRejections (node:internal/process/task_queues:95:5)
    at _runTest (C:\Users\Tringapps-User5\OneDrive\Desktop\nest-app\AuctionArena\frontend\node_modules\react-scripts\node_modules\jest-circus\build\run.js:155:3)
    at _runTestsForDescribeBlock (C:\Users\Tringapps-User5\OneDrive\Desktop\nest-app\AuctionArena\frontend\node_modules\react-scripts\node_modules\jest-circus\build\run.js:66:9)
    at _runTestsForDescribeBlock (C:\Users\Tringapps-User5\OneDrive\Desktop\nest-app\AuctionArena\frontend\node_modules\react-scripts\node_modules\jest-circus\build\run.js:60:9)
    at run (C:\Users\Tringapps-User5\OneDrive\Desktop\nest-app\AuctionArena\frontend\node_modules\react-scripts\node_modules\jest-circus\build\run.js:25:3)
    at runAndTransformResultsToJestFormat (C:\Users\Tringapps-User5\OneDrive\Desktop\nest-app\AuctionArena\frontend\node_modules\react-scripts\node_modules\jest-circus\build\legacy-code-todo-rewrite\jestAdapterInit.js:170:21)
    at jestAdapter (C:\Users\Tringapps-User5\OneDrive\Desktop\nest-app\AuctionArena\frontend\node_modules\react-scripts\node_modules\jest-circus\build\legacy-code-todo-rewrite\jestAdapter.js:68:19)
    at runTestInternal (C:\Users\Tringapps-User5\OneDrive\Desktop\nest-app\AuctionArena\frontend\node_modules\react-scripts\node_modules\jest-runner\build\runTest.js:389:16)
    at runTest (C:\Users\Tringapps-User5\OneDrive\Desktop\nest-app\AuctionArena\frontend\node_modules\react-scripts\node_modules\jest-runner\build\runTest.js:475:34)
    at Object.worker (C:\Users\Tringapps-User5\OneDrive\Desktop\nest-app\AuctionArena\frontend\node_modules\react-scripts\node_modules\jest-runner\build\testWorker.js:133:12)]]></failure>
    </testCase>
    <testCase name="Price Component should render an error message when there is an error" duration="87"/>
    <testCase name="Price Component should render a loader when data is loading" duration="46"/>
  </file>
  <file path="C:\Users\Tringapps-User5\OneDrive\Desktop\nest-app\AuctionArena\frontend\src\Modules\MyAuction\__test__\createcategory.test.js">
    <testCase name="&lt;Createcategory&gt; renders Createcategory component" duration="283">
=======
    at waitForWrapper (C:\Users\Tringapps-User24\Desktop\TypeORM\AuctionArena\frontend\node_modules\@testing-library\dom\dist\wait-for.js:166:27)
    at Object.<anonymous> (C:\Users\Tringapps-User24\Desktop\TypeORM\AuctionArena\frontend\src\Modules\Home\__tests__\prices.test.js:31:18)
    at Promise.then.completed (C:\Users\Tringapps-User24\Desktop\TypeORM\AuctionArena\frontend\node_modules\react-scripts\node_modules\jest-circus\build\utils.js:391:28)
    at new Promise (<anonymous>)
    at callAsyncCircusFn (C:\Users\Tringapps-User24\Desktop\TypeORM\AuctionArena\frontend\node_modules\react-scripts\node_modules\jest-circus\build\utils.js:316:10)
    at _callCircusTest (C:\Users\Tringapps-User24\Desktop\TypeORM\AuctionArena\frontend\node_modules\react-scripts\node_modules\jest-circus\build\run.js:218:40)
    at processTicksAndRejections (node:internal/process/task_queues:95:5)
    at _runTest (C:\Users\Tringapps-User24\Desktop\TypeORM\AuctionArena\frontend\node_modules\react-scripts\node_modules\jest-circus\build\run.js:155:3)
    at _runTestsForDescribeBlock (C:\Users\Tringapps-User24\Desktop\TypeORM\AuctionArena\frontend\node_modules\react-scripts\node_modules\jest-circus\build\run.js:66:9)
    at _runTestsForDescribeBlock (C:\Users\Tringapps-User24\Desktop\TypeORM\AuctionArena\frontend\node_modules\react-scripts\node_modules\jest-circus\build\run.js:60:9)
    at run (C:\Users\Tringapps-User24\Desktop\TypeORM\AuctionArena\frontend\node_modules\react-scripts\node_modules\jest-circus\build\run.js:25:3)
    at runAndTransformResultsToJestFormat (C:\Users\Tringapps-User24\Desktop\TypeORM\AuctionArena\frontend\node_modules\react-scripts\node_modules\jest-circus\build\legacy-code-todo-rewrite\jestAdapterInit.js:170:21)
    at jestAdapter (C:\Users\Tringapps-User24\Desktop\TypeORM\AuctionArena\frontend\node_modules\react-scripts\node_modules\jest-circus\build\legacy-code-todo-rewrite\jestAdapter.js:68:19)
    at runTestInternal (C:\Users\Tringapps-User24\Desktop\TypeORM\AuctionArena\frontend\node_modules\react-scripts\node_modules\jest-runner\build\runTest.js:389:16)
    at runTest (C:\Users\Tringapps-User24\Desktop\TypeORM\AuctionArena\frontend\node_modules\react-scripts\node_modules\jest-runner\build\runTest.js:475:34)
    at Object.worker (C:\Users\Tringapps-User24\Desktop\TypeORM\AuctionArena\frontend\node_modules\react-scripts\node_modules\jest-runner\build\testWorker.js:133:12)]]></failure>
    </testCase>
    <testCase name="Price Component should render an error message when there is an error" duration="49"/>
    <testCase name="Price Component should render a loader when data is loading" duration="46"/>
  </file>
  <file path="C:\Users\Tringapps-User24\Desktop\TypeORM\AuctionArena\frontend\src\Modules\Home\__tests__\findauction.test.js">
    <testCase name="&lt;Findauction /&gt; should render loading message when isLoading is true" duration="571">
      <failure message="TestingLibraryElementError: Unable to find an element with the text: Loading.... This could be because the text is broken up by multiple elements. In this case, you can provide a function for your text matcher to make your matcher more flexible."><![CDATA[TestingLibraryElementError: Unable to find an element with the text: Loading.... This could be because the text is broken up by multiple elements. In this case, you can provide a function for your text matcher to make your matcher more flexible.

Ignored nodes: comments, script, style
<body>
  <div>
    <div>
      <div
        id="page"
      >
        <div
          id="container"
        >
          <div
            id="ring"
          />
          <div
            id="ring"
          />
          <div
            id="ring"
          />
          <div
            id="ring"
          />
          <div
            id="h3"
          >
            Arena
          </div>
        </div>
      </div>
    </div>
  </div>
</body>
    at Object.getElementError (C:\Users\Tringapps-User24\Desktop\TypeORM\AuctionArena\frontend\node_modules\@testing-library\dom\dist\config.js:37:19)
    at allQuery (C:\Users\Tringapps-User24\Desktop\TypeORM\AuctionArena\frontend\node_modules\@testing-library\dom\dist\query-helpers.js:76:38)
    at query (C:\Users\Tringapps-User24\Desktop\TypeORM\AuctionArena\frontend\node_modules\@testing-library\dom\dist\query-helpers.js:52:17)
    at getByText (C:\Users\Tringapps-User24\Desktop\TypeORM\AuctionArena\frontend\node_modules\@testing-library\dom\dist\query-helpers.js:95:19)
    at Object.<anonymous> (C:\Users\Tringapps-User24\Desktop\TypeORM\AuctionArena\frontend\src\Modules\Home\__tests__\findauction.test.js:42:19)
    at Promise.then.completed (C:\Users\Tringapps-User24\Desktop\TypeORM\AuctionArena\frontend\node_modules\react-scripts\node_modules\jest-circus\build\utils.js:391:28)
    at new Promise (<anonymous>)
    at callAsyncCircusFn (C:\Users\Tringapps-User24\Desktop\TypeORM\AuctionArena\frontend\node_modules\react-scripts\node_modules\jest-circus\build\utils.js:316:10)
    at _callCircusTest (C:\Users\Tringapps-User24\Desktop\TypeORM\AuctionArena\frontend\node_modules\react-scripts\node_modules\jest-circus\build\run.js:218:40)
    at processTicksAndRejections (node:internal/process/task_queues:95:5)
    at _runTest (C:\Users\Tringapps-User24\Desktop\TypeORM\AuctionArena\frontend\node_modules\react-scripts\node_modules\jest-circus\build\run.js:155:3)
    at _runTestsForDescribeBlock (C:\Users\Tringapps-User24\Desktop\TypeORM\AuctionArena\frontend\node_modules\react-scripts\node_modules\jest-circus\build\run.js:66:9)
    at _runTestsForDescribeBlock (C:\Users\Tringapps-User24\Desktop\TypeORM\AuctionArena\frontend\node_modules\react-scripts\node_modules\jest-circus\build\run.js:60:9)
    at run (C:\Users\Tringapps-User24\Desktop\TypeORM\AuctionArena\frontend\node_modules\react-scripts\node_modules\jest-circus\build\run.js:25:3)
    at runAndTransformResultsToJestFormat (C:\Users\Tringapps-User24\Desktop\TypeORM\AuctionArena\frontend\node_modules\react-scripts\node_modules\jest-circus\build\legacy-code-todo-rewrite\jestAdapterInit.js:170:21)
    at jestAdapter (C:\Users\Tringapps-User24\Desktop\TypeORM\AuctionArena\frontend\node_modules\react-scripts\node_modules\jest-circus\build\legacy-code-todo-rewrite\jestAdapter.js:68:19)
    at runTestInternal (C:\Users\Tringapps-User24\Desktop\TypeORM\AuctionArena\frontend\node_modules\react-scripts\node_modules\jest-runner\build\runTest.js:389:16)
    at runTest (C:\Users\Tringapps-User24\Desktop\TypeORM\AuctionArena\frontend\node_modules\react-scripts\node_modules\jest-runner\build\runTest.js:475:34)
    at Object.worker (C:\Users\Tringapps-User24\Desktop\TypeORM\AuctionArena\frontend\node_modules\react-scripts\node_modules\jest-runner\build\testWorker.js:133:12)]]></failure>
    </testCase>
    <testCase name="&lt;Findauction /&gt; should render &quot;No data available&quot; when there is no auctionData" duration="16"/>
    <testCase name="&lt;Findauction /&gt; should render auction items when there is data" duration="410"/>
    <testCase name="&lt;Findauction /&gt; should filter auctions based on search input" duration="93"/>
  </file>
  <file path="C:\Users\Tringapps-User24\Desktop\TypeORM\AuctionArena\frontend\src\Modules\MyAuction\__test__\createcategory.test.js">
    <testCase name="&lt;Createcategory&gt; renders Createcategory component" duration="206">
>>>>>>> e18bce3a2fb0dce7da6d3f5a56cf43802c736d64
>>>>>>> b8ff30ae299bf7ac79a0b247b0eef06ef6f0e52b
      <failure message="TestingLibraryElementError: Found multiple elements with the text: Category"><![CDATA[TestingLibraryElementError: Found multiple elements with the text: Category

Here are the matching elements:

Ignored nodes: comments, script, style
<a
  href="/dashboard/category/0"
>
  Category
</a>

Ignored nodes: comments, script, style
<label>
  Category
</label>

(If this is intentional, then use the `*AllBy*` variant of the query (like `queryAllByText`, `getAllByText`, or `findAllByText`)).

Ignored nodes: comments, script, style
<body>
  <div>
    <div
      class="categorycontainer"
    >
      <h3>
        <a
          href="/dashboard/myauction"
        >
          My Auction
        </a>
        /
        <a
          href="/dashboard/category/0"
        >
          Category
        </a>
        / Add Category
      </h3>
      <div
        class="categorydiv"
      >
        <div
          class="category"
        >
          <div
            class="categoryField"
          >
            <div
              class="inputField"
            >
              <label>
                Category
              </label>
              <input
                class="inputbox"
                name="category"
                placeholder="Category"
                type="text"
              />
              <label
                class="validate"
              />
            </div>
            <div
              class="inputField"
            >
              <label>
                MinimumBid
              </label>
              <input
                class="inputbox"
                name="minimumbid"
                placeholder="Minimum Bid"
                type="number"
              />
              <label
                class="validate"
              />
            </div>
          </div>
          <input
            class="addCategoryBtn"
            data-testid="categorybutton"
            type="submit"
            value="Add Category"
          />
        </div>
      </div>
    </div>
  </div>
</body>
<<<<<<< HEAD
    at Object.getElementError (C:\Users\Tringapps-User5\OneDrive\Desktop\nest-app\AuctionArena\frontend\node_modules\@testing-library\dom\dist\config.js:37:19)
    at getElementError (C:\Users\Tringapps-User5\OneDrive\Desktop\nest-app\AuctionArena\frontend\node_modules\@testing-library\dom\dist\query-helpers.js:20:35)
    at getMultipleElementsFoundError (C:\Users\Tringapps-User5\OneDrive\Desktop\nest-app\AuctionArena\frontend\node_modules\@testing-library\dom\dist\query-helpers.js:23:10)
    at query (C:\Users\Tringapps-User5\OneDrive\Desktop\nest-app\AuctionArena\frontend\node_modules\@testing-library\dom\dist\query-helpers.js:55:13)
    at getByText (C:\Users\Tringapps-User5\OneDrive\Desktop\nest-app\AuctionArena\frontend\node_modules\@testing-library\dom\dist\query-helpers.js:95:19)
    at Object.<anonymous> (C:\Users\Tringapps-User5\OneDrive\Desktop\nest-app\AuctionArena\frontend\src\Modules\MyAuction\__test__\createcategory.test.js:107:19)
    at Promise.then.completed (C:\Users\Tringapps-User5\OneDrive\Desktop\nest-app\AuctionArena\frontend\node_modules\react-scripts\node_modules\jest-circus\build\utils.js:391:28)
    at new Promise (<anonymous>)
    at callAsyncCircusFn (C:\Users\Tringapps-User5\OneDrive\Desktop\nest-app\AuctionArena\frontend\node_modules\react-scripts\node_modules\jest-circus\build\utils.js:316:10)
    at _callCircusTest (C:\Users\Tringapps-User5\OneDrive\Desktop\nest-app\AuctionArena\frontend\node_modules\react-scripts\node_modules\jest-circus\build\run.js:218:40)
    at processTicksAndRejections (node:internal/process/task_queues:95:5)
    at _runTest (C:\Users\Tringapps-User5\OneDrive\Desktop\nest-app\AuctionArena\frontend\node_modules\react-scripts\node_modules\jest-circus\build\run.js:155:3)
    at _runTestsForDescribeBlock (C:\Users\Tringapps-User5\OneDrive\Desktop\nest-app\AuctionArena\frontend\node_modules\react-scripts\node_modules\jest-circus\build\run.js:66:9)
    at _runTestsForDescribeBlock (C:\Users\Tringapps-User5\OneDrive\Desktop\nest-app\AuctionArena\frontend\node_modules\react-scripts\node_modules\jest-circus\build\run.js:60:9)
    at run (C:\Users\Tringapps-User5\OneDrive\Desktop\nest-app\AuctionArena\frontend\node_modules\react-scripts\node_modules\jest-circus\build\run.js:25:3)
    at runAndTransformResultsToJestFormat (C:\Users\Tringapps-User5\OneDrive\Desktop\nest-app\AuctionArena\frontend\node_modules\react-scripts\node_modules\jest-circus\build\legacy-code-todo-rewrite\jestAdapterInit.js:170:21)
    at jestAdapter (C:\Users\Tringapps-User5\OneDrive\Desktop\nest-app\AuctionArena\frontend\node_modules\react-scripts\node_modules\jest-circus\build\legacy-code-todo-rewrite\jestAdapter.js:68:19)
    at runTestInternal (C:\Users\Tringapps-User5\OneDrive\Desktop\nest-app\AuctionArena\frontend\node_modules\react-scripts\node_modules\jest-runner\build\runTest.js:389:16)
    at runTest (C:\Users\Tringapps-User5\OneDrive\Desktop\nest-app\AuctionArena\frontend\node_modules\react-scripts\node_modules\jest-runner\build\runTest.js:475:34)
    at Object.worker (C:\Users\Tringapps-User5\OneDrive\Desktop\nest-app\AuctionArena\frontend\node_modules\react-scripts\node_modules\jest-runner\build\testWorker.js:133:12)]]></failure>
    </testCase>
    <testCase name="&lt;Createcategory&gt; updates an existing category" duration="95">
=======
    at Object.getElementError (C:\Users\Tringapps-User24\Desktop\TypeORM\AuctionArena\frontend\node_modules\@testing-library\dom\dist\config.js:37:19)
    at getElementError (C:\Users\Tringapps-User24\Desktop\TypeORM\AuctionArena\frontend\node_modules\@testing-library\dom\dist\query-helpers.js:20:35)
    at getMultipleElementsFoundError (C:\Users\Tringapps-User24\Desktop\TypeORM\AuctionArena\frontend\node_modules\@testing-library\dom\dist\query-helpers.js:23:10)
    at query (C:\Users\Tringapps-User24\Desktop\TypeORM\AuctionArena\frontend\node_modules\@testing-library\dom\dist\query-helpers.js:55:13)
    at getByText (C:\Users\Tringapps-User24\Desktop\TypeORM\AuctionArena\frontend\node_modules\@testing-library\dom\dist\query-helpers.js:95:19)
    at Object.<anonymous> (C:\Users\Tringapps-User24\Desktop\TypeORM\AuctionArena\frontend\src\Modules\MyAuction\__test__\createcategory.test.js:107:19)
    at Promise.then.completed (C:\Users\Tringapps-User24\Desktop\TypeORM\AuctionArena\frontend\node_modules\react-scripts\node_modules\jest-circus\build\utils.js:391:28)
    at new Promise (<anonymous>)
    at callAsyncCircusFn (C:\Users\Tringapps-User24\Desktop\TypeORM\AuctionArena\frontend\node_modules\react-scripts\node_modules\jest-circus\build\utils.js:316:10)
    at _callCircusTest (C:\Users\Tringapps-User24\Desktop\TypeORM\AuctionArena\frontend\node_modules\react-scripts\node_modules\jest-circus\build\run.js:218:40)
    at processTicksAndRejections (node:internal/process/task_queues:95:5)
    at _runTest (C:\Users\Tringapps-User24\Desktop\TypeORM\AuctionArena\frontend\node_modules\react-scripts\node_modules\jest-circus\build\run.js:155:3)
    at _runTestsForDescribeBlock (C:\Users\Tringapps-User24\Desktop\TypeORM\AuctionArena\frontend\node_modules\react-scripts\node_modules\jest-circus\build\run.js:66:9)
    at _runTestsForDescribeBlock (C:\Users\Tringapps-User24\Desktop\TypeORM\AuctionArena\frontend\node_modules\react-scripts\node_modules\jest-circus\build\run.js:60:9)
    at run (C:\Users\Tringapps-User24\Desktop\TypeORM\AuctionArena\frontend\node_modules\react-scripts\node_modules\jest-circus\build\run.js:25:3)
    at runAndTransformResultsToJestFormat (C:\Users\Tringapps-User24\Desktop\TypeORM\AuctionArena\frontend\node_modules\react-scripts\node_modules\jest-circus\build\legacy-code-todo-rewrite\jestAdapterInit.js:170:21)
    at jestAdapter (C:\Users\Tringapps-User24\Desktop\TypeORM\AuctionArena\frontend\node_modules\react-scripts\node_modules\jest-circus\build\legacy-code-todo-rewrite\jestAdapter.js:68:19)
    at runTestInternal (C:\Users\Tringapps-User24\Desktop\TypeORM\AuctionArena\frontend\node_modules\react-scripts\node_modules\jest-runner\build\runTest.js:389:16)
    at runTest (C:\Users\Tringapps-User24\Desktop\TypeORM\AuctionArena\frontend\node_modules\react-scripts\node_modules\jest-runner\build\runTest.js:475:34)
    at Object.worker (C:\Users\Tringapps-User24\Desktop\TypeORM\AuctionArena\frontend\node_modules\react-scripts\node_modules\jest-runner\build\testWorker.js:133:12)]]></failure>
    </testCase>
<<<<<<< HEAD
    <testCase name="&lt;Createcategory&gt; updates an existing category" duration="53">
=======
    <testCase name="&lt;Createcategory&gt; updates an existing category" duration="71">
>>>>>>> e18bce3a2fb0dce7da6d3f5a56cf43802c736d64
>>>>>>> b8ff30ae299bf7ac79a0b247b0eef06ef6f0e52b
      <failure message="Error: expect(jest.fn()).toHaveBeenCalledWith(...expected)"><![CDATA[Error: expect(jest.fn()).toHaveBeenCalledWith(...expected)

Expected: {"message": "Category Updated Successfully", "status": "success"}

Number of calls: 0
<<<<<<< HEAD
    at Object.<anonymous> (C:\Users\Tringapps-User5\OneDrive\Desktop\nest-app\AuctionArena\frontend\src\Modules\MyAuction\__test__\createcategory.test.js:160:26)
    at runNextTicks (node:internal/process/task_queues:60:5)
    at listOnTimeout (node:internal/timers:533:9)
    at processTimers (node:internal/timers:507:7)]]></failure>
    </testCase>
    <testCase name="&lt;Createcategory&gt; Category Required" duration="88">
=======
    at Object.<anonymous> (C:\Users\Tringapps-User24\Desktop\TypeORM\AuctionArena\frontend\src\Modules\MyAuction\__test__\createcategory.test.js:160:26)
    at runNextTicks (node:internal/process/task_queues:60:5)
    at listOnTimeout (node:internal/timers:538:9)
    at processTimers (node:internal/timers:512:7)]]></failure>
    </testCase>
<<<<<<< HEAD
    <testCase name="&lt;Createcategory&gt; Category Required" duration="22">
=======
    <testCase name="&lt;Createcategory&gt; Category Required" duration="43">
>>>>>>> e18bce3a2fb0dce7da6d3f5a56cf43802c736d64
>>>>>>> b8ff30ae299bf7ac79a0b247b0eef06ef6f0e52b
      <failure message="TestingLibraryElementError: Found multiple elements with the text: Category"><![CDATA[TestingLibraryElementError: Found multiple elements with the text: Category

Here are the matching elements:

Ignored nodes: comments, script, style
<a
  href="/dashboard/category/0"
>
  Category
</a>

Ignored nodes: comments, script, style
<label>
  Category
</label>

(If this is intentional, then use the `*AllBy*` variant of the query (like `queryAllByText`, `getAllByText`, or `findAllByText`)).

Ignored nodes: comments, script, style
<body>
  <div>
    <div
      class="categorycontainer"
    >
      <h3>
        <a
          href="/dashboard/myauction"
        >
          My Auction
        </a>
        /
        <a
          href="/dashboard/category/0"
        >
          Category
        </a>
        / Add Category
      </h3>
      <div
        class="categorydiv"
      >
        <div
          class="category"
        >
          <div
            class="categoryField"
          >
            <div
              class="inputField"
            >
              <label>
                Category
              </label>
              <input
                class="inputbox"
                name="category"
                placeholder="Category"
                type="text"
              />
              <label
                class="validate"
              />
            </div>
            <div
              class="inputField"
            >
              <label>
                MinimumBid
              </label>
              <input
                class="inputbox"
                name="minimumbid"
                placeholder="Minimum Bid"
                type="number"
              />
              <label
                class="validate"
              />
            </div>
          </div>
          <input
            class="addCategoryBtn"
            data-testid="categorybutton"
            type="submit"
            value="Add Category"
          />
        </div>
      </div>
    </div>
  </div>
</body>
<<<<<<< HEAD
    at Object.getElementError (C:\Users\Tringapps-User5\OneDrive\Desktop\nest-app\AuctionArena\frontend\node_modules\@testing-library\dom\dist\config.js:37:19)
    at getElementError (C:\Users\Tringapps-User5\OneDrive\Desktop\nest-app\AuctionArena\frontend\node_modules\@testing-library\dom\dist\query-helpers.js:20:35)
    at getMultipleElementsFoundError (C:\Users\Tringapps-User5\OneDrive\Desktop\nest-app\AuctionArena\frontend\node_modules\@testing-library\dom\dist\query-helpers.js:23:10)
    at query (C:\Users\Tringapps-User5\OneDrive\Desktop\nest-app\AuctionArena\frontend\node_modules\@testing-library\dom\dist\query-helpers.js:55:13)
    at getByText (C:\Users\Tringapps-User5\OneDrive\Desktop\nest-app\AuctionArena\frontend\node_modules\@testing-library\dom\dist\query-helpers.js:95:19)
    at Object.<anonymous> (C:\Users\Tringapps-User5\OneDrive\Desktop\nest-app\AuctionArena\frontend\src\Modules\MyAuction\__test__\createcategory.test.js:191:19)
    at Promise.then.completed (C:\Users\Tringapps-User5\OneDrive\Desktop\nest-app\AuctionArena\frontend\node_modules\react-scripts\node_modules\jest-circus\build\utils.js:391:28)
    at new Promise (<anonymous>)
    at callAsyncCircusFn (C:\Users\Tringapps-User5\OneDrive\Desktop\nest-app\AuctionArena\frontend\node_modules\react-scripts\node_modules\jest-circus\build\utils.js:316:10)
    at _callCircusTest (C:\Users\Tringapps-User5\OneDrive\Desktop\nest-app\AuctionArena\frontend\node_modules\react-scripts\node_modules\jest-circus\build\run.js:218:40)
    at runNextTicks (node:internal/process/task_queues:60:5)
    at listOnTimeout (node:internal/timers:533:9)
    at processTimers (node:internal/timers:507:7)
    at _runTest (C:\Users\Tringapps-User5\OneDrive\Desktop\nest-app\AuctionArena\frontend\node_modules\react-scripts\node_modules\jest-circus\build\run.js:155:3)
    at _runTestsForDescribeBlock (C:\Users\Tringapps-User5\OneDrive\Desktop\nest-app\AuctionArena\frontend\node_modules\react-scripts\node_modules\jest-circus\build\run.js:66:9)
    at _runTestsForDescribeBlock (C:\Users\Tringapps-User5\OneDrive\Desktop\nest-app\AuctionArena\frontend\node_modules\react-scripts\node_modules\jest-circus\build\run.js:60:9)
    at run (C:\Users\Tringapps-User5\OneDrive\Desktop\nest-app\AuctionArena\frontend\node_modules\react-scripts\node_modules\jest-circus\build\run.js:25:3)
    at runAndTransformResultsToJestFormat (C:\Users\Tringapps-User5\OneDrive\Desktop\nest-app\AuctionArena\frontend\node_modules\react-scripts\node_modules\jest-circus\build\legacy-code-todo-rewrite\jestAdapterInit.js:170:21)
    at jestAdapter (C:\Users\Tringapps-User5\OneDrive\Desktop\nest-app\AuctionArena\frontend\node_modules\react-scripts\node_modules\jest-circus\build\legacy-code-todo-rewrite\jestAdapter.js:68:19)
    at runTestInternal (C:\Users\Tringapps-User5\OneDrive\Desktop\nest-app\AuctionArena\frontend\node_modules\react-scripts\node_modules\jest-runner\build\runTest.js:389:16)
    at runTest (C:\Users\Tringapps-User5\OneDrive\Desktop\nest-app\AuctionArena\frontend\node_modules\react-scripts\node_modules\jest-runner\build\runTest.js:475:34)
    at Object.worker (C:\Users\Tringapps-User5\OneDrive\Desktop\nest-app\AuctionArena\frontend\node_modules\react-scripts\node_modules\jest-runner\build\testWorker.js:133:12)]]></failure>
    </testCase>
    <testCase name="&lt;Createcategory&gt; Exists category" duration="43">
=======
    at Object.getElementError (C:\Users\Tringapps-User24\Desktop\TypeORM\AuctionArena\frontend\node_modules\@testing-library\dom\dist\config.js:37:19)
    at getElementError (C:\Users\Tringapps-User24\Desktop\TypeORM\AuctionArena\frontend\node_modules\@testing-library\dom\dist\query-helpers.js:20:35)
    at getMultipleElementsFoundError (C:\Users\Tringapps-User24\Desktop\TypeORM\AuctionArena\frontend\node_modules\@testing-library\dom\dist\query-helpers.js:23:10)
    at query (C:\Users\Tringapps-User24\Desktop\TypeORM\AuctionArena\frontend\node_modules\@testing-library\dom\dist\query-helpers.js:55:13)
    at getByText (C:\Users\Tringapps-User24\Desktop\TypeORM\AuctionArena\frontend\node_modules\@testing-library\dom\dist\query-helpers.js:95:19)
    at Object.<anonymous> (C:\Users\Tringapps-User24\Desktop\TypeORM\AuctionArena\frontend\src\Modules\MyAuction\__test__\createcategory.test.js:191:19)
    at Promise.then.completed (C:\Users\Tringapps-User24\Desktop\TypeORM\AuctionArena\frontend\node_modules\react-scripts\node_modules\jest-circus\build\utils.js:391:28)
    at new Promise (<anonymous>)
    at callAsyncCircusFn (C:\Users\Tringapps-User24\Desktop\TypeORM\AuctionArena\frontend\node_modules\react-scripts\node_modules\jest-circus\build\utils.js:316:10)
    at _callCircusTest (C:\Users\Tringapps-User24\Desktop\TypeORM\AuctionArena\frontend\node_modules\react-scripts\node_modules\jest-circus\build\run.js:218:40)
    at runNextTicks (node:internal/process/task_queues:60:5)
    at listOnTimeout (node:internal/timers:538:9)
    at processTimers (node:internal/timers:512:7)
    at _runTest (C:\Users\Tringapps-User24\Desktop\TypeORM\AuctionArena\frontend\node_modules\react-scripts\node_modules\jest-circus\build\run.js:155:3)
    at _runTestsForDescribeBlock (C:\Users\Tringapps-User24\Desktop\TypeORM\AuctionArena\frontend\node_modules\react-scripts\node_modules\jest-circus\build\run.js:66:9)
    at _runTestsForDescribeBlock (C:\Users\Tringapps-User24\Desktop\TypeORM\AuctionArena\frontend\node_modules\react-scripts\node_modules\jest-circus\build\run.js:60:9)
    at run (C:\Users\Tringapps-User24\Desktop\TypeORM\AuctionArena\frontend\node_modules\react-scripts\node_modules\jest-circus\build\run.js:25:3)
    at runAndTransformResultsToJestFormat (C:\Users\Tringapps-User24\Desktop\TypeORM\AuctionArena\frontend\node_modules\react-scripts\node_modules\jest-circus\build\legacy-code-todo-rewrite\jestAdapterInit.js:170:21)
    at jestAdapter (C:\Users\Tringapps-User24\Desktop\TypeORM\AuctionArena\frontend\node_modules\react-scripts\node_modules\jest-circus\build\legacy-code-todo-rewrite\jestAdapter.js:68:19)
    at runTestInternal (C:\Users\Tringapps-User24\Desktop\TypeORM\AuctionArena\frontend\node_modules\react-scripts\node_modules\jest-runner\build\runTest.js:389:16)
    at runTest (C:\Users\Tringapps-User24\Desktop\TypeORM\AuctionArena\frontend\node_modules\react-scripts\node_modules\jest-runner\build\runTest.js:475:34)
    at Object.worker (C:\Users\Tringapps-User24\Desktop\TypeORM\AuctionArena\frontend\node_modules\react-scripts\node_modules\jest-runner\build\testWorker.js:133:12)]]></failure>
    </testCase>
<<<<<<< HEAD
    <testCase name="&lt;Createcategory&gt; Exists category" duration="17">
=======
    <testCase name="&lt;Createcategory&gt; Exists category" duration="49">
>>>>>>> e18bce3a2fb0dce7da6d3f5a56cf43802c736d64
>>>>>>> b8ff30ae299bf7ac79a0b247b0eef06ef6f0e52b
      <failure message="TestingLibraryElementError: Found multiple elements with the text: Category"><![CDATA[TestingLibraryElementError: Found multiple elements with the text: Category

Here are the matching elements:

Ignored nodes: comments, script, style
<a
  href="/dashboard/category/0"
>
  Category
</a>

Ignored nodes: comments, script, style
<label>
  Category
</label>

(If this is intentional, then use the `*AllBy*` variant of the query (like `queryAllByText`, `getAllByText`, or `findAllByText`)).

Ignored nodes: comments, script, style
<body>
  <div>
    <div
      class="categorycontainer"
    >
      <h3>
        <a
          href="/dashboard/myauction"
        >
          My Auction
        </a>
        /
        <a
          href="/dashboard/category/0"
        >
          Category
        </a>
        / Add Category
      </h3>
      <div
        class="categorydiv"
      >
        <div
          class="category"
        >
          <div
            class="categoryField"
          >
            <div
              class="inputField"
            >
              <label>
                Category
              </label>
              <input
                class="inputbox"
                name="category"
                placeholder="Category"
                type="text"
              />
              <label
                class="validate"
              />
            </div>
            <div
              class="inputField"
            >
              <label>
                MinimumBid
              </label>
              <input
                class="inputbox"
                name="minimumbid"
                placeholder="Minimum Bid"
                type="number"
              />
              <label
                class="validate"
              />
            </div>
          </div>
          <input
            class="addCategoryBtn"
            data-testid="categorybutton"
            type="submit"
            value="Add Category"
          />
        </div>
      </div>
    </div>
  </div>
</body>
<<<<<<< HEAD
    at Object.getElementError (C:\Users\Tringapps-User5\OneDrive\Desktop\nest-app\AuctionArena\frontend\node_modules\@testing-library\dom\dist\config.js:37:19)
    at getElementError (C:\Users\Tringapps-User5\OneDrive\Desktop\nest-app\AuctionArena\frontend\node_modules\@testing-library\dom\dist\query-helpers.js:20:35)
    at getMultipleElementsFoundError (C:\Users\Tringapps-User5\OneDrive\Desktop\nest-app\AuctionArena\frontend\node_modules\@testing-library\dom\dist\query-helpers.js:23:10)
    at query (C:\Users\Tringapps-User5\OneDrive\Desktop\nest-app\AuctionArena\frontend\node_modules\@testing-library\dom\dist\query-helpers.js:55:13)
    at getByText (C:\Users\Tringapps-User5\OneDrive\Desktop\nest-app\AuctionArena\frontend\node_modules\@testing-library\dom\dist\query-helpers.js:95:19)
    at Object.<anonymous> (C:\Users\Tringapps-User5\OneDrive\Desktop\nest-app\AuctionArena\frontend\src\Modules\MyAuction\__test__\createcategory.test.js:235:19)
    at Promise.then.completed (C:\Users\Tringapps-User5\OneDrive\Desktop\nest-app\AuctionArena\frontend\node_modules\react-scripts\node_modules\jest-circus\build\utils.js:391:28)
    at new Promise (<anonymous>)
    at callAsyncCircusFn (C:\Users\Tringapps-User5\OneDrive\Desktop\nest-app\AuctionArena\frontend\node_modules\react-scripts\node_modules\jest-circus\build\utils.js:316:10)
    at _callCircusTest (C:\Users\Tringapps-User5\OneDrive\Desktop\nest-app\AuctionArena\frontend\node_modules\react-scripts\node_modules\jest-circus\build\run.js:218:40)
    at runNextTicks (node:internal/process/task_queues:60:5)
    at listOnTimeout (node:internal/timers:533:9)
    at processTimers (node:internal/timers:507:7)
    at _runTest (C:\Users\Tringapps-User5\OneDrive\Desktop\nest-app\AuctionArena\frontend\node_modules\react-scripts\node_modules\jest-circus\build\run.js:155:3)
    at _runTestsForDescribeBlock (C:\Users\Tringapps-User5\OneDrive\Desktop\nest-app\AuctionArena\frontend\node_modules\react-scripts\node_modules\jest-circus\build\run.js:66:9)
    at _runTestsForDescribeBlock (C:\Users\Tringapps-User5\OneDrive\Desktop\nest-app\AuctionArena\frontend\node_modules\react-scripts\node_modules\jest-circus\build\run.js:60:9)
    at run (C:\Users\Tringapps-User5\OneDrive\Desktop\nest-app\AuctionArena\frontend\node_modules\react-scripts\node_modules\jest-circus\build\run.js:25:3)
    at runAndTransformResultsToJestFormat (C:\Users\Tringapps-User5\OneDrive\Desktop\nest-app\AuctionArena\frontend\node_modules\react-scripts\node_modules\jest-circus\build\legacy-code-todo-rewrite\jestAdapterInit.js:170:21)
    at jestAdapter (C:\Users\Tringapps-User5\OneDrive\Desktop\nest-app\AuctionArena\frontend\node_modules\react-scripts\node_modules\jest-circus\build\legacy-code-todo-rewrite\jestAdapter.js:68:19)
    at runTestInternal (C:\Users\Tringapps-User5\OneDrive\Desktop\nest-app\AuctionArena\frontend\node_modules\react-scripts\node_modules\jest-runner\build\runTest.js:389:16)
    at runTest (C:\Users\Tringapps-User5\OneDrive\Desktop\nest-app\AuctionArena\frontend\node_modules\react-scripts\node_modules\jest-runner\build\runTest.js:475:34)
    at Object.worker (C:\Users\Tringapps-User5\OneDrive\Desktop\nest-app\AuctionArena\frontend\node_modules\react-scripts\node_modules\jest-runner\build\testWorker.js:133:12)]]></failure>
    </testCase>
    <testCase name="&lt;Createcategory&gt; should render loading spinner when isLoading is true" duration="31"/>
  </file>
  <file path="C:\Users\Tringapps-User5\OneDrive\Desktop\nest-app\AuctionArena\frontend\src\Modules\TeamDetails\__test__\CreateTeam.test.js">
    <testCase name="&lt;Addplayer&gt; Create player" duration="634">
      <failure message="Error: expect(jest.fn()).toHaveBeenCalledWith(...expected)"><![CDATA[Error: expect(jest.fn()).toHaveBeenCalledWith(...expected)

- Expected
+ Received

  Object {
-   "message": "Team Added",
-   "status": "success",
+   "message": "Team Shortcut Key Already Exits for this Auction",
+   "status": "error",
  },

Number of calls: 1
    at Object.<anonymous> (C:\Users\Tringapps-User5\OneDrive\Desktop\nest-app\AuctionArena\frontend\src\Modules\TeamDetails\__test__\CreateTeam.test.js:132:30)]]></failure>
    </testCase>
    <testCase name="&lt;Addplayer&gt; Update player" duration="954"/>
  </file>
  <file path="C:\Users\Tringapps-User5\OneDrive\Desktop\nest-app\AuctionArena\frontend\src\Modules\User\__test__\ForgotPassword.test.js">
    <testCase name="ForgotPassword renders the form with email input" duration="1624">
=======
    at Object.getElementError (C:\Users\Tringapps-User24\Desktop\TypeORM\AuctionArena\frontend\node_modules\@testing-library\dom\dist\config.js:37:19)
    at getElementError (C:\Users\Tringapps-User24\Desktop\TypeORM\AuctionArena\frontend\node_modules\@testing-library\dom\dist\query-helpers.js:20:35)
    at getMultipleElementsFoundError (C:\Users\Tringapps-User24\Desktop\TypeORM\AuctionArena\frontend\node_modules\@testing-library\dom\dist\query-helpers.js:23:10)
    at query (C:\Users\Tringapps-User24\Desktop\TypeORM\AuctionArena\frontend\node_modules\@testing-library\dom\dist\query-helpers.js:55:13)
    at getByText (C:\Users\Tringapps-User24\Desktop\TypeORM\AuctionArena\frontend\node_modules\@testing-library\dom\dist\query-helpers.js:95:19)
    at Object.<anonymous> (C:\Users\Tringapps-User24\Desktop\TypeORM\AuctionArena\frontend\src\Modules\MyAuction\__test__\createcategory.test.js:235:19)
    at Promise.then.completed (C:\Users\Tringapps-User24\Desktop\TypeORM\AuctionArena\frontend\node_modules\react-scripts\node_modules\jest-circus\build\utils.js:391:28)
    at new Promise (<anonymous>)
    at callAsyncCircusFn (C:\Users\Tringapps-User24\Desktop\TypeORM\AuctionArena\frontend\node_modules\react-scripts\node_modules\jest-circus\build\utils.js:316:10)
    at _callCircusTest (C:\Users\Tringapps-User24\Desktop\TypeORM\AuctionArena\frontend\node_modules\react-scripts\node_modules\jest-circus\build\run.js:218:40)
    at runNextTicks (node:internal/process/task_queues:60:5)
    at listOnTimeout (node:internal/timers:538:9)
    at processTimers (node:internal/timers:512:7)
    at _runTest (C:\Users\Tringapps-User24\Desktop\TypeORM\AuctionArena\frontend\node_modules\react-scripts\node_modules\jest-circus\build\run.js:155:3)
    at _runTestsForDescribeBlock (C:\Users\Tringapps-User24\Desktop\TypeORM\AuctionArena\frontend\node_modules\react-scripts\node_modules\jest-circus\build\run.js:66:9)
    at _runTestsForDescribeBlock (C:\Users\Tringapps-User24\Desktop\TypeORM\AuctionArena\frontend\node_modules\react-scripts\node_modules\jest-circus\build\run.js:60:9)
    at run (C:\Users\Tringapps-User24\Desktop\TypeORM\AuctionArena\frontend\node_modules\react-scripts\node_modules\jest-circus\build\run.js:25:3)
    at runAndTransformResultsToJestFormat (C:\Users\Tringapps-User24\Desktop\TypeORM\AuctionArena\frontend\node_modules\react-scripts\node_modules\jest-circus\build\legacy-code-todo-rewrite\jestAdapterInit.js:170:21)
    at jestAdapter (C:\Users\Tringapps-User24\Desktop\TypeORM\AuctionArena\frontend\node_modules\react-scripts\node_modules\jest-circus\build\legacy-code-todo-rewrite\jestAdapter.js:68:19)
    at runTestInternal (C:\Users\Tringapps-User24\Desktop\TypeORM\AuctionArena\frontend\node_modules\react-scripts\node_modules\jest-runner\build\runTest.js:389:16)
    at runTest (C:\Users\Tringapps-User24\Desktop\TypeORM\AuctionArena\frontend\node_modules\react-scripts\node_modules\jest-runner\build\runTest.js:475:34)
    at Object.worker (C:\Users\Tringapps-User24\Desktop\TypeORM\AuctionArena\frontend\node_modules\react-scripts\node_modules\jest-runner\build\testWorker.js:133:12)]]></failure>
    </testCase>
    <testCase name="&lt;Createcategory&gt; should render loading spinner when isLoading is true" duration="14"/>
  </file>
  <file path="C:\Users\Tringapps-User24\Desktop\TypeORM\AuctionArena\frontend\src\Modules\Home\__tests__\findauction.test.js">
    <testCase name="&lt;Findauction /&gt; should render loading message when isLoading is true" duration="368">
      <failure message="TestingLibraryElementError: Unable to find an element with the text: Loading.... This could be because the text is broken up by multiple elements. In this case, you can provide a function for your text matcher to make your matcher more flexible."><![CDATA[TestingLibraryElementError: Unable to find an element with the text: Loading.... This could be because the text is broken up by multiple elements. In this case, you can provide a function for your text matcher to make your matcher more flexible.

Ignored nodes: comments, script, style
<body>
  <div>
    <div>
      <div
        id="page"
      >
        <div
          id="container"
        >
          <div
            id="ring"
          />
          <div
            id="ring"
          />
          <div
            id="ring"
          />
          <div
            id="ring"
          />
          <div
            id="h3"
          >
            Arena
          </div>
        </div>
      </div>
    </div>
  </div>
</body>
    at Object.getElementError (C:\Users\Tringapps-User24\Desktop\TypeORM\AuctionArena\frontend\node_modules\@testing-library\dom\dist\config.js:37:19)
    at allQuery (C:\Users\Tringapps-User24\Desktop\TypeORM\AuctionArena\frontend\node_modules\@testing-library\dom\dist\query-helpers.js:76:38)
    at query (C:\Users\Tringapps-User24\Desktop\TypeORM\AuctionArena\frontend\node_modules\@testing-library\dom\dist\query-helpers.js:52:17)
    at getByText (C:\Users\Tringapps-User24\Desktop\TypeORM\AuctionArena\frontend\node_modules\@testing-library\dom\dist\query-helpers.js:95:19)
    at Object.<anonymous> (C:\Users\Tringapps-User24\Desktop\TypeORM\AuctionArena\frontend\src\Modules\Home\__tests__\findauction.test.js:42:19)
    at Promise.then.completed (C:\Users\Tringapps-User24\Desktop\TypeORM\AuctionArena\frontend\node_modules\react-scripts\node_modules\jest-circus\build\utils.js:391:28)
    at new Promise (<anonymous>)
    at callAsyncCircusFn (C:\Users\Tringapps-User24\Desktop\TypeORM\AuctionArena\frontend\node_modules\react-scripts\node_modules\jest-circus\build\utils.js:316:10)
    at _callCircusTest (C:\Users\Tringapps-User24\Desktop\TypeORM\AuctionArena\frontend\node_modules\react-scripts\node_modules\jest-circus\build\run.js:218:40)
    at processTicksAndRejections (node:internal/process/task_queues:95:5)
    at _runTest (C:\Users\Tringapps-User24\Desktop\TypeORM\AuctionArena\frontend\node_modules\react-scripts\node_modules\jest-circus\build\run.js:155:3)
    at _runTestsForDescribeBlock (C:\Users\Tringapps-User24\Desktop\TypeORM\AuctionArena\frontend\node_modules\react-scripts\node_modules\jest-circus\build\run.js:66:9)
    at _runTestsForDescribeBlock (C:\Users\Tringapps-User24\Desktop\TypeORM\AuctionArena\frontend\node_modules\react-scripts\node_modules\jest-circus\build\run.js:60:9)
    at run (C:\Users\Tringapps-User24\Desktop\TypeORM\AuctionArena\frontend\node_modules\react-scripts\node_modules\jest-circus\build\run.js:25:3)
    at runAndTransformResultsToJestFormat (C:\Users\Tringapps-User24\Desktop\TypeORM\AuctionArena\frontend\node_modules\react-scripts\node_modules\jest-circus\build\legacy-code-todo-rewrite\jestAdapterInit.js:170:21)
    at jestAdapter (C:\Users\Tringapps-User24\Desktop\TypeORM\AuctionArena\frontend\node_modules\react-scripts\node_modules\jest-circus\build\legacy-code-todo-rewrite\jestAdapter.js:68:19)
    at runTestInternal (C:\Users\Tringapps-User24\Desktop\TypeORM\AuctionArena\frontend\node_modules\react-scripts\node_modules\jest-runner\build\runTest.js:389:16)
    at runTest (C:\Users\Tringapps-User24\Desktop\TypeORM\AuctionArena\frontend\node_modules\react-scripts\node_modules\jest-runner\build\runTest.js:475:34)
    at Object.worker (C:\Users\Tringapps-User24\Desktop\TypeORM\AuctionArena\frontend\node_modules\react-scripts\node_modules\jest-runner\build\testWorker.js:133:12)]]></failure>
    </testCase>
    <testCase name="&lt;Findauction /&gt; should render &quot;No data available&quot; when there is no auctionData" duration="9"/>
    <testCase name="&lt;Findauction /&gt; should render auction items when there is data" duration="242"/>
    <testCase name="&lt;Findauction /&gt; should filter auctions based on search input" duration="41"/>
  </file>
  <file path="C:\Users\Tringapps-User24\Desktop\TypeORM\AuctionArena\frontend\src\Modules\Home\__tests__\prices.test.js">
    <testCase name="Price Component should render prices when data is loaded" duration="1116">
      <failure message="Error: Unable to find an element by: [data-testid=&quot;loader&quot;]"><![CDATA[Error: Unable to find an element by: [data-testid="loader"]

Ignored nodes: comments, script, style
<body>
  <div>
    <div
      class="pricecontainer"
      id="price"
      style=""
    >
      <p
        class="header"
      >
        Prices
      </p>
      <div
        class="allprices"
        data-testid="price-item"
      >
        <div
          class="price"
        >
          <p>
            up to
          </p>
          <p>
            1
          </p>
          <p>
            Teams
          </p>
          <button>
            Rs 10
          </button>
        </div>
        <div
          class="price"
        >
          <p>
            up to
          </p>
          <p>
            2
          </p>
          <p>
            Teams
          </p>
          <button>
            Rs 20
          </button>
        </div>
      </div>
    </div>
  </div>
</body>
    at waitForWrapper (C:\Users\Tringapps-User24\Desktop\TypeORM\AuctionArena\frontend\node_modules\@testing-library\dom\dist\wait-for.js:166:27)
    at Object.<anonymous> (C:\Users\Tringapps-User24\Desktop\TypeORM\AuctionArena\frontend\src\Modules\Home\__tests__\prices.test.js:31:18)
    at Promise.then.completed (C:\Users\Tringapps-User24\Desktop\TypeORM\AuctionArena\frontend\node_modules\react-scripts\node_modules\jest-circus\build\utils.js:391:28)
    at new Promise (<anonymous>)
    at callAsyncCircusFn (C:\Users\Tringapps-User24\Desktop\TypeORM\AuctionArena\frontend\node_modules\react-scripts\node_modules\jest-circus\build\utils.js:316:10)
    at _callCircusTest (C:\Users\Tringapps-User24\Desktop\TypeORM\AuctionArena\frontend\node_modules\react-scripts\node_modules\jest-circus\build\run.js:218:40)
    at processTicksAndRejections (node:internal/process/task_queues:95:5)
    at _runTest (C:\Users\Tringapps-User24\Desktop\TypeORM\AuctionArena\frontend\node_modules\react-scripts\node_modules\jest-circus\build\run.js:155:3)
    at _runTestsForDescribeBlock (C:\Users\Tringapps-User24\Desktop\TypeORM\AuctionArena\frontend\node_modules\react-scripts\node_modules\jest-circus\build\run.js:66:9)
    at _runTestsForDescribeBlock (C:\Users\Tringapps-User24\Desktop\TypeORM\AuctionArena\frontend\node_modules\react-scripts\node_modules\jest-circus\build\run.js:60:9)
    at run (C:\Users\Tringapps-User24\Desktop\TypeORM\AuctionArena\frontend\node_modules\react-scripts\node_modules\jest-circus\build\run.js:25:3)
    at runAndTransformResultsToJestFormat (C:\Users\Tringapps-User24\Desktop\TypeORM\AuctionArena\frontend\node_modules\react-scripts\node_modules\jest-circus\build\legacy-code-todo-rewrite\jestAdapterInit.js:170:21)
    at jestAdapter (C:\Users\Tringapps-User24\Desktop\TypeORM\AuctionArena\frontend\node_modules\react-scripts\node_modules\jest-circus\build\legacy-code-todo-rewrite\jestAdapter.js:68:19)
    at runTestInternal (C:\Users\Tringapps-User24\Desktop\TypeORM\AuctionArena\frontend\node_modules\react-scripts\node_modules\jest-runner\build\runTest.js:389:16)
    at runTest (C:\Users\Tringapps-User24\Desktop\TypeORM\AuctionArena\frontend\node_modules\react-scripts\node_modules\jest-runner\build\runTest.js:475:34)
    at Object.worker (C:\Users\Tringapps-User24\Desktop\TypeORM\AuctionArena\frontend\node_modules\react-scripts\node_modules\jest-runner\build\testWorker.js:133:12)]]></failure>
    </testCase>
    <testCase name="Price Component should render an error message when there is an error" duration="51"/>
    <testCase name="Price Component should render a loader when data is loading" duration="92"/>
  </file>
  <file path="C:\Users\Tringapps-User24\Desktop\TypeORM\AuctionArena\frontend\src\Modules\Live\__test__\ViewLive.test.js">
    <testCase name="ViewLive viewlive" duration="816">
      <failure message="TypeError: Cannot read properties of undefined (reading &apos;auctionname&apos;)"><![CDATA[TypeError: Cannot read properties of undefined (reading 'auctionname')
    at create (C:\Users\Tringapps-User24\Desktop\TypeORM\AuctionArena\frontend\src\Modules\Live\ViewLive.js:110:87)
    at commitHookEffectListMount (C:\Users\Tringapps-User24\Desktop\TypeORM\AuctionArena\frontend\node_modules\react-dom\cjs\react-dom.development.js:23150:26)
    at commitPassiveMountOnFiber (C:\Users\Tringapps-User24\Desktop\TypeORM\AuctionArena\frontend\node_modules\react-dom\cjs\react-dom.development.js:24931:11)
    at commitPassiveMountEffects_complete (C:\Users\Tringapps-User24\Desktop\TypeORM\AuctionArena\frontend\node_modules\react-dom\cjs\react-dom.development.js:24891:9)
    at commitPassiveMountEffects_begin (C:\Users\Tringapps-User24\Desktop\TypeORM\AuctionArena\frontend\node_modules\react-dom\cjs\react-dom.development.js:24878:7)
    at commitPassiveMountEffects (C:\Users\Tringapps-User24\Desktop\TypeORM\AuctionArena\frontend\node_modules\react-dom\cjs\react-dom.development.js:24866:3)
    at flushPassiveEffectsImpl (C:\Users\Tringapps-User24\Desktop\TypeORM\AuctionArena\frontend\node_modules\react-dom\cjs\react-dom.development.js:27039:3)
    at flushPassiveEffects (C:\Users\Tringapps-User24\Desktop\TypeORM\AuctionArena\frontend\node_modules\react-dom\cjs\react-dom.development.js:26984:14)
    at callback (C:\Users\Tringapps-User24\Desktop\TypeORM\AuctionArena\frontend\node_modules\react-dom\cjs\react-dom.development.js:26769:9)
    at flushActQueue (C:\Users\Tringapps-User24\Desktop\TypeORM\AuctionArena\frontend\node_modules\react\cjs\react.development.js:2667:24)
    at actImplementation (C:\Users\Tringapps-User24\Desktop\TypeORM\AuctionArena\frontend\node_modules\react\cjs\react.development.js:2582:11)
    at C:\Users\Tringapps-User24\Desktop\TypeORM\AuctionArena\frontend\node_modules\@testing-library\react\dist\act-compat.js:46:25
    at renderRoot (C:\Users\Tringapps-User24\Desktop\TypeORM\AuctionArena\frontend\node_modules\@testing-library\react\dist\pure.js:161:25)
    at render (C:\Users\Tringapps-User24\Desktop\TypeORM\AuctionArena\frontend\node_modules\@testing-library\react\dist\pure.js:247:10)
    at Object.<anonymous> (C:\Users\Tringapps-User24\Desktop\TypeORM\AuctionArena\frontend\src\Modules\Live\__test__\ViewLive.test.js:102:11)
    at Promise.then.completed (C:\Users\Tringapps-User24\Desktop\TypeORM\AuctionArena\frontend\node_modules\react-scripts\node_modules\jest-circus\build\utils.js:391:28)
    at new Promise (<anonymous>)
    at callAsyncCircusFn (C:\Users\Tringapps-User24\Desktop\TypeORM\AuctionArena\frontend\node_modules\react-scripts\node_modules\jest-circus\build\utils.js:316:10)
    at _callCircusTest (C:\Users\Tringapps-User24\Desktop\TypeORM\AuctionArena\frontend\node_modules\react-scripts\node_modules\jest-circus\build\run.js:218:40)
    at processTicksAndRejections (node:internal/process/task_queues:95:5)
    at _runTest (C:\Users\Tringapps-User24\Desktop\TypeORM\AuctionArena\frontend\node_modules\react-scripts\node_modules\jest-circus\build\run.js:155:3)
    at _runTestsForDescribeBlock (C:\Users\Tringapps-User24\Desktop\TypeORM\AuctionArena\frontend\node_modules\react-scripts\node_modules\jest-circus\build\run.js:66:9)
    at _runTestsForDescribeBlock (C:\Users\Tringapps-User24\Desktop\TypeORM\AuctionArena\frontend\node_modules\react-scripts\node_modules\jest-circus\build\run.js:60:9)
    at run (C:\Users\Tringapps-User24\Desktop\TypeORM\AuctionArena\frontend\node_modules\react-scripts\node_modules\jest-circus\build\run.js:25:3)
    at runAndTransformResultsToJestFormat (C:\Users\Tringapps-User24\Desktop\TypeORM\AuctionArena\frontend\node_modules\react-scripts\node_modules\jest-circus\build\legacy-code-todo-rewrite\jestAdapterInit.js:170:21)
    at jestAdapter (C:\Users\Tringapps-User24\Desktop\TypeORM\AuctionArena\frontend\node_modules\react-scripts\node_modules\jest-circus\build\legacy-code-todo-rewrite\jestAdapter.js:68:19)
    at runTestInternal (C:\Users\Tringapps-User24\Desktop\TypeORM\AuctionArena\frontend\node_modules\react-scripts\node_modules\jest-runner\build\runTest.js:389:16)
    at runTest (C:\Users\Tringapps-User24\Desktop\TypeORM\AuctionArena\frontend\node_modules\react-scripts\node_modules\jest-runner\build\runTest.js:475:34)
    at Object.worker (C:\Users\Tringapps-User24\Desktop\TypeORM\AuctionArena\frontend\node_modules\react-scripts\node_modules\jest-runner\build\testWorker.js:133:12)]]></failure>
    </testCase>
    <testCase name="ViewLive renders loading message when isLoading is true" duration="37">
      <failure message="TestingLibraryElementError: Unable to find an element by: [data-testid=&quot;loading&quot;]"><![CDATA[TestingLibraryElementError: Unable to find an element by: [data-testid="loading"]

Ignored nodes: comments, script, style
<body>
  <div>
    <div
      class="cardContainer"
    >
      <div
        class="card"
      >
        <span
          class="card__title"
        >
          Join Live
        </span>
        <p
          class="card__content"
        />
        <div
          class="card__form"
        >
          <input
            id="username"
            placeholder="username"
            type="text"
            value=""
          />
          <button
            class="livebtn"
            data-testid="loginbutton"
            name="Login"
          >
            Join Live
          </button>
        </div>
      </div>
    </div>
  </div>
</body>
    at Object.getElementError (C:\Users\Tringapps-User24\Desktop\TypeORM\AuctionArena\frontend\node_modules\@testing-library\dom\dist\config.js:37:19)
    at allQuery (C:\Users\Tringapps-User24\Desktop\TypeORM\AuctionArena\frontend\node_modules\@testing-library\dom\dist\query-helpers.js:76:38)
    at query (C:\Users\Tringapps-User24\Desktop\TypeORM\AuctionArena\frontend\node_modules\@testing-library\dom\dist\query-helpers.js:52:17)
    at getByTestId (C:\Users\Tringapps-User24\Desktop\TypeORM\AuctionArena\frontend\node_modules\@testing-library\dom\dist\query-helpers.js:95:19)
    at Object.<anonymous> (C:\Users\Tringapps-User24\Desktop\TypeORM\AuctionArena\frontend\src\Modules\Live\__test__\ViewLive.test.js:142:32)
    at Promise.then.completed (C:\Users\Tringapps-User24\Desktop\TypeORM\AuctionArena\frontend\node_modules\react-scripts\node_modules\jest-circus\build\utils.js:391:28)
    at new Promise (<anonymous>)
    at callAsyncCircusFn (C:\Users\Tringapps-User24\Desktop\TypeORM\AuctionArena\frontend\node_modules\react-scripts\node_modules\jest-circus\build\utils.js:316:10)
    at _callCircusTest (C:\Users\Tringapps-User24\Desktop\TypeORM\AuctionArena\frontend\node_modules\react-scripts\node_modules\jest-circus\build\run.js:218:40)
    at processTicksAndRejections (node:internal/process/task_queues:95:5)
    at _runTest (C:\Users\Tringapps-User24\Desktop\TypeORM\AuctionArena\frontend\node_modules\react-scripts\node_modules\jest-circus\build\run.js:155:3)
    at _runTestsForDescribeBlock (C:\Users\Tringapps-User24\Desktop\TypeORM\AuctionArena\frontend\node_modules\react-scripts\node_modules\jest-circus\build\run.js:66:9)
    at _runTestsForDescribeBlock (C:\Users\Tringapps-User24\Desktop\TypeORM\AuctionArena\frontend\node_modules\react-scripts\node_modules\jest-circus\build\run.js:60:9)
    at run (C:\Users\Tringapps-User24\Desktop\TypeORM\AuctionArena\frontend\node_modules\react-scripts\node_modules\jest-circus\build\run.js:25:3)
    at runAndTransformResultsToJestFormat (C:\Users\Tringapps-User24\Desktop\TypeORM\AuctionArena\frontend\node_modules\react-scripts\node_modules\jest-circus\build\legacy-code-todo-rewrite\jestAdapterInit.js:170:21)
    at jestAdapter (C:\Users\Tringapps-User24\Desktop\TypeORM\AuctionArena\frontend\node_modules\react-scripts\node_modules\jest-circus\build\legacy-code-todo-rewrite\jestAdapter.js:68:19)
    at runTestInternal (C:\Users\Tringapps-User24\Desktop\TypeORM\AuctionArena\frontend\node_modules\react-scripts\node_modules\jest-runner\build\runTest.js:389:16)
    at runTest (C:\Users\Tringapps-User24\Desktop\TypeORM\AuctionArena\frontend\node_modules\react-scripts\node_modules\jest-runner\build\runTest.js:475:34)
    at Object.worker (C:\Users\Tringapps-User24\Desktop\TypeORM\AuctionArena\frontend\node_modules\react-scripts\node_modules\jest-runner\build\testWorker.js:133:12)]]></failure>
    </testCase>
  </file>
  <file path="C:\Users\Tringapps-User24\Desktop\TypeORM\AuctionArena\frontend\src\config\__test__\awsconfig.test.js">
    <testCase name="Configuration Object should have the correct bucketName" duration="8">
      <failure message="Error: expect(received).toBe(expected) // Object.is equality"><![CDATA[Error: expect(received).toBe(expected) // Object.is equality

Expected: "test-bucket"
Received: "auctionarena"
    at Object.<anonymous> (C:\Users\Tringapps-User24\Desktop\TypeORM\AuctionArena\frontend\src\config\__test__\awsconfig.test.js:10:31)
    at Promise.then.completed (C:\Users\Tringapps-User24\Desktop\TypeORM\AuctionArena\frontend\node_modules\react-scripts\node_modules\jest-circus\build\utils.js:391:28)
    at new Promise (<anonymous>)
    at callAsyncCircusFn (C:\Users\Tringapps-User24\Desktop\TypeORM\AuctionArena\frontend\node_modules\react-scripts\node_modules\jest-circus\build\utils.js:316:10)
    at _callCircusTest (C:\Users\Tringapps-User24\Desktop\TypeORM\AuctionArena\frontend\node_modules\react-scripts\node_modules\jest-circus\build\run.js:218:40)
    at processTicksAndRejections (node:internal/process/task_queues:95:5)
    at _runTest (C:\Users\Tringapps-User24\Desktop\TypeORM\AuctionArena\frontend\node_modules\react-scripts\node_modules\jest-circus\build\run.js:155:3)
    at _runTestsForDescribeBlock (C:\Users\Tringapps-User24\Desktop\TypeORM\AuctionArena\frontend\node_modules\react-scripts\node_modules\jest-circus\build\run.js:66:9)
    at _runTestsForDescribeBlock (C:\Users\Tringapps-User24\Desktop\TypeORM\AuctionArena\frontend\node_modules\react-scripts\node_modules\jest-circus\build\run.js:60:9)
    at run (C:\Users\Tringapps-User24\Desktop\TypeORM\AuctionArena\frontend\node_modules\react-scripts\node_modules\jest-circus\build\run.js:25:3)
    at runAndTransformResultsToJestFormat (C:\Users\Tringapps-User24\Desktop\TypeORM\AuctionArena\frontend\node_modules\react-scripts\node_modules\jest-circus\build\legacy-code-todo-rewrite\jestAdapterInit.js:170:21)
    at jestAdapter (C:\Users\Tringapps-User24\Desktop\TypeORM\AuctionArena\frontend\node_modules\react-scripts\node_modules\jest-circus\build\legacy-code-todo-rewrite\jestAdapter.js:68:19)
    at runTestInternal (C:\Users\Tringapps-User24\Desktop\TypeORM\AuctionArena\frontend\node_modules\react-scripts\node_modules\jest-runner\build\runTest.js:389:16)
    at runTest (C:\Users\Tringapps-User24\Desktop\TypeORM\AuctionArena\frontend\node_modules\react-scripts\node_modules\jest-runner\build\runTest.js:475:34)
    at Object.worker (C:\Users\Tringapps-User24\Desktop\TypeORM\AuctionArena\frontend\node_modules\react-scripts\node_modules\jest-runner\build\testWorker.js:133:12)]]></failure>
    </testCase>
    <testCase name="Configuration Object should have the correct region" duration="1">
      <failure message="Error: expect(received).toBe(expected) // Object.is equality"><![CDATA[Error: expect(received).toBe(expected) // Object.is equality

Expected: "us-east-1"
Received: "ap-south-1"
    at Object.<anonymous> (C:\Users\Tringapps-User24\Desktop\TypeORM\AuctionArena\frontend\src\config\__test__\awsconfig.test.js:14:27)
    at Promise.then.completed (C:\Users\Tringapps-User24\Desktop\TypeORM\AuctionArena\frontend\node_modules\react-scripts\node_modules\jest-circus\build\utils.js:391:28)
    at new Promise (<anonymous>)
    at callAsyncCircusFn (C:\Users\Tringapps-User24\Desktop\TypeORM\AuctionArena\frontend\node_modules\react-scripts\node_modules\jest-circus\build\utils.js:316:10)
    at _callCircusTest (C:\Users\Tringapps-User24\Desktop\TypeORM\AuctionArena\frontend\node_modules\react-scripts\node_modules\jest-circus\build\run.js:218:40)
    at processTicksAndRejections (node:internal/process/task_queues:95:5)
    at _runTest (C:\Users\Tringapps-User24\Desktop\TypeORM\AuctionArena\frontend\node_modules\react-scripts\node_modules\jest-circus\build\run.js:155:3)
    at _runTestsForDescribeBlock (C:\Users\Tringapps-User24\Desktop\TypeORM\AuctionArena\frontend\node_modules\react-scripts\node_modules\jest-circus\build\run.js:66:9)
    at _runTestsForDescribeBlock (C:\Users\Tringapps-User24\Desktop\TypeORM\AuctionArena\frontend\node_modules\react-scripts\node_modules\jest-circus\build\run.js:60:9)
    at run (C:\Users\Tringapps-User24\Desktop\TypeORM\AuctionArena\frontend\node_modules\react-scripts\node_modules\jest-circus\build\run.js:25:3)
    at runAndTransformResultsToJestFormat (C:\Users\Tringapps-User24\Desktop\TypeORM\AuctionArena\frontend\node_modules\react-scripts\node_modules\jest-circus\build\legacy-code-todo-rewrite\jestAdapterInit.js:170:21)
    at jestAdapter (C:\Users\Tringapps-User24\Desktop\TypeORM\AuctionArena\frontend\node_modules\react-scripts\node_modules\jest-circus\build\legacy-code-todo-rewrite\jestAdapter.js:68:19)
    at runTestInternal (C:\Users\Tringapps-User24\Desktop\TypeORM\AuctionArena\frontend\node_modules\react-scripts\node_modules\jest-runner\build\runTest.js:389:16)
    at runTest (C:\Users\Tringapps-User24\Desktop\TypeORM\AuctionArena\frontend\node_modules\react-scripts\node_modules\jest-runner\build\runTest.js:475:34)
    at Object.worker (C:\Users\Tringapps-User24\Desktop\TypeORM\AuctionArena\frontend\node_modules\react-scripts\node_modules\jest-runner\build\testWorker.js:133:12)]]></failure>
    </testCase>
    <testCase name="Configuration Object should have the correct accessKeyId" duration="42">
      <failure message="Error: expect(received).toBe(expected) // Object.is equality"><![CDATA[Error: expect(received).toBe(expected) // Object.is equality

Expected: "test-access-key"
Received: "AKIA353XACXEPEINPLUP"
    at Object.<anonymous> (C:\Users\Tringapps-User24\Desktop\TypeORM\AuctionArena\frontend\src\config\__test__\awsconfig.test.js:18:32)
    at Promise.then.completed (C:\Users\Tringapps-User24\Desktop\TypeORM\AuctionArena\frontend\node_modules\react-scripts\node_modules\jest-circus\build\utils.js:391:28)
    at new Promise (<anonymous>)
    at callAsyncCircusFn (C:\Users\Tringapps-User24\Desktop\TypeORM\AuctionArena\frontend\node_modules\react-scripts\node_modules\jest-circus\build\utils.js:316:10)
    at _callCircusTest (C:\Users\Tringapps-User24\Desktop\TypeORM\AuctionArena\frontend\node_modules\react-scripts\node_modules\jest-circus\build\run.js:218:40)
    at processTicksAndRejections (node:internal/process/task_queues:95:5)
    at _runTest (C:\Users\Tringapps-User24\Desktop\TypeORM\AuctionArena\frontend\node_modules\react-scripts\node_modules\jest-circus\build\run.js:155:3)
    at _runTestsForDescribeBlock (C:\Users\Tringapps-User24\Desktop\TypeORM\AuctionArena\frontend\node_modules\react-scripts\node_modules\jest-circus\build\run.js:66:9)
    at _runTestsForDescribeBlock (C:\Users\Tringapps-User24\Desktop\TypeORM\AuctionArena\frontend\node_modules\react-scripts\node_modules\jest-circus\build\run.js:60:9)
    at run (C:\Users\Tringapps-User24\Desktop\TypeORM\AuctionArena\frontend\node_modules\react-scripts\node_modules\jest-circus\build\run.js:25:3)
    at runAndTransformResultsToJestFormat (C:\Users\Tringapps-User24\Desktop\TypeORM\AuctionArena\frontend\node_modules\react-scripts\node_modules\jest-circus\build\legacy-code-todo-rewrite\jestAdapterInit.js:170:21)
    at jestAdapter (C:\Users\Tringapps-User24\Desktop\TypeORM\AuctionArena\frontend\node_modules\react-scripts\node_modules\jest-circus\build\legacy-code-todo-rewrite\jestAdapter.js:68:19)
    at runTestInternal (C:\Users\Tringapps-User24\Desktop\TypeORM\AuctionArena\frontend\node_modules\react-scripts\node_modules\jest-runner\build\runTest.js:389:16)
    at runTest (C:\Users\Tringapps-User24\Desktop\TypeORM\AuctionArena\frontend\node_modules\react-scripts\node_modules\jest-runner\build\runTest.js:475:34)
    at Object.worker (C:\Users\Tringapps-User24\Desktop\TypeORM\AuctionArena\frontend\node_modules\react-scripts\node_modules\jest-runner\build\testWorker.js:133:12)]]></failure>
    </testCase>
    <testCase name="Configuration Object should have the correct secretAccessKey" duration="2">
      <failure message="Error: expect(received).toBe(expected) // Object.is equality"><![CDATA[Error: expect(received).toBe(expected) // Object.is equality

Expected: "test-secret-key"
Received: "i59uVR1v92+OcfsSh4Tcc5nqmSoUpn7xvjAA0/DV"
    at Object.<anonymous> (C:\Users\Tringapps-User24\Desktop\TypeORM\AuctionArena\frontend\src\config\__test__\awsconfig.test.js:22:36)
    at Promise.then.completed (C:\Users\Tringapps-User24\Desktop\TypeORM\AuctionArena\frontend\node_modules\react-scripts\node_modules\jest-circus\build\utils.js:391:28)
    at new Promise (<anonymous>)
    at callAsyncCircusFn (C:\Users\Tringapps-User24\Desktop\TypeORM\AuctionArena\frontend\node_modules\react-scripts\node_modules\jest-circus\build\utils.js:316:10)
    at _callCircusTest (C:\Users\Tringapps-User24\Desktop\TypeORM\AuctionArena\frontend\node_modules\react-scripts\node_modules\jest-circus\build\run.js:218:40)
    at processTicksAndRejections (node:internal/process/task_queues:95:5)
    at _runTest (C:\Users\Tringapps-User24\Desktop\TypeORM\AuctionArena\frontend\node_modules\react-scripts\node_modules\jest-circus\build\run.js:155:3)
    at _runTestsForDescribeBlock (C:\Users\Tringapps-User24\Desktop\TypeORM\AuctionArena\frontend\node_modules\react-scripts\node_modules\jest-circus\build\run.js:66:9)
    at _runTestsForDescribeBlock (C:\Users\Tringapps-User24\Desktop\TypeORM\AuctionArena\frontend\node_modules\react-scripts\node_modules\jest-circus\build\run.js:60:9)
    at run (C:\Users\Tringapps-User24\Desktop\TypeORM\AuctionArena\frontend\node_modules\react-scripts\node_modules\jest-circus\build\run.js:25:3)
    at runAndTransformResultsToJestFormat (C:\Users\Tringapps-User24\Desktop\TypeORM\AuctionArena\frontend\node_modules\react-scripts\node_modules\jest-circus\build\legacy-code-todo-rewrite\jestAdapterInit.js:170:21)
    at jestAdapter (C:\Users\Tringapps-User24\Desktop\TypeORM\AuctionArena\frontend\node_modules\react-scripts\node_modules\jest-circus\build\legacy-code-todo-rewrite\jestAdapter.js:68:19)
    at runTestInternal (C:\Users\Tringapps-User24\Desktop\TypeORM\AuctionArena\frontend\node_modules\react-scripts\node_modules\jest-runner\build\runTest.js:389:16)
    at runTest (C:\Users\Tringapps-User24\Desktop\TypeORM\AuctionArena\frontend\node_modules\react-scripts\node_modules\jest-runner\build\runTest.js:475:34)
    at Object.worker (C:\Users\Tringapps-User24\Desktop\TypeORM\AuctionArena\frontend\node_modules\react-scripts\node_modules\jest-runner\build\testWorker.js:133:12)]]></failure>
    </testCase>
  </file>
  <file path="C:\Users\Tringapps-User24\Desktop\TypeORM\AuctionArena\frontend\src\Modules\TeamDetails\__test__\CreateTeam.test.js">
    <testCase name="&lt;Addplayer&gt; Create player" duration="415">
      <failure message="Error: expect(jest.fn()).toHaveBeenCalledWith(...expected)"><![CDATA[Error: expect(jest.fn()).toHaveBeenCalledWith(...expected)

- Expected
+ Received

  Object {
-   "message": "Team Added",
-   "status": "success",
+   "message": "Team Shortcut Key Already Exits for this Auction",
+   "status": "error",
  },

Number of calls: 1
    at Object.<anonymous> (C:\Users\Tringapps-User24\Desktop\TypeORM\AuctionArena\frontend\src\Modules\TeamDetails\__test__\CreateTeam.test.js:132:30)]]></failure>
    </testCase>
    <testCase name="&lt;Addplayer&gt; Update player" duration="555"/>
  </file>
  <file path="C:\Users\Tringapps-User24\Desktop\TypeORM\AuctionArena\frontend\src\Modules\User\__test__\ForgotPassword.test.js">
<<<<<<< HEAD
    <testCase name="ForgotPassword renders the form with email input" duration="964">
=======
    <testCase name="ForgotPassword renders the form with email input" duration="1238">
>>>>>>> e18bce3a2fb0dce7da6d3f5a56cf43802c736d64
>>>>>>> b8ff30ae299bf7ac79a0b247b0eef06ef6f0e52b
      <failure message="TestingLibraryElementError: Unable to find an element with the placeholder text of: Password"><![CDATA[TestingLibraryElementError: Unable to find an element with the placeholder text of: Password

Ignored nodes: comments, script, style
<body>
  <div>
    <form
      class="formContainer"
    >
      <h1
        class="formLabel"
      >
        Forgot Password
      </h1>
      <svg
        class="formClose"
        data-testid="close-button"
        fill="currentColor"
        height="1em"
        stroke="currentColor"
        stroke-width="0"
        viewBox="0 0 1024 1024"
        width="1em"
        xmlns="http://www.w3.org/2000/svg"
      >
        <path
          d="M512 64C264.6 64 64 264.6 64 512s200.6 448 448 448 448-200.6 448-448S759.4 64 512 64zm165.4 618.2l-66-.3L512 563.4l-99.3 118.4-66.1.3c-4.4 0-8-3.5-8-8 0-1.9.7-3.7 1.9-5.2l130.1-155L340.5 359a8.32 8.32 0 0 1-1.9-5.2c0-4.4 3.6-8 8-8l66.1.3L512 464.6l99.3-118.4 66-.3c4.4 0 8 3.5 8 8 0 1.9-.7 3.7-1.9 5.2L553.5 514l130 155c1.2 1.5 1.9 3.3 1.9 5.2 0 4.4-3.6 8-8 8z"
        />
      </svg>
      <div
        class="inputGrid"
      >
        <svg
          class="labelIcon"
          fill="currentColor"
          height="1em"
          stroke="currentColor"
          stroke-width="0"
          viewBox="0 0 512 512"
          width="1em"
          xmlns="http://www.w3.org/2000/svg"
        >
          <path
            d="M256 288c79.5 0 144-64.5 144-144S335.5 0 256 0 112 64.5 112 144s64.5 144 144 144zm128 32h-55.1c-22.2 10.2-46.9 16-72.9 16s-50.6-5.8-72.9-16H128C57.3 320 0 377.3 0 448v16c0 26.5 21.5 48 48 48h416c26.5 0 48-21.5 48-48v-16c0-70.7-57.3-128-128-128z"
          />
        </svg>
        <input
          class="formInput"
          id="email"
          name="email"
          placeholder="Email"
          type="email"
          value="prasanna.tamilan2002@gmail.com"
        />
      </div>
      <label
        class="validate"
      />
      <a
        class="formLink"
        href="#"
      >
        Request otp
      </a>
      <div
        class="inputGrid"
      >
        <svg
          class="labelIcon"
          fill="currentColor"
          height="1em"
          stroke="currentColor"
          stroke-width="0"
          viewBox="0 0 24 24"
          width="1em"
          xmlns="http://www.w3.org/2000/svg"
        >
          <path
            d="M12 2C6.486 2 2 6.486 2 12s4.486 10 10 10 10-4.486 10-10S17.514 2 12 2zm3.293 14.707L11 12.414V6h2v5.586l3.707 3.707-1.414 1.414z"
          />
        </svg>
        <input
          class="formInput"
          id="otp"
          name="otp"
          placeholder="Enter Otp"
          type="text"
        />
      </div>
      <label
        class="validate"
      />
      <label
        class="validate"
      />
      <input
        class="formSubmit"
        type="submit"
        value="Submit"
      />
      <div
        class="innerGrid"
      >
        <a
          class="formLink"
          href="/login"
        >
          Back to login
        </a>
      </div>
    </form>
  </div>
</body>
<<<<<<< HEAD
    at Object.getElementError (C:\Users\Tringapps-User5\OneDrive\Desktop\nest-app\AuctionArena\frontend\node_modules\@testing-library\dom\dist\config.js:37:19)
    at allQuery (C:\Users\Tringapps-User5\OneDrive\Desktop\nest-app\AuctionArena\frontend\node_modules\@testing-library\dom\dist\query-helpers.js:76:38)
    at query (C:\Users\Tringapps-User5\OneDrive\Desktop\nest-app\AuctionArena\frontend\node_modules\@testing-library\dom\dist\query-helpers.js:52:17)
    at getByPlaceholderText (C:\Users\Tringapps-User5\OneDrive\Desktop\nest-app\AuctionArena\frontend\node_modules\@testing-library\dom\dist\query-helpers.js:95:19)
    at Object.<anonymous> (C:\Users\Tringapps-User5\OneDrive\Desktop\nest-app\AuctionArena\frontend\src\Modules\User\__test__\ForgotPassword.test.js:106:19)]]></failure>
    </testCase>
    <testCase name="ForgotPassword close form" duration="66"/>
  </file>
  <file path="C:\Users\Tringapps-User5\OneDrive\Desktop\nest-app\AuctionArena\frontend\src\Modules\User\__test__\Register.test.js">
    <testCase name="Register RegisterLayout" duration="812"/>
    <testCase name="Register RegisterError" duration="666"/>
    <testCase name="Register Otp Error" duration="169">
=======
    at Object.getElementError (C:\Users\Tringapps-User24\Desktop\TypeORM\AuctionArena\frontend\node_modules\@testing-library\dom\dist\config.js:37:19)
    at allQuery (C:\Users\Tringapps-User24\Desktop\TypeORM\AuctionArena\frontend\node_modules\@testing-library\dom\dist\query-helpers.js:76:38)
    at query (C:\Users\Tringapps-User24\Desktop\TypeORM\AuctionArena\frontend\node_modules\@testing-library\dom\dist\query-helpers.js:52:17)
    at getByPlaceholderText (C:\Users\Tringapps-User24\Desktop\TypeORM\AuctionArena\frontend\node_modules\@testing-library\dom\dist\query-helpers.js:95:19)
    at Object.<anonymous> (C:\Users\Tringapps-User24\Desktop\TypeORM\AuctionArena\frontend\src\Modules\User\__test__\ForgotPassword.test.js:106:19)]]></failure>
    </testCase>
    <testCase name="ForgotPassword close form" duration="58"/>
  </file>
  <file path="C:\Users\Tringapps-User24\Desktop\TypeORM\AuctionArena\frontend\src\Modules\User\__test__\Register.test.js">
<<<<<<< HEAD
    <testCase name="Register RegisterLayout" duration="483"/>
    <testCase name="Register RegisterError" duration="477"/>
    <testCase name="Register Otp Error" duration="126">
=======
    <testCase name="Register RegisterLayout" duration="649"/>
    <testCase name="Register RegisterError" duration="567"/>
    <testCase name="Register Otp Error" duration="187">
>>>>>>> e18bce3a2fb0dce7da6d3f5a56cf43802c736d64
>>>>>>> b8ff30ae299bf7ac79a0b247b0eef06ef6f0e52b
      <failure message="ApolloError: No more mocked responses for the query: query resendOtp($email: String!) {"><![CDATA[ApolloError: No more mocked responses for the query: query resendOtp($email: String!) {
  resendOtp(email: $email)
}
Expected variables: {"email":""}

Failed to match 1 mock for this query. The mocked response had the following variables:
  {"email":"test@gmail.com"}

<<<<<<< HEAD
    at new ApolloError (C:\Users\Tringapps-User5\OneDrive\Desktop\nest-app\AuctionArena\frontend\node_modules\@apollo\client\errors\index.js:26:28)
    at examiner (C:\Users\Tringapps-User5\OneDrive\Desktop\nest-app\AuctionArena\frontend\node_modules\@apollo\client\core\QueryManager.js:668:19)
    at callback (C:\Users\Tringapps-User5\OneDrive\Desktop\nest-app\AuctionArena\frontend\node_modules\@apollo\client\utilities\observables\asyncMap.js:16:53)
    at C:\Users\Tringapps-User5\OneDrive\Desktop\nest-app\AuctionArena\frontend\node_modules\@apollo\client\utilities\observables\asyncMap.js:9:72
    at new Promise (<anonymous>)
    at Object.then (C:\Users\Tringapps-User5\OneDrive\Desktop\nest-app\AuctionArena\frontend\node_modules\@apollo\client\utilities\observables\asyncMap.js:9:24)
    at Object.call [as error] (C:\Users\Tringapps-User5\OneDrive\Desktop\nest-app\AuctionArena\frontend\node_modules\@apollo\client\utilities\observables\asyncMap.js:17:49)
    at notifySubscription (C:\Users\Tringapps-User5\OneDrive\Desktop\nest-app\AuctionArena\frontend\node_modules\zen-observable\lib\Observable.js:140:18)
    at onNotify (C:\Users\Tringapps-User5\OneDrive\Desktop\nest-app\AuctionArena\frontend\node_modules\zen-observable\lib\Observable.js:179:3)
    at SubscriptionObserver.error (C:\Users\Tringapps-User5\OneDrive\Desktop\nest-app\AuctionArena\frontend\node_modules\zen-observable\lib\Observable.js:240:7)
    at forEach (C:\Users\Tringapps-User5\OneDrive\Desktop\nest-app\AuctionArena\frontend\node_modules\@apollo\client\utilities\observables\iteration.js:4:68)
    at Array.forEach (<anonymous>)
    at iterateObserversSafely (C:\Users\Tringapps-User5\OneDrive\Desktop\nest-app\AuctionArena\frontend\node_modules\@apollo\client\utilities\observables\iteration.js:4:25)
    at Object.call [as error] (C:\Users\Tringapps-User5\OneDrive\Desktop\nest-app\AuctionArena\frontend\node_modules\@apollo\client\utilities\observables\Concast.js:37:21)
    at notifySubscription (C:\Users\Tringapps-User5\OneDrive\Desktop\nest-app\AuctionArena\frontend\node_modules\zen-observable\lib\Observable.js:140:18)
    at onNotify (C:\Users\Tringapps-User5\OneDrive\Desktop\nest-app\AuctionArena\frontend\node_modules\zen-observable\lib\Observable.js:179:3)
    at SubscriptionObserver.error (C:\Users\Tringapps-User5\OneDrive\Desktop\nest-app\AuctionArena\frontend\node_modules\zen-observable\lib\Observable.js:240:7)
    at MockLink.onError (C:\Users\Tringapps-User5\OneDrive\Desktop\nest-app\AuctionArena\frontend\node_modules\@apollo\client\link\core\ApolloLink.js:78:22)
    at C:\Users\Tringapps-User5\OneDrive\Desktop\nest-app\AuctionArena\frontend\node_modules\@apollo\client\testing\core\mocking\mockLink.js:84:35
    at Timeout.task (C:\Users\Tringapps-User5\OneDrive\Desktop\nest-app\AuctionArena\frontend\node_modules\jsdom\lib\jsdom\browser\Window.js:516:19)
    at listOnTimeout (node:internal/timers:564:17)
    at processTimers (node:internal/timers:507:7)]]></failure>
    </testCase>
    <testCase name="Register close form" duration="76"/>
  </file>
  <file path="C:\Users\Tringapps-User5\OneDrive\Desktop\nest-app\AuctionArena\frontend\src\Modules\User\__test__\AlertContext.test.js">
    <testCase name="AlertContext initializes with default state" duration="38"/>
    <testCase name="AlertContext updates state when setAlert is called" duration="69">
=======
    at new ApolloError (C:\Users\Tringapps-User24\Desktop\TypeORM\AuctionArena\frontend\node_modules\@apollo\client\errors\index.js:26:28)
    at examiner (C:\Users\Tringapps-User24\Desktop\TypeORM\AuctionArena\frontend\node_modules\@apollo\client\core\QueryManager.js:668:19)
    at callback (C:\Users\Tringapps-User24\Desktop\TypeORM\AuctionArena\frontend\node_modules\@apollo\client\utilities\observables\asyncMap.js:16:53)
    at C:\Users\Tringapps-User24\Desktop\TypeORM\AuctionArena\frontend\node_modules\@apollo\client\utilities\observables\asyncMap.js:9:72
    at new Promise (<anonymous>)
    at Object.then (C:\Users\Tringapps-User24\Desktop\TypeORM\AuctionArena\frontend\node_modules\@apollo\client\utilities\observables\asyncMap.js:9:24)
    at Object.call [as error] (C:\Users\Tringapps-User24\Desktop\TypeORM\AuctionArena\frontend\node_modules\@apollo\client\utilities\observables\asyncMap.js:17:49)
    at notifySubscription (C:\Users\Tringapps-User24\Desktop\TypeORM\AuctionArena\frontend\node_modules\zen-observable\lib\Observable.js:140:18)
    at onNotify (C:\Users\Tringapps-User24\Desktop\TypeORM\AuctionArena\frontend\node_modules\zen-observable\lib\Observable.js:179:3)
    at SubscriptionObserver.error (C:\Users\Tringapps-User24\Desktop\TypeORM\AuctionArena\frontend\node_modules\zen-observable\lib\Observable.js:240:7)
    at forEach (C:\Users\Tringapps-User24\Desktop\TypeORM\AuctionArena\frontend\node_modules\@apollo\client\utilities\observables\iteration.js:4:68)
    at Array.forEach (<anonymous>)
    at iterateObserversSafely (C:\Users\Tringapps-User24\Desktop\TypeORM\AuctionArena\frontend\node_modules\@apollo\client\utilities\observables\iteration.js:4:25)
    at Object.call [as error] (C:\Users\Tringapps-User24\Desktop\TypeORM\AuctionArena\frontend\node_modules\@apollo\client\utilities\observables\Concast.js:37:21)
    at notifySubscription (C:\Users\Tringapps-User24\Desktop\TypeORM\AuctionArena\frontend\node_modules\zen-observable\lib\Observable.js:140:18)
    at onNotify (C:\Users\Tringapps-User24\Desktop\TypeORM\AuctionArena\frontend\node_modules\zen-observable\lib\Observable.js:179:3)
    at SubscriptionObserver.error (C:\Users\Tringapps-User24\Desktop\TypeORM\AuctionArena\frontend\node_modules\zen-observable\lib\Observable.js:240:7)
    at MockLink.onError (C:\Users\Tringapps-User24\Desktop\TypeORM\AuctionArena\frontend\node_modules\@apollo\client\link\core\ApolloLink.js:78:22)
    at C:\Users\Tringapps-User24\Desktop\TypeORM\AuctionArena\frontend\node_modules\@apollo\client\testing\core\mocking\mockLink.js:84:35
    at Timeout.task (C:\Users\Tringapps-User24\Desktop\TypeORM\AuctionArena\frontend\node_modules\jsdom\lib\jsdom\browser\Window.js:516:19)
    at listOnTimeout (node:internal/timers:569:17)
    at processTimers (node:internal/timers:512:7)]]></failure>
    </testCase>
    <testCase name="Register close form" duration="54"/>
  </file>
  <file path="C:\Users\Tringapps-User24\Desktop\TypeORM\AuctionArena\frontend\src\Modules\User\__test__\AlertContext.test.js">
<<<<<<< HEAD
    <testCase name="AlertContext initializes with default state" duration="24"/>
    <testCase name="AlertContext updates state when setAlert is called" duration="16">
=======
    <testCase name="AlertContext initializes with default state" duration="45"/>
    <testCase name="AlertContext updates state when setAlert is called" duration="41">
>>>>>>> e18bce3a2fb0dce7da6d3f5a56cf43802c736d64
>>>>>>> b8ff30ae299bf7ac79a0b247b0eef06ef6f0e52b
      <failure message="Error: expect(element).toHaveTextContent()"><![CDATA[Error: expect(element).toHaveTextContent()

Expected element to have text content:
  Alert Message
Received:
  Click Me
<<<<<<< HEAD
    at Object.<anonymous> (C:\Users\Tringapps-User5\OneDrive\Desktop\nest-app\AuctionArena\frontend\src\Modules\User\__test__\AlertContext.test.js:43:23)
    at Promise.then.completed (C:\Users\Tringapps-User5\OneDrive\Desktop\nest-app\AuctionArena\frontend\node_modules\react-scripts\node_modules\jest-circus\build\utils.js:391:28)
    at new Promise (<anonymous>)
    at callAsyncCircusFn (C:\Users\Tringapps-User5\OneDrive\Desktop\nest-app\AuctionArena\frontend\node_modules\react-scripts\node_modules\jest-circus\build\utils.js:316:10)
    at _callCircusTest (C:\Users\Tringapps-User5\OneDrive\Desktop\nest-app\AuctionArena\frontend\node_modules\react-scripts\node_modules\jest-circus\build\run.js:218:40)
    at processTicksAndRejections (node:internal/process/task_queues:95:5)
    at _runTest (C:\Users\Tringapps-User5\OneDrive\Desktop\nest-app\AuctionArena\frontend\node_modules\react-scripts\node_modules\jest-circus\build\run.js:155:3)
    at _runTestsForDescribeBlock (C:\Users\Tringapps-User5\OneDrive\Desktop\nest-app\AuctionArena\frontend\node_modules\react-scripts\node_modules\jest-circus\build\run.js:66:9)
    at _runTestsForDescribeBlock (C:\Users\Tringapps-User5\OneDrive\Desktop\nest-app\AuctionArena\frontend\node_modules\react-scripts\node_modules\jest-circus\build\run.js:60:9)
    at run (C:\Users\Tringapps-User5\OneDrive\Desktop\nest-app\AuctionArena\frontend\node_modules\react-scripts\node_modules\jest-circus\build\run.js:25:3)
    at runAndTransformResultsToJestFormat (C:\Users\Tringapps-User5\OneDrive\Desktop\nest-app\AuctionArena\frontend\node_modules\react-scripts\node_modules\jest-circus\build\legacy-code-todo-rewrite\jestAdapterInit.js:170:21)
    at jestAdapter (C:\Users\Tringapps-User5\OneDrive\Desktop\nest-app\AuctionArena\frontend\node_modules\react-scripts\node_modules\jest-circus\build\legacy-code-todo-rewrite\jestAdapter.js:68:19)
    at runTestInternal (C:\Users\Tringapps-User5\OneDrive\Desktop\nest-app\AuctionArena\frontend\node_modules\react-scripts\node_modules\jest-runner\build\runTest.js:389:16)
    at runTest (C:\Users\Tringapps-User5\OneDrive\Desktop\nest-app\AuctionArena\frontend\node_modules\react-scripts\node_modules\jest-runner\build\runTest.js:475:34)
    at Object.worker (C:\Users\Tringapps-User5\OneDrive\Desktop\nest-app\AuctionArena\frontend\node_modules\react-scripts\node_modules\jest-runner\build\testWorker.js:133:12)]]></failure>
    </testCase>
    <testCase name="AlertContext updates state after a timeout" duration="13"/>
  </file>
  <file path="C:\Users\Tringapps-User5\OneDrive\Desktop\nest-app\AuctionArena\frontend\src\Modules\Home\__tests__\todayauction.test.js">
    <testCase name="&lt;Todayauction&gt; should render loading spinner when isLoading is true" duration="216"/>
    <testCase name="&lt;Todayauction&gt; should render &quot;No data available&quot; when there is no auctionData" duration="57"/>
    <testCase name="&lt;Todayauction&gt; should render auction items when there is data" duration="52">
      <failure message="TestingLibraryElementError: Unable to find an element by: [data-testid=&quot;auction-item&quot;]"><![CDATA[TestingLibraryElementError: Unable to find an element by: [data-testid="auction-item"]

Ignored nodes: comments, script, style
<body>
  <div />
</body>
    at Object.getElementError (C:\Users\Tringapps-User5\OneDrive\Desktop\nest-app\AuctionArena\frontend\node_modules\@testing-library\dom\dist\config.js:37:19)
    at query (C:\Users\Tringapps-User5\OneDrive\Desktop\nest-app\AuctionArena\frontend\node_modules\@testing-library\dom\dist\query-helpers.js:76:38)
    at getAllByTestId (C:\Users\Tringapps-User5\OneDrive\Desktop\nest-app\AuctionArena\frontend\node_modules\@testing-library\dom\dist\query-helpers.js:109:15)
    at Object.<anonymous> (C:\Users\Tringapps-User5\OneDrive\Desktop\nest-app\AuctionArena\frontend\src\Modules\Home\__tests__\todayauction.test.js:60:33)
    at Promise.then.completed (C:\Users\Tringapps-User5\OneDrive\Desktop\nest-app\AuctionArena\frontend\node_modules\react-scripts\node_modules\jest-circus\build\utils.js:391:28)
    at new Promise (<anonymous>)
    at callAsyncCircusFn (C:\Users\Tringapps-User5\OneDrive\Desktop\nest-app\AuctionArena\frontend\node_modules\react-scripts\node_modules\jest-circus\build\utils.js:316:10)
    at _callCircusTest (C:\Users\Tringapps-User5\OneDrive\Desktop\nest-app\AuctionArena\frontend\node_modules\react-scripts\node_modules\jest-circus\build\run.js:218:40)
    at processTicksAndRejections (node:internal/process/task_queues:95:5)
    at _runTest (C:\Users\Tringapps-User5\OneDrive\Desktop\nest-app\AuctionArena\frontend\node_modules\react-scripts\node_modules\jest-circus\build\run.js:155:3)
    at _runTestsForDescribeBlock (C:\Users\Tringapps-User5\OneDrive\Desktop\nest-app\AuctionArena\frontend\node_modules\react-scripts\node_modules\jest-circus\build\run.js:66:9)
    at _runTestsForDescribeBlock (C:\Users\Tringapps-User5\OneDrive\Desktop\nest-app\AuctionArena\frontend\node_modules\react-scripts\node_modules\jest-circus\build\run.js:60:9)
    at run (C:\Users\Tringapps-User5\OneDrive\Desktop\nest-app\AuctionArena\frontend\node_modules\react-scripts\node_modules\jest-circus\build\run.js:25:3)
    at runAndTransformResultsToJestFormat (C:\Users\Tringapps-User5\OneDrive\Desktop\nest-app\AuctionArena\frontend\node_modules\react-scripts\node_modules\jest-circus\build\legacy-code-todo-rewrite\jestAdapterInit.js:170:21)
    at jestAdapter (C:\Users\Tringapps-User5\OneDrive\Desktop\nest-app\AuctionArena\frontend\node_modules\react-scripts\node_modules\jest-circus\build\legacy-code-todo-rewrite\jestAdapter.js:68:19)
    at runTestInternal (C:\Users\Tringapps-User5\OneDrive\Desktop\nest-app\AuctionArena\frontend\node_modules\react-scripts\node_modules\jest-runner\build\runTest.js:389:16)
    at runTest (C:\Users\Tringapps-User5\OneDrive\Desktop\nest-app\AuctionArena\frontend\node_modules\react-scripts\node_modules\jest-runner\build\runTest.js:475:34)
    at Object.worker (C:\Users\Tringapps-User5\OneDrive\Desktop\nest-app\AuctionArena\frontend\node_modules\react-scripts\node_modules\jest-runner\build\testWorker.js:133:12)]]></failure>
    </testCase>
    <testCase name="&lt;Todayauction&gt; should call imageChangeHandler when a circle is clicked" duration="12">
      <failure message="TestingLibraryElementError: Unable to find an element by: [data-testid=&quot;circle-0&quot;]"><![CDATA[TestingLibraryElementError: Unable to find an element by: [data-testid="circle-0"]

Ignored nodes: comments, script, style
<body>
  <div />
</body>
    at Object.getElementError (C:\Users\Tringapps-User5\OneDrive\Desktop\nest-app\AuctionArena\frontend\node_modules\@testing-library\dom\dist\config.js:37:19)
    at query (C:\Users\Tringapps-User5\OneDrive\Desktop\nest-app\AuctionArena\frontend\node_modules\@testing-library\dom\dist\query-helpers.js:76:38)
    at getAllByTestId (C:\Users\Tringapps-User5\OneDrive\Desktop\nest-app\AuctionArena\frontend\node_modules\@testing-library\dom\dist\query-helpers.js:109:15)
    at Object.<anonymous> (C:\Users\Tringapps-User5\OneDrive\Desktop\nest-app\AuctionArena\frontend\src\Modules\Home\__tests__\todayauction.test.js:73:32)
    at Promise.then.completed (C:\Users\Tringapps-User5\OneDrive\Desktop\nest-app\AuctionArena\frontend\node_modules\react-scripts\node_modules\jest-circus\build\utils.js:391:28)
    at new Promise (<anonymous>)
    at callAsyncCircusFn (C:\Users\Tringapps-User5\OneDrive\Desktop\nest-app\AuctionArena\frontend\node_modules\react-scripts\node_modules\jest-circus\build\utils.js:316:10)
    at _callCircusTest (C:\Users\Tringapps-User5\OneDrive\Desktop\nest-app\AuctionArena\frontend\node_modules\react-scripts\node_modules\jest-circus\build\run.js:218:40)
    at processTicksAndRejections (node:internal/process/task_queues:95:5)
    at _runTest (C:\Users\Tringapps-User5\OneDrive\Desktop\nest-app\AuctionArena\frontend\node_modules\react-scripts\node_modules\jest-circus\build\run.js:155:3)
    at _runTestsForDescribeBlock (C:\Users\Tringapps-User5\OneDrive\Desktop\nest-app\AuctionArena\frontend\node_modules\react-scripts\node_modules\jest-circus\build\run.js:66:9)
    at _runTestsForDescribeBlock (C:\Users\Tringapps-User5\OneDrive\Desktop\nest-app\AuctionArena\frontend\node_modules\react-scripts\node_modules\jest-circus\build\run.js:60:9)
    at run (C:\Users\Tringapps-User5\OneDrive\Desktop\nest-app\AuctionArena\frontend\node_modules\react-scripts\node_modules\jest-circus\build\run.js:25:3)
    at runAndTransformResultsToJestFormat (C:\Users\Tringapps-User5\OneDrive\Desktop\nest-app\AuctionArena\frontend\node_modules\react-scripts\node_modules\jest-circus\build\legacy-code-todo-rewrite\jestAdapterInit.js:170:21)
    at jestAdapter (C:\Users\Tringapps-User5\OneDrive\Desktop\nest-app\AuctionArena\frontend\node_modules\react-scripts\node_modules\jest-circus\build\legacy-code-todo-rewrite\jestAdapter.js:68:19)
    at runTestInternal (C:\Users\Tringapps-User5\OneDrive\Desktop\nest-app\AuctionArena\frontend\node_modules\react-scripts\node_modules\jest-runner\build\runTest.js:389:16)
    at runTest (C:\Users\Tringapps-User5\OneDrive\Desktop\nest-app\AuctionArena\frontend\node_modules\react-scripts\node_modules\jest-runner\build\runTest.js:475:34)
    at Object.worker (C:\Users\Tringapps-User5\OneDrive\Desktop\nest-app\AuctionArena\frontend\node_modules\react-scripts\node_modules\jest-runner\build\testWorker.js:133:12)]]></failure>
    </testCase>
  </file>
  <file path="C:\Users\Tringapps-User5\OneDrive\Desktop\nest-app\AuctionArena\frontend\src\config\__test__\awsconfig.test.js">
    <testCase name="Configuration Object should have the correct bucketName" duration="12">
      <failure message="Error: expect(received).toBe(expected) // Object.is equality"><![CDATA[Error: expect(received).toBe(expected) // Object.is equality

Expected: "test-bucket"
Received: "auctionarena"
    at Object.<anonymous> (C:\Users\Tringapps-User5\OneDrive\Desktop\nest-app\AuctionArena\frontend\src\config\__test__\awsconfig.test.js:10:31)
    at Promise.then.completed (C:\Users\Tringapps-User5\OneDrive\Desktop\nest-app\AuctionArena\frontend\node_modules\react-scripts\node_modules\jest-circus\build\utils.js:391:28)
    at new Promise (<anonymous>)
    at callAsyncCircusFn (C:\Users\Tringapps-User5\OneDrive\Desktop\nest-app\AuctionArena\frontend\node_modules\react-scripts\node_modules\jest-circus\build\utils.js:316:10)
    at _callCircusTest (C:\Users\Tringapps-User5\OneDrive\Desktop\nest-app\AuctionArena\frontend\node_modules\react-scripts\node_modules\jest-circus\build\run.js:218:40)
    at processTicksAndRejections (node:internal/process/task_queues:95:5)
    at _runTest (C:\Users\Tringapps-User5\OneDrive\Desktop\nest-app\AuctionArena\frontend\node_modules\react-scripts\node_modules\jest-circus\build\run.js:155:3)
    at _runTestsForDescribeBlock (C:\Users\Tringapps-User5\OneDrive\Desktop\nest-app\AuctionArena\frontend\node_modules\react-scripts\node_modules\jest-circus\build\run.js:66:9)
    at _runTestsForDescribeBlock (C:\Users\Tringapps-User5\OneDrive\Desktop\nest-app\AuctionArena\frontend\node_modules\react-scripts\node_modules\jest-circus\build\run.js:60:9)
    at run (C:\Users\Tringapps-User5\OneDrive\Desktop\nest-app\AuctionArena\frontend\node_modules\react-scripts\node_modules\jest-circus\build\run.js:25:3)
    at runAndTransformResultsToJestFormat (C:\Users\Tringapps-User5\OneDrive\Desktop\nest-app\AuctionArena\frontend\node_modules\react-scripts\node_modules\jest-circus\build\legacy-code-todo-rewrite\jestAdapterInit.js:170:21)
    at jestAdapter (C:\Users\Tringapps-User5\OneDrive\Desktop\nest-app\AuctionArena\frontend\node_modules\react-scripts\node_modules\jest-circus\build\legacy-code-todo-rewrite\jestAdapter.js:68:19)
    at runTestInternal (C:\Users\Tringapps-User5\OneDrive\Desktop\nest-app\AuctionArena\frontend\node_modules\react-scripts\node_modules\jest-runner\build\runTest.js:389:16)
    at runTest (C:\Users\Tringapps-User5\OneDrive\Desktop\nest-app\AuctionArena\frontend\node_modules\react-scripts\node_modules\jest-runner\build\runTest.js:475:34)
    at Object.worker (C:\Users\Tringapps-User5\OneDrive\Desktop\nest-app\AuctionArena\frontend\node_modules\react-scripts\node_modules\jest-runner\build\testWorker.js:133:12)]]></failure>
    </testCase>
    <testCase name="Configuration Object should have the correct region" duration="1">
      <failure message="Error: expect(received).toBe(expected) // Object.is equality"><![CDATA[Error: expect(received).toBe(expected) // Object.is equality

Expected: "us-east-1"
Received: "ap-south-1"
    at Object.<anonymous> (C:\Users\Tringapps-User5\OneDrive\Desktop\nest-app\AuctionArena\frontend\src\config\__test__\awsconfig.test.js:14:27)
    at Promise.then.completed (C:\Users\Tringapps-User5\OneDrive\Desktop\nest-app\AuctionArena\frontend\node_modules\react-scripts\node_modules\jest-circus\build\utils.js:391:28)
    at new Promise (<anonymous>)
    at callAsyncCircusFn (C:\Users\Tringapps-User5\OneDrive\Desktop\nest-app\AuctionArena\frontend\node_modules\react-scripts\node_modules\jest-circus\build\utils.js:316:10)
    at _callCircusTest (C:\Users\Tringapps-User5\OneDrive\Desktop\nest-app\AuctionArena\frontend\node_modules\react-scripts\node_modules\jest-circus\build\run.js:218:40)
    at processTicksAndRejections (node:internal/process/task_queues:95:5)
    at _runTest (C:\Users\Tringapps-User5\OneDrive\Desktop\nest-app\AuctionArena\frontend\node_modules\react-scripts\node_modules\jest-circus\build\run.js:155:3)
    at _runTestsForDescribeBlock (C:\Users\Tringapps-User5\OneDrive\Desktop\nest-app\AuctionArena\frontend\node_modules\react-scripts\node_modules\jest-circus\build\run.js:66:9)
    at _runTestsForDescribeBlock (C:\Users\Tringapps-User5\OneDrive\Desktop\nest-app\AuctionArena\frontend\node_modules\react-scripts\node_modules\jest-circus\build\run.js:60:9)
    at run (C:\Users\Tringapps-User5\OneDrive\Desktop\nest-app\AuctionArena\frontend\node_modules\react-scripts\node_modules\jest-circus\build\run.js:25:3)
    at runAndTransformResultsToJestFormat (C:\Users\Tringapps-User5\OneDrive\Desktop\nest-app\AuctionArena\frontend\node_modules\react-scripts\node_modules\jest-circus\build\legacy-code-todo-rewrite\jestAdapterInit.js:170:21)
    at jestAdapter (C:\Users\Tringapps-User5\OneDrive\Desktop\nest-app\AuctionArena\frontend\node_modules\react-scripts\node_modules\jest-circus\build\legacy-code-todo-rewrite\jestAdapter.js:68:19)
    at runTestInternal (C:\Users\Tringapps-User5\OneDrive\Desktop\nest-app\AuctionArena\frontend\node_modules\react-scripts\node_modules\jest-runner\build\runTest.js:389:16)
    at runTest (C:\Users\Tringapps-User5\OneDrive\Desktop\nest-app\AuctionArena\frontend\node_modules\react-scripts\node_modules\jest-runner\build\runTest.js:475:34)
    at Object.worker (C:\Users\Tringapps-User5\OneDrive\Desktop\nest-app\AuctionArena\frontend\node_modules\react-scripts\node_modules\jest-runner\build\testWorker.js:133:12)]]></failure>
    </testCase>
    <testCase name="Configuration Object should have the correct accessKeyId" duration="1">
      <failure message="Error: expect(received).toBe(expected) // Object.is equality"><![CDATA[Error: expect(received).toBe(expected) // Object.is equality

Expected: "test-access-key"
Received: "AKIA353XACXEPEINPLUP"
    at Object.<anonymous> (C:\Users\Tringapps-User5\OneDrive\Desktop\nest-app\AuctionArena\frontend\src\config\__test__\awsconfig.test.js:18:32)
    at Promise.then.completed (C:\Users\Tringapps-User5\OneDrive\Desktop\nest-app\AuctionArena\frontend\node_modules\react-scripts\node_modules\jest-circus\build\utils.js:391:28)
    at new Promise (<anonymous>)
    at callAsyncCircusFn (C:\Users\Tringapps-User5\OneDrive\Desktop\nest-app\AuctionArena\frontend\node_modules\react-scripts\node_modules\jest-circus\build\utils.js:316:10)
    at _callCircusTest (C:\Users\Tringapps-User5\OneDrive\Desktop\nest-app\AuctionArena\frontend\node_modules\react-scripts\node_modules\jest-circus\build\run.js:218:40)
    at processTicksAndRejections (node:internal/process/task_queues:95:5)
    at _runTest (C:\Users\Tringapps-User5\OneDrive\Desktop\nest-app\AuctionArena\frontend\node_modules\react-scripts\node_modules\jest-circus\build\run.js:155:3)
    at _runTestsForDescribeBlock (C:\Users\Tringapps-User5\OneDrive\Desktop\nest-app\AuctionArena\frontend\node_modules\react-scripts\node_modules\jest-circus\build\run.js:66:9)
    at _runTestsForDescribeBlock (C:\Users\Tringapps-User5\OneDrive\Desktop\nest-app\AuctionArena\frontend\node_modules\react-scripts\node_modules\jest-circus\build\run.js:60:9)
    at run (C:\Users\Tringapps-User5\OneDrive\Desktop\nest-app\AuctionArena\frontend\node_modules\react-scripts\node_modules\jest-circus\build\run.js:25:3)
    at runAndTransformResultsToJestFormat (C:\Users\Tringapps-User5\OneDrive\Desktop\nest-app\AuctionArena\frontend\node_modules\react-scripts\node_modules\jest-circus\build\legacy-code-todo-rewrite\jestAdapterInit.js:170:21)
    at jestAdapter (C:\Users\Tringapps-User5\OneDrive\Desktop\nest-app\AuctionArena\frontend\node_modules\react-scripts\node_modules\jest-circus\build\legacy-code-todo-rewrite\jestAdapter.js:68:19)
    at runTestInternal (C:\Users\Tringapps-User5\OneDrive\Desktop\nest-app\AuctionArena\frontend\node_modules\react-scripts\node_modules\jest-runner\build\runTest.js:389:16)
    at runTest (C:\Users\Tringapps-User5\OneDrive\Desktop\nest-app\AuctionArena\frontend\node_modules\react-scripts\node_modules\jest-runner\build\runTest.js:475:34)
    at Object.worker (C:\Users\Tringapps-User5\OneDrive\Desktop\nest-app\AuctionArena\frontend\node_modules\react-scripts\node_modules\jest-runner\build\testWorker.js:133:12)]]></failure>
    </testCase>
    <testCase name="Configuration Object should have the correct secretAccessKey" duration="3">
      <failure message="Error: expect(received).toBe(expected) // Object.is equality"><![CDATA[Error: expect(received).toBe(expected) // Object.is equality

Expected: "test-secret-key"
Received: "i59uVR1v92+OcfsSh4Tcc5nqmSoUpn7xvjAA0/DV"
    at Object.<anonymous> (C:\Users\Tringapps-User5\OneDrive\Desktop\nest-app\AuctionArena\frontend\src\config\__test__\awsconfig.test.js:22:36)
    at Promise.then.completed (C:\Users\Tringapps-User5\OneDrive\Desktop\nest-app\AuctionArena\frontend\node_modules\react-scripts\node_modules\jest-circus\build\utils.js:391:28)
    at new Promise (<anonymous>)
    at callAsyncCircusFn (C:\Users\Tringapps-User5\OneDrive\Desktop\nest-app\AuctionArena\frontend\node_modules\react-scripts\node_modules\jest-circus\build\utils.js:316:10)
    at _callCircusTest (C:\Users\Tringapps-User5\OneDrive\Desktop\nest-app\AuctionArena\frontend\node_modules\react-scripts\node_modules\jest-circus\build\run.js:218:40)
    at processTicksAndRejections (node:internal/process/task_queues:95:5)
    at _runTest (C:\Users\Tringapps-User5\OneDrive\Desktop\nest-app\AuctionArena\frontend\node_modules\react-scripts\node_modules\jest-circus\build\run.js:155:3)
    at _runTestsForDescribeBlock (C:\Users\Tringapps-User5\OneDrive\Desktop\nest-app\AuctionArena\frontend\node_modules\react-scripts\node_modules\jest-circus\build\run.js:66:9)
    at _runTestsForDescribeBlock (C:\Users\Tringapps-User5\OneDrive\Desktop\nest-app\AuctionArena\frontend\node_modules\react-scripts\node_modules\jest-circus\build\run.js:60:9)
    at run (C:\Users\Tringapps-User5\OneDrive\Desktop\nest-app\AuctionArena\frontend\node_modules\react-scripts\node_modules\jest-circus\build\run.js:25:3)
    at runAndTransformResultsToJestFormat (C:\Users\Tringapps-User5\OneDrive\Desktop\nest-app\AuctionArena\frontend\node_modules\react-scripts\node_modules\jest-circus\build\legacy-code-todo-rewrite\jestAdapterInit.js:170:21)
    at jestAdapter (C:\Users\Tringapps-User5\OneDrive\Desktop\nest-app\AuctionArena\frontend\node_modules\react-scripts\node_modules\jest-circus\build\legacy-code-todo-rewrite\jestAdapter.js:68:19)
    at runTestInternal (C:\Users\Tringapps-User5\OneDrive\Desktop\nest-app\AuctionArena\frontend\node_modules\react-scripts\node_modules\jest-runner\build\runTest.js:389:16)
    at runTest (C:\Users\Tringapps-User5\OneDrive\Desktop\nest-app\AuctionArena\frontend\node_modules\react-scripts\node_modules\jest-runner\build\runTest.js:475:34)
    at Object.worker (C:\Users\Tringapps-User5\OneDrive\Desktop\nest-app\AuctionArena\frontend\node_modules\react-scripts\node_modules\jest-runner\build\testWorker.js:133:12)]]></failure>
    </testCase>
  </file>
  <file path="C:\Users\Tringapps-User5\OneDrive\Desktop\nest-app\AuctionArena\frontend\src\Modules\Home\__tests__\findauction.test.js">
    <testCase name="&lt;Findauction /&gt; should render loading message when isLoading is true" duration="701">
      <failure message="TestingLibraryElementError: Unable to find an element with the text: Loading.... This could be because the text is broken up by multiple elements. In this case, you can provide a function for your text matcher to make your matcher more flexible."><![CDATA[TestingLibraryElementError: Unable to find an element with the text: Loading.... This could be because the text is broken up by multiple elements. In this case, you can provide a function for your text matcher to make your matcher more flexible.

Ignored nodes: comments, script, style
<body>
  <div>
    <div>
      <div
        id="page"
      >
        <div
          id="container"
        >
          <div
            id="ring"
          />
          <div
            id="ring"
          />
          <div
            id="ring"
          />
          <div
            id="ring"
          />
          <div
            id="h3"
          >
            Arena
          </div>
        </div>
      </div>
    </div>
  </div>
</body>
    at Object.getElementError (C:\Users\Tringapps-User5\OneDrive\Desktop\nest-app\AuctionArena\frontend\node_modules\@testing-library\dom\dist\config.js:37:19)
    at allQuery (C:\Users\Tringapps-User5\OneDrive\Desktop\nest-app\AuctionArena\frontend\node_modules\@testing-library\dom\dist\query-helpers.js:76:38)
    at query (C:\Users\Tringapps-User5\OneDrive\Desktop\nest-app\AuctionArena\frontend\node_modules\@testing-library\dom\dist\query-helpers.js:52:17)
    at getByText (C:\Users\Tringapps-User5\OneDrive\Desktop\nest-app\AuctionArena\frontend\node_modules\@testing-library\dom\dist\query-helpers.js:95:19)
    at Object.<anonymous> (C:\Users\Tringapps-User5\OneDrive\Desktop\nest-app\AuctionArena\frontend\src\Modules\Home\__tests__\findauction.test.js:42:19)
    at Promise.then.completed (C:\Users\Tringapps-User5\OneDrive\Desktop\nest-app\AuctionArena\frontend\node_modules\react-scripts\node_modules\jest-circus\build\utils.js:391:28)
    at new Promise (<anonymous>)
    at callAsyncCircusFn (C:\Users\Tringapps-User5\OneDrive\Desktop\nest-app\AuctionArena\frontend\node_modules\react-scripts\node_modules\jest-circus\build\utils.js:316:10)
    at _callCircusTest (C:\Users\Tringapps-User5\OneDrive\Desktop\nest-app\AuctionArena\frontend\node_modules\react-scripts\node_modules\jest-circus\build\run.js:218:40)
    at processTicksAndRejections (node:internal/process/task_queues:95:5)
    at _runTest (C:\Users\Tringapps-User5\OneDrive\Desktop\nest-app\AuctionArena\frontend\node_modules\react-scripts\node_modules\jest-circus\build\run.js:155:3)
    at _runTestsForDescribeBlock (C:\Users\Tringapps-User5\OneDrive\Desktop\nest-app\AuctionArena\frontend\node_modules\react-scripts\node_modules\jest-circus\build\run.js:66:9)
    at _runTestsForDescribeBlock (C:\Users\Tringapps-User5\OneDrive\Desktop\nest-app\AuctionArena\frontend\node_modules\react-scripts\node_modules\jest-circus\build\run.js:60:9)
    at run (C:\Users\Tringapps-User5\OneDrive\Desktop\nest-app\AuctionArena\frontend\node_modules\react-scripts\node_modules\jest-circus\build\run.js:25:3)
    at runAndTransformResultsToJestFormat (C:\Users\Tringapps-User5\OneDrive\Desktop\nest-app\AuctionArena\frontend\node_modules\react-scripts\node_modules\jest-circus\build\legacy-code-todo-rewrite\jestAdapterInit.js:170:21)
    at jestAdapter (C:\Users\Tringapps-User5\OneDrive\Desktop\nest-app\AuctionArena\frontend\node_modules\react-scripts\node_modules\jest-circus\build\legacy-code-todo-rewrite\jestAdapter.js:68:19)
    at runTestInternal (C:\Users\Tringapps-User5\OneDrive\Desktop\nest-app\AuctionArena\frontend\node_modules\react-scripts\node_modules\jest-runner\build\runTest.js:389:16)
    at runTest (C:\Users\Tringapps-User5\OneDrive\Desktop\nest-app\AuctionArena\frontend\node_modules\react-scripts\node_modules\jest-runner\build\runTest.js:475:34)
    at Object.worker (C:\Users\Tringapps-User5\OneDrive\Desktop\nest-app\AuctionArena\frontend\node_modules\react-scripts\node_modules\jest-runner\build\testWorker.js:133:12)]]></failure>
    </testCase>
    <testCase name="&lt;Findauction /&gt; should render &quot;No data available&quot; when there is no auctionData" duration="19"/>
    <testCase name="&lt;Findauction /&gt; should render auction items when there is data" duration="264"/>
    <testCase name="&lt;Findauction /&gt; should filter auctions based on search input" duration="130"/>
  </file>
  <file path="C:\Users\Tringapps-User5\OneDrive\Desktop\nest-app\AuctionArena\frontend\src\Modules\Dashboard\__test__\Navbar.test.js">
    <testCase name="Navbar Navbar datas" duration="99"/>
    <testCase name="Navbar Navbar renders with user data" duration="62">
=======
    at Object.<anonymous> (C:\Users\Tringapps-User24\Desktop\TypeORM\AuctionArena\frontend\src\Modules\User\__test__\AlertContext.test.js:43:23)
    at Promise.then.completed (C:\Users\Tringapps-User24\Desktop\TypeORM\AuctionArena\frontend\node_modules\react-scripts\node_modules\jest-circus\build\utils.js:391:28)
    at new Promise (<anonymous>)
    at callAsyncCircusFn (C:\Users\Tringapps-User24\Desktop\TypeORM\AuctionArena\frontend\node_modules\react-scripts\node_modules\jest-circus\build\utils.js:316:10)
    at _callCircusTest (C:\Users\Tringapps-User24\Desktop\TypeORM\AuctionArena\frontend\node_modules\react-scripts\node_modules\jest-circus\build\run.js:218:40)
    at processTicksAndRejections (node:internal/process/task_queues:95:5)
    at _runTest (C:\Users\Tringapps-User24\Desktop\TypeORM\AuctionArena\frontend\node_modules\react-scripts\node_modules\jest-circus\build\run.js:155:3)
    at _runTestsForDescribeBlock (C:\Users\Tringapps-User24\Desktop\TypeORM\AuctionArena\frontend\node_modules\react-scripts\node_modules\jest-circus\build\run.js:66:9)
    at _runTestsForDescribeBlock (C:\Users\Tringapps-User24\Desktop\TypeORM\AuctionArena\frontend\node_modules\react-scripts\node_modules\jest-circus\build\run.js:60:9)
    at run (C:\Users\Tringapps-User24\Desktop\TypeORM\AuctionArena\frontend\node_modules\react-scripts\node_modules\jest-circus\build\run.js:25:3)
    at runAndTransformResultsToJestFormat (C:\Users\Tringapps-User24\Desktop\TypeORM\AuctionArena\frontend\node_modules\react-scripts\node_modules\jest-circus\build\legacy-code-todo-rewrite\jestAdapterInit.js:170:21)
    at jestAdapter (C:\Users\Tringapps-User24\Desktop\TypeORM\AuctionArena\frontend\node_modules\react-scripts\node_modules\jest-circus\build\legacy-code-todo-rewrite\jestAdapter.js:68:19)
    at runTestInternal (C:\Users\Tringapps-User24\Desktop\TypeORM\AuctionArena\frontend\node_modules\react-scripts\node_modules\jest-runner\build\runTest.js:389:16)
    at runTest (C:\Users\Tringapps-User24\Desktop\TypeORM\AuctionArena\frontend\node_modules\react-scripts\node_modules\jest-runner\build\runTest.js:475:34)
    at Object.worker (C:\Users\Tringapps-User24\Desktop\TypeORM\AuctionArena\frontend\node_modules\react-scripts\node_modules\jest-runner\build\testWorker.js:133:12)]]></failure>
    </testCase>
    <testCase name="AlertContext updates state after a timeout" duration="12"/>
  </file>
  <file path="C:\Users\Tringapps-User24\Desktop\TypeORM\AuctionArena\frontend\src\Modules\Dashboard\__test__\Navbar.test.js">
<<<<<<< HEAD
    <testCase name="Navbar Navbar datas" duration="90"/>
    <testCase name="Navbar Navbar renders with user data" duration="20">
=======
    <testCase name="Navbar Navbar datas" duration="167"/>
    <testCase name="Navbar Navbar renders with user data" duration="76">
>>>>>>> e18bce3a2fb0dce7da6d3f5a56cf43802c736d64
>>>>>>> b8ff30ae299bf7ac79a0b247b0eef06ef6f0e52b
      <failure message="TestingLibraryElementError: Unable to find an element with the text: Prasanna. This could be because the text is broken up by multiple elements. In this case, you can provide a function for your text matcher to make your matcher more flexible."><![CDATA[TestingLibraryElementError: Unable to find an element with the text: Prasanna. This could be because the text is broken up by multiple elements. In this case, you can provide a function for your text matcher to make your matcher more flexible.

Ignored nodes: comments, script, style
<body>
  <div>
    <nav
      class="navbar"
    >
      <img
        alt="logo"
        class="logo"
        src="logo-white.png"
      />
      <div
        class="actions"
      >
        <svg
          class="icon"
          data-testid="logout-button"
          fill="currentColor"
          height="1em"
          stroke="currentColor"
          stroke-width="0"
          viewBox="0 0 512 512"
          width="1em"
          xmlns="http://www.w3.org/2000/svg"
        >
          <path
            d="M400 54.1c63 45 104 118.6 104 201.9 0 136.8-110.8 247.7-247.5 248C120 504.3 8.2 393 8 256.4 7.9 173.1 48.9 99.3 111.8 54.2c11.7-8.3 28-4.8 35 7.7L162.6 90c5.9 10.5 3.1 23.8-6.6 31-41.5 30.8-68 79.6-68 134.9-.1 92.3 74.5 168.1 168 168.1 91.6 0 168.6-74.2 168-169.1-.3-51.8-24.7-101.8-68.1-134-9.7-7.2-12.4-20.5-6.5-30.9l15.8-28.1c7-12.4 23.2-16.1 34.8-7.8zM296 264V24c0-13.3-10.7-24-24-24h-32c-13.3 0-24 10.7-24 24v240c0 13.3 10.7 24 24 24h32c13.3 0 24-10.7 24-24z"
          />
        </svg>
        <div>
          <svg
            class="icon"
            fill="currentColor"
            height="1em"
            stroke="currentColor"
            stroke-width="0"
            viewBox="0 0 448 512"
            width="1em"
            xmlns="http://www.w3.org/2000/svg"
          >
            <path
              d="M224 256c70.7 0 128-57.3 128-128S294.7 0 224 0 96 57.3 96 128s57.3 128 128 128zm89.6 32h-16.7c-22.2 10.2-46.9 16-72.9 16s-50.6-5.8-72.9-16h-16.7C60.2 288 0 348.2 0 422.4V464c0 26.5 21.5 48 48 48h352c26.5 0 48-21.5 48-48v-41.6c0-74.2-60.2-134.4-134.4-134.4z"
            />
          </svg>
        </div>
      </div>
    </nav>
  </div>
</body>
<<<<<<< HEAD
    at Object.getElementError (C:\Users\Tringapps-User5\OneDrive\Desktop\nest-app\AuctionArena\frontend\node_modules\@testing-library\dom\dist\config.js:37:19)
    at allQuery (C:\Users\Tringapps-User5\OneDrive\Desktop\nest-app\AuctionArena\frontend\node_modules\@testing-library\dom\dist\query-helpers.js:76:38)
    at query (C:\Users\Tringapps-User5\OneDrive\Desktop\nest-app\AuctionArena\frontend\node_modules\@testing-library\dom\dist\query-helpers.js:52:17)
    at getByText (C:\Users\Tringapps-User5\OneDrive\Desktop\nest-app\AuctionArena\frontend\node_modules\@testing-library\dom\dist\query-helpers.js:95:19)
    at Object.<anonymous> (C:\Users\Tringapps-User5\OneDrive\Desktop\nest-app\AuctionArena\frontend\src\Modules\Dashboard\__test__\Navbar.test.js:48:40)
    at Promise.then.completed (C:\Users\Tringapps-User5\OneDrive\Desktop\nest-app\AuctionArena\frontend\node_modules\react-scripts\node_modules\jest-circus\build\utils.js:391:28)
    at new Promise (<anonymous>)
    at callAsyncCircusFn (C:\Users\Tringapps-User5\OneDrive\Desktop\nest-app\AuctionArena\frontend\node_modules\react-scripts\node_modules\jest-circus\build\utils.js:316:10)
    at _callCircusTest (C:\Users\Tringapps-User5\OneDrive\Desktop\nest-app\AuctionArena\frontend\node_modules\react-scripts\node_modules\jest-circus\build\run.js:218:40)
    at processTicksAndRejections (node:internal/process/task_queues:95:5)
    at _runTest (C:\Users\Tringapps-User5\OneDrive\Desktop\nest-app\AuctionArena\frontend\node_modules\react-scripts\node_modules\jest-circus\build\run.js:155:3)
    at _runTestsForDescribeBlock (C:\Users\Tringapps-User5\OneDrive\Desktop\nest-app\AuctionArena\frontend\node_modules\react-scripts\node_modules\jest-circus\build\run.js:66:9)
    at _runTestsForDescribeBlock (C:\Users\Tringapps-User5\OneDrive\Desktop\nest-app\AuctionArena\frontend\node_modules\react-scripts\node_modules\jest-circus\build\run.js:60:9)
    at run (C:\Users\Tringapps-User5\OneDrive\Desktop\nest-app\AuctionArena\frontend\node_modules\react-scripts\node_modules\jest-circus\build\run.js:25:3)
    at runAndTransformResultsToJestFormat (C:\Users\Tringapps-User5\OneDrive\Desktop\nest-app\AuctionArena\frontend\node_modules\react-scripts\node_modules\jest-circus\build\legacy-code-todo-rewrite\jestAdapterInit.js:170:21)
    at jestAdapter (C:\Users\Tringapps-User5\OneDrive\Desktop\nest-app\AuctionArena\frontend\node_modules\react-scripts\node_modules\jest-circus\build\legacy-code-todo-rewrite\jestAdapter.js:68:19)
    at runTestInternal (C:\Users\Tringapps-User5\OneDrive\Desktop\nest-app\AuctionArena\frontend\node_modules\react-scripts\node_modules\jest-runner\build\runTest.js:389:16)
    at runTest (C:\Users\Tringapps-User5\OneDrive\Desktop\nest-app\AuctionArena\frontend\node_modules\react-scripts\node_modules\jest-runner\build\runTest.js:475:34)
    at Object.worker (C:\Users\Tringapps-User5\OneDrive\Desktop\nest-app\AuctionArena\frontend\node_modules\react-scripts\node_modules\jest-runner\build\testWorker.js:133:12)]]></failure>
    </testCase>
    <testCase name="Navbar Logout button triggers logout function" duration="116"/>
  </file>
  <file path="C:\Users\Tringapps-User5\OneDrive\Desktop\nest-app\AuctionArena\frontend\src\Modules\Live\__test__\ViewLive.test.js">
    <testCase name="ViewLive viewlive" duration="1600">
      <failure message="TypeError: Cannot read properties of undefined (reading &apos;auctionname&apos;)"><![CDATA[TypeError: Cannot read properties of undefined (reading 'auctionname')
    at create (C:\Users\Tringapps-User5\OneDrive\Desktop\nest-app\AuctionArena\frontend\src\Modules\Live\ViewLive.js:110:87)
    at commitHookEffectListMount (C:\Users\Tringapps-User5\OneDrive\Desktop\nest-app\AuctionArena\frontend\node_modules\react-dom\cjs\react-dom.development.js:23150:26)
    at commitPassiveMountOnFiber (C:\Users\Tringapps-User5\OneDrive\Desktop\nest-app\AuctionArena\frontend\node_modules\react-dom\cjs\react-dom.development.js:24931:11)
    at commitPassiveMountEffects_complete (C:\Users\Tringapps-User5\OneDrive\Desktop\nest-app\AuctionArena\frontend\node_modules\react-dom\cjs\react-dom.development.js:24891:9)
    at commitPassiveMountEffects_begin (C:\Users\Tringapps-User5\OneDrive\Desktop\nest-app\AuctionArena\frontend\node_modules\react-dom\cjs\react-dom.development.js:24878:7)
    at commitPassiveMountEffects (C:\Users\Tringapps-User5\OneDrive\Desktop\nest-app\AuctionArena\frontend\node_modules\react-dom\cjs\react-dom.development.js:24866:3)
    at flushPassiveEffectsImpl (C:\Users\Tringapps-User5\OneDrive\Desktop\nest-app\AuctionArena\frontend\node_modules\react-dom\cjs\react-dom.development.js:27039:3)
    at flushPassiveEffects (C:\Users\Tringapps-User5\OneDrive\Desktop\nest-app\AuctionArena\frontend\node_modules\react-dom\cjs\react-dom.development.js:26984:14)
    at callback (C:\Users\Tringapps-User5\OneDrive\Desktop\nest-app\AuctionArena\frontend\node_modules\react-dom\cjs\react-dom.development.js:26769:9)
    at flushActQueue (C:\Users\Tringapps-User5\OneDrive\Desktop\nest-app\AuctionArena\frontend\node_modules\react\cjs\react.development.js:2667:24)
    at actImplementation (C:\Users\Tringapps-User5\OneDrive\Desktop\nest-app\AuctionArena\frontend\node_modules\react\cjs\react.development.js:2582:11)
    at C:\Users\Tringapps-User5\OneDrive\Desktop\nest-app\AuctionArena\frontend\node_modules\@testing-library\react\dist\act-compat.js:46:25
    at renderRoot (C:\Users\Tringapps-User5\OneDrive\Desktop\nest-app\AuctionArena\frontend\node_modules\@testing-library\react\dist\pure.js:161:25)
    at render (C:\Users\Tringapps-User5\OneDrive\Desktop\nest-app\AuctionArena\frontend\node_modules\@testing-library\react\dist\pure.js:247:10)
    at Object.<anonymous> (C:\Users\Tringapps-User5\OneDrive\Desktop\nest-app\AuctionArena\frontend\src\Modules\Live\__test__\ViewLive.test.js:102:11)
    at Promise.then.completed (C:\Users\Tringapps-User5\OneDrive\Desktop\nest-app\AuctionArena\frontend\node_modules\react-scripts\node_modules\jest-circus\build\utils.js:391:28)
    at new Promise (<anonymous>)
    at callAsyncCircusFn (C:\Users\Tringapps-User5\OneDrive\Desktop\nest-app\AuctionArena\frontend\node_modules\react-scripts\node_modules\jest-circus\build\utils.js:316:10)
    at _callCircusTest (C:\Users\Tringapps-User5\OneDrive\Desktop\nest-app\AuctionArena\frontend\node_modules\react-scripts\node_modules\jest-circus\build\run.js:218:40)
    at processTicksAndRejections (node:internal/process/task_queues:95:5)
    at _runTest (C:\Users\Tringapps-User5\OneDrive\Desktop\nest-app\AuctionArena\frontend\node_modules\react-scripts\node_modules\jest-circus\build\run.js:155:3)
    at _runTestsForDescribeBlock (C:\Users\Tringapps-User5\OneDrive\Desktop\nest-app\AuctionArena\frontend\node_modules\react-scripts\node_modules\jest-circus\build\run.js:66:9)
    at _runTestsForDescribeBlock (C:\Users\Tringapps-User5\OneDrive\Desktop\nest-app\AuctionArena\frontend\node_modules\react-scripts\node_modules\jest-circus\build\run.js:60:9)
    at run (C:\Users\Tringapps-User5\OneDrive\Desktop\nest-app\AuctionArena\frontend\node_modules\react-scripts\node_modules\jest-circus\build\run.js:25:3)
    at runAndTransformResultsToJestFormat (C:\Users\Tringapps-User5\OneDrive\Desktop\nest-app\AuctionArena\frontend\node_modules\react-scripts\node_modules\jest-circus\build\legacy-code-todo-rewrite\jestAdapterInit.js:170:21)
    at jestAdapter (C:\Users\Tringapps-User5\OneDrive\Desktop\nest-app\AuctionArena\frontend\node_modules\react-scripts\node_modules\jest-circus\build\legacy-code-todo-rewrite\jestAdapter.js:68:19)
    at runTestInternal (C:\Users\Tringapps-User5\OneDrive\Desktop\nest-app\AuctionArena\frontend\node_modules\react-scripts\node_modules\jest-runner\build\runTest.js:389:16)
    at runTest (C:\Users\Tringapps-User5\OneDrive\Desktop\nest-app\AuctionArena\frontend\node_modules\react-scripts\node_modules\jest-runner\build\runTest.js:475:34)
    at Object.worker (C:\Users\Tringapps-User5\OneDrive\Desktop\nest-app\AuctionArena\frontend\node_modules\react-scripts\node_modules\jest-runner\build\testWorker.js:133:12)]]></failure>
    </testCase>
    <testCase name="ViewLive renders loading message when isLoading is true" duration="62">
      <failure message="TestingLibraryElementError: Unable to find an element by: [data-testid=&quot;loading&quot;]"><![CDATA[TestingLibraryElementError: Unable to find an element by: [data-testid="loading"]

Ignored nodes: comments, script, style
<body>
  <div>
    <div
      class="cardContainer"
    >
      <div
        class="card"
      >
        <span
          class="card__title"
        >
          Join Live
        </span>
        <p
          class="card__content"
        />
        <div
          class="card__form"
        >
          <input
            id="username"
            placeholder="username"
            type="text"
            value=""
          />
          <button
            class="livebtn"
            data-testid="loginbutton"
            name="Login"
          >
            Join Live
          </button>
        </div>
      </div>
    </div>
  </div>
</body>
    at Object.getElementError (C:\Users\Tringapps-User5\OneDrive\Desktop\nest-app\AuctionArena\frontend\node_modules\@testing-library\dom\dist\config.js:37:19)
    at allQuery (C:\Users\Tringapps-User5\OneDrive\Desktop\nest-app\AuctionArena\frontend\node_modules\@testing-library\dom\dist\query-helpers.js:76:38)
    at query (C:\Users\Tringapps-User5\OneDrive\Desktop\nest-app\AuctionArena\frontend\node_modules\@testing-library\dom\dist\query-helpers.js:52:17)
    at getByTestId (C:\Users\Tringapps-User5\OneDrive\Desktop\nest-app\AuctionArena\frontend\node_modules\@testing-library\dom\dist\query-helpers.js:95:19)
    at Object.<anonymous> (C:\Users\Tringapps-User5\OneDrive\Desktop\nest-app\AuctionArena\frontend\src\Modules\Live\__test__\ViewLive.test.js:142:32)
    at Promise.then.completed (C:\Users\Tringapps-User5\OneDrive\Desktop\nest-app\AuctionArena\frontend\node_modules\react-scripts\node_modules\jest-circus\build\utils.js:391:28)
    at new Promise (<anonymous>)
    at callAsyncCircusFn (C:\Users\Tringapps-User5\OneDrive\Desktop\nest-app\AuctionArena\frontend\node_modules\react-scripts\node_modules\jest-circus\build\utils.js:316:10)
    at _callCircusTest (C:\Users\Tringapps-User5\OneDrive\Desktop\nest-app\AuctionArena\frontend\node_modules\react-scripts\node_modules\jest-circus\build\run.js:218:40)
    at processTicksAndRejections (node:internal/process/task_queues:95:5)
    at _runTest (C:\Users\Tringapps-User5\OneDrive\Desktop\nest-app\AuctionArena\frontend\node_modules\react-scripts\node_modules\jest-circus\build\run.js:155:3)
    at _runTestsForDescribeBlock (C:\Users\Tringapps-User5\OneDrive\Desktop\nest-app\AuctionArena\frontend\node_modules\react-scripts\node_modules\jest-circus\build\run.js:66:9)
    at _runTestsForDescribeBlock (C:\Users\Tringapps-User5\OneDrive\Desktop\nest-app\AuctionArena\frontend\node_modules\react-scripts\node_modules\jest-circus\build\run.js:60:9)
    at run (C:\Users\Tringapps-User5\OneDrive\Desktop\nest-app\AuctionArena\frontend\node_modules\react-scripts\node_modules\jest-circus\build\run.js:25:3)
    at runAndTransformResultsToJestFormat (C:\Users\Tringapps-User5\OneDrive\Desktop\nest-app\AuctionArena\frontend\node_modules\react-scripts\node_modules\jest-circus\build\legacy-code-todo-rewrite\jestAdapterInit.js:170:21)
    at jestAdapter (C:\Users\Tringapps-User5\OneDrive\Desktop\nest-app\AuctionArena\frontend\node_modules\react-scripts\node_modules\jest-circus\build\legacy-code-todo-rewrite\jestAdapter.js:68:19)
    at runTestInternal (C:\Users\Tringapps-User5\OneDrive\Desktop\nest-app\AuctionArena\frontend\node_modules\react-scripts\node_modules\jest-runner\build\runTest.js:389:16)
    at runTest (C:\Users\Tringapps-User5\OneDrive\Desktop\nest-app\AuctionArena\frontend\node_modules\react-scripts\node_modules\jest-runner\build\runTest.js:475:34)
    at Object.worker (C:\Users\Tringapps-User5\OneDrive\Desktop\nest-app\AuctionArena\frontend\node_modules\react-scripts\node_modules\jest-runner\build\testWorker.js:133:12)]]></failure>
    </testCase>
  </file>
  <file path="C:\Users\Tringapps-User5\OneDrive\Desktop\nest-app\AuctionArena\frontend\src\Modules\PlayerList\__test__\playerstab.test.js">
    <testCase name="&lt;Playerstab&gt; should render the Playerstab component with tabs" duration="475">
      <failure message="TestingLibraryElementError: Found multiple elements with the text: Status"><![CDATA[TestingLibraryElementError: Found multiple elements with the text: Status

Here are the matching elements:

Ignored nodes: comments, script, style
<div
  class="tab active"
>
  Status
</div>

Ignored nodes: comments, script, style
<th>
  Status
</th>

(If this is intentional, then use the `*AllBy*` variant of the query (like `queryAllByText`, `getAllByText`, or `findAllByText`)).

Ignored nodes: comments, script, style
<body>
  <div>
    <div
      class="tabs-container"
    >
      <div
        class="tabs"
      >
        <div
          class="tab "
        >
          Upload
        </div>
        <div
          class="tab active"
        >
          Status
        </div>
        <div
          class="tab "
          title="Download Template"
        >
          Template
        </div>
      </div>
      <div
        class="tab-content"
      >
        <div
          class="tableContainer"
        >
          <table
            class="statusTable"
          >
            <thead>
              <tr>
                <th>
                  S.No
                </th>
                <th>
                  Name
                </th>
                <th>
                  Status
                </th>
                <th>
                  Download logs
                </th>
              </tr>
            </thead>
            <tbody>
              <tr>
                <td>
                  1
                </td>
                <td>
                  file1
                </td>
                <td
                  style="color: green;"
                >
                   of 
                   records
                </td>
                <td>
                  <span
                    class="successMsg"
                  >
                    <svg
                      fill="currentColor"
                      height="1em"
                      stroke="currentColor"
                      stroke-width="0"
                      viewBox="0 0 24 24"
                      width="1em"
                      xmlns="http://www.w3.org/2000/svg"
                    >
                      <path
                        d="M0 0h24v24H0V0z"
                        fill="none"
                      />
                      <path
                        d="M5 18h14v2H5v-2zm4.6-2.7L5 10.7l2-1.9 2.6 2.6L17 4l2 2-9.4 9.3z"
                      />
                    </svg>
                    Success
                  </span>
                </td>
              </tr>
            </tbody>
          </table>
        </div>
      </div>
    </div>
  </div>
</body>
    at Object.getElementError (C:\Users\Tringapps-User5\OneDrive\Desktop\nest-app\AuctionArena\frontend\node_modules\@testing-library\dom\dist\config.js:37:19)
    at getElementError (C:\Users\Tringapps-User5\OneDrive\Desktop\nest-app\AuctionArena\frontend\node_modules\@testing-library\dom\dist\query-helpers.js:20:35)
    at getMultipleElementsFoundError (C:\Users\Tringapps-User5\OneDrive\Desktop\nest-app\AuctionArena\frontend\node_modules\@testing-library\dom\dist\query-helpers.js:23:10)
    at query (C:\Users\Tringapps-User5\OneDrive\Desktop\nest-app\AuctionArena\frontend\node_modules\@testing-library\dom\dist\query-helpers.js:55:13)
    at getByText (C:\Users\Tringapps-User5\OneDrive\Desktop\nest-app\AuctionArena\frontend\node_modules\@testing-library\dom\dist\query-helpers.js:95:19)
    at Object.<anonymous> (C:\Users\Tringapps-User5\OneDrive\Desktop\nest-app\AuctionArena\frontend\src\Modules\PlayerList\__test__\playerstab.test.js:78:19)
    at Promise.then.completed (C:\Users\Tringapps-User5\OneDrive\Desktop\nest-app\AuctionArena\frontend\node_modules\react-scripts\node_modules\jest-circus\build\utils.js:391:28)
    at new Promise (<anonymous>)
    at callAsyncCircusFn (C:\Users\Tringapps-User5\OneDrive\Desktop\nest-app\AuctionArena\frontend\node_modules\react-scripts\node_modules\jest-circus\build\utils.js:316:10)
    at _callCircusTest (C:\Users\Tringapps-User5\OneDrive\Desktop\nest-app\AuctionArena\frontend\node_modules\react-scripts\node_modules\jest-circus\build\run.js:218:40)
    at processTicksAndRejections (node:internal/process/task_queues:95:5)
    at _runTest (C:\Users\Tringapps-User5\OneDrive\Desktop\nest-app\AuctionArena\frontend\node_modules\react-scripts\node_modules\jest-circus\build\run.js:155:3)
    at _runTestsForDescribeBlock (C:\Users\Tringapps-User5\OneDrive\Desktop\nest-app\AuctionArena\frontend\node_modules\react-scripts\node_modules\jest-circus\build\run.js:66:9)
    at _runTestsForDescribeBlock (C:\Users\Tringapps-User5\OneDrive\Desktop\nest-app\AuctionArena\frontend\node_modules\react-scripts\node_modules\jest-circus\build\run.js:60:9)
    at run (C:\Users\Tringapps-User5\OneDrive\Desktop\nest-app\AuctionArena\frontend\node_modules\react-scripts\node_modules\jest-circus\build\run.js:25:3)
    at runAndTransformResultsToJestFormat (C:\Users\Tringapps-User5\OneDrive\Desktop\nest-app\AuctionArena\frontend\node_modules\react-scripts\node_modules\jest-circus\build\legacy-code-todo-rewrite\jestAdapterInit.js:170:21)
    at jestAdapter (C:\Users\Tringapps-User5\OneDrive\Desktop\nest-app\AuctionArena\frontend\node_modules\react-scripts\node_modules\jest-circus\build\legacy-code-todo-rewrite\jestAdapter.js:68:19)
    at runTestInternal (C:\Users\Tringapps-User5\OneDrive\Desktop\nest-app\AuctionArena\frontend\node_modules\react-scripts\node_modules\jest-runner\build\runTest.js:389:16)
    at runTest (C:\Users\Tringapps-User5\OneDrive\Desktop\nest-app\AuctionArena\frontend\node_modules\react-scripts\node_modules\jest-runner\build\runTest.js:475:34)
    at Object.worker (C:\Users\Tringapps-User5\OneDrive\Desktop\nest-app\AuctionArena\frontend\node_modules\react-scripts\node_modules\jest-runner\build\testWorker.js:133:12)]]></failure>
    </testCase>
    <testCase name="&lt;Playerstab&gt; should update activeTab when clicking on a tab" duration="128">
      <failure message="TestingLibraryElementError: Found multiple elements with the text: Status"><![CDATA[TestingLibraryElementError: Found multiple elements with the text: Status

Here are the matching elements:

Ignored nodes: comments, script, style
<div
  class="tab active"
>
  Status
</div>

Ignored nodes: comments, script, style
<th>
  Status
</th>

(If this is intentional, then use the `*AllBy*` variant of the query (like `queryAllByText`, `getAllByText`, or `findAllByText`)).

Ignored nodes: comments, script, style
<body>
  <div>
    <div
      class="tabs-container"
    >
      <div
        class="tabs"
      >
        <div
          class="tab "
        >
          Upload
        </div>
        <div
          class="tab active"
        >
          Status
        </div>
        <div
          class="tab "
          title="Download Template"
        >
          Template
        </div>
      </div>
      <div
        class="tab-content"
      >
        <div
          class="tableContainer"
        >
          <table
            class="statusTable"
          >
            <thead>
              <tr>
                <th>
                  S.No
                </th>
                <th>
                  Name
                </th>
                <th>
                  Status
                </th>
                <th>
                  Download logs
                </th>
              </tr>
            </thead>
            <tbody>
              <tr>
                <td>
                  1
                </td>
                <td>
                  file1
                </td>
                <td
                  style="color: green;"
                >
                   of 
                   records
                </td>
                <td>
                  <span
                    class="successMsg"
                  >
                    <svg
                      fill="currentColor"
                      height="1em"
                      stroke="currentColor"
                      stroke-width="0"
                      viewBox="0 0 24 24"
                      width="1em"
                      xmlns="http://www.w3.org/2000/svg"
                    >
                      <path
                        d="M0 0h24v24H0V0z"
                        fill="none"
                      />
                      <path
                        d="M5 18h14v2H5v-2zm4.6-2.7L5 10.7l2-1.9 2.6 2.6L17 4l2 2-9.4 9.3z"
                      />
                    </svg>
                    Success
                  </span>
                </td>
              </tr>
            </tbody>
          </table>
        </div>
      </div>
    </div>
  </div>
</body>
    at Object.getElementError (C:\Users\Tringapps-User5\OneDrive\Desktop\nest-app\AuctionArena\frontend\node_modules\@testing-library\dom\dist\config.js:37:19)
    at getElementError (C:\Users\Tringapps-User5\OneDrive\Desktop\nest-app\AuctionArena\frontend\node_modules\@testing-library\dom\dist\query-helpers.js:20:35)
    at getMultipleElementsFoundError (C:\Users\Tringapps-User5\OneDrive\Desktop\nest-app\AuctionArena\frontend\node_modules\@testing-library\dom\dist\query-helpers.js:23:10)
    at query (C:\Users\Tringapps-User5\OneDrive\Desktop\nest-app\AuctionArena\frontend\node_modules\@testing-library\dom\dist\query-helpers.js:55:13)
    at getByText (C:\Users\Tringapps-User5\OneDrive\Desktop\nest-app\AuctionArena\frontend\node_modules\@testing-library\dom\dist\query-helpers.js:95:19)
    at Object.<anonymous> (C:\Users\Tringapps-User5\OneDrive\Desktop\nest-app\AuctionArena\frontend\src\Modules\PlayerList\__test__\playerstab.test.js:124:19)
    at Promise.then.completed (C:\Users\Tringapps-User5\OneDrive\Desktop\nest-app\AuctionArena\frontend\node_modules\react-scripts\node_modules\jest-circus\build\utils.js:391:28)
    at new Promise (<anonymous>)
    at callAsyncCircusFn (C:\Users\Tringapps-User5\OneDrive\Desktop\nest-app\AuctionArena\frontend\node_modules\react-scripts\node_modules\jest-circus\build\utils.js:316:10)
    at _callCircusTest (C:\Users\Tringapps-User5\OneDrive\Desktop\nest-app\AuctionArena\frontend\node_modules\react-scripts\node_modules\jest-circus\build\run.js:218:40)
    at processTicksAndRejections (node:internal/process/task_queues:95:5)
    at _runTest (C:\Users\Tringapps-User5\OneDrive\Desktop\nest-app\AuctionArena\frontend\node_modules\react-scripts\node_modules\jest-circus\build\run.js:155:3)
    at _runTestsForDescribeBlock (C:\Users\Tringapps-User5\OneDrive\Desktop\nest-app\AuctionArena\frontend\node_modules\react-scripts\node_modules\jest-circus\build\run.js:66:9)
    at _runTestsForDescribeBlock (C:\Users\Tringapps-User5\OneDrive\Desktop\nest-app\AuctionArena\frontend\node_modules\react-scripts\node_modules\jest-circus\build\run.js:60:9)
    at run (C:\Users\Tringapps-User5\OneDrive\Desktop\nest-app\AuctionArena\frontend\node_modules\react-scripts\node_modules\jest-circus\build\run.js:25:3)
    at runAndTransformResultsToJestFormat (C:\Users\Tringapps-User5\OneDrive\Desktop\nest-app\AuctionArena\frontend\node_modules\react-scripts\node_modules\jest-circus\build\legacy-code-todo-rewrite\jestAdapterInit.js:170:21)
    at jestAdapter (C:\Users\Tringapps-User5\OneDrive\Desktop\nest-app\AuctionArena\frontend\node_modules\react-scripts\node_modules\jest-circus\build\legacy-code-todo-rewrite\jestAdapter.js:68:19)
    at runTestInternal (C:\Users\Tringapps-User5\OneDrive\Desktop\nest-app\AuctionArena\frontend\node_modules\react-scripts\node_modules\jest-runner\build\runTest.js:389:16)
    at runTest (C:\Users\Tringapps-User5\OneDrive\Desktop\nest-app\AuctionArena\frontend\node_modules\react-scripts\node_modules\jest-runner\build\runTest.js:475:34)
    at Object.worker (C:\Users\Tringapps-User5\OneDrive\Desktop\nest-app\AuctionArena\frontend\node_modules\react-scripts\node_modules\jest-runner\build\testWorker.js:133:12)]]></failure>
    </testCase>
  </file>
  <file path="C:\Users\Tringapps-User5\OneDrive\Desktop\nest-app\AuctionArena\frontend\src\Modules\AuctionPanel\__test__\bidinfocontainer.test.js">
    <testCase name="&lt;bidinfoconatiner&gt; Bidinfo Render" duration="210"/>
  </file>
  <file path="C:\Users\Tringapps-User5\OneDrive\Desktop\nest-app\AuctionArena\frontend\src\Modules\Home\__tests__\home.test.js">
    <testCase name="Homepage Component should render the homepage" duration="2360">
      <failure message="TypeError: Cannot read properties of undefined (reading &apos;filter&apos;)"><![CDATA[TypeError: Cannot read properties of undefined (reading 'filter')
    at Component (C:\Users\Tringapps-User5\OneDrive\Desktop\nest-app\AuctionArena\frontend\src\Modules\Home\Components\todayauction.js:13:28)
    at renderWithHooks (C:\Users\Tringapps-User5\OneDrive\Desktop\nest-app\AuctionArena\frontend\node_modules\react-dom\cjs\react-dom.development.js:16305:18)
    at mountIndeterminateComponent (C:\Users\Tringapps-User5\OneDrive\Desktop\nest-app\AuctionArena\frontend\node_modules\react-dom\cjs\react-dom.development.js:20074:13)
    at beginWork (C:\Users\Tringapps-User5\OneDrive\Desktop\nest-app\AuctionArena\frontend\node_modules\react-dom\cjs\react-dom.development.js:21587:16)
    at beginWork$1 (C:\Users\Tringapps-User5\OneDrive\Desktop\nest-app\AuctionArena\frontend\node_modules\react-dom\cjs\react-dom.development.js:27426:14)
    at performUnitOfWork (C:\Users\Tringapps-User5\OneDrive\Desktop\nest-app\AuctionArena\frontend\node_modules\react-dom\cjs\react-dom.development.js:26560:12)
    at workLoopSync (C:\Users\Tringapps-User5\OneDrive\Desktop\nest-app\AuctionArena\frontend\node_modules\react-dom\cjs\react-dom.development.js:26466:5)
    at renderRootSync (C:\Users\Tringapps-User5\OneDrive\Desktop\nest-app\AuctionArena\frontend\node_modules\react-dom\cjs\react-dom.development.js:26434:7)
    at recoverFromConcurrentError (C:\Users\Tringapps-User5\OneDrive\Desktop\nest-app\AuctionArena\frontend\node_modules\react-dom\cjs\react-dom.development.js:25850:20)
    at callback (C:\Users\Tringapps-User5\OneDrive\Desktop\nest-app\AuctionArena\frontend\node_modules\react-dom\cjs\react-dom.development.js:25750:22)
    at flushActQueue (C:\Users\Tringapps-User5\OneDrive\Desktop\nest-app\AuctionArena\frontend\node_modules\react\cjs\react.development.js:2667:24)
    at actImplementation (C:\Users\Tringapps-User5\OneDrive\Desktop\nest-app\AuctionArena\frontend\node_modules\react\cjs\react.development.js:2582:11)
    at C:\Users\Tringapps-User5\OneDrive\Desktop\nest-app\AuctionArena\frontend\node_modules\@testing-library\react\dist\act-compat.js:46:25
    at renderRoot (C:\Users\Tringapps-User5\OneDrive\Desktop\nest-app\AuctionArena\frontend\node_modules\@testing-library\react\dist\pure.js:161:25)
    at render (C:\Users\Tringapps-User5\OneDrive\Desktop\nest-app\AuctionArena\frontend\node_modules\@testing-library\react\dist\pure.js:247:10)
    at Object.<anonymous> (C:\Users\Tringapps-User5\OneDrive\Desktop\nest-app\AuctionArena\frontend\src\Modules\Home\__tests__\home.test.js:9:11)
    at Promise.then.completed (C:\Users\Tringapps-User5\OneDrive\Desktop\nest-app\AuctionArena\frontend\node_modules\react-scripts\node_modules\jest-circus\build\utils.js:391:28)
    at new Promise (<anonymous>)
    at callAsyncCircusFn (C:\Users\Tringapps-User5\OneDrive\Desktop\nest-app\AuctionArena\frontend\node_modules\react-scripts\node_modules\jest-circus\build\utils.js:316:10)
    at _callCircusTest (C:\Users\Tringapps-User5\OneDrive\Desktop\nest-app\AuctionArena\frontend\node_modules\react-scripts\node_modules\jest-circus\build\run.js:218:40)
    at processTicksAndRejections (node:internal/process/task_queues:95:5)
    at _runTest (C:\Users\Tringapps-User5\OneDrive\Desktop\nest-app\AuctionArena\frontend\node_modules\react-scripts\node_modules\jest-circus\build\run.js:155:3)
    at _runTestsForDescribeBlock (C:\Users\Tringapps-User5\OneDrive\Desktop\nest-app\AuctionArena\frontend\node_modules\react-scripts\node_modules\jest-circus\build\run.js:66:9)
    at _runTestsForDescribeBlock (C:\Users\Tringapps-User5\OneDrive\Desktop\nest-app\AuctionArena\frontend\node_modules\react-scripts\node_modules\jest-circus\build\run.js:60:9)
    at run (C:\Users\Tringapps-User5\OneDrive\Desktop\nest-app\AuctionArena\frontend\node_modules\react-scripts\node_modules\jest-circus\build\run.js:25:3)
    at runAndTransformResultsToJestFormat (C:\Users\Tringapps-User5\OneDrive\Desktop\nest-app\AuctionArena\frontend\node_modules\react-scripts\node_modules\jest-circus\build\legacy-code-todo-rewrite\jestAdapterInit.js:170:21)
    at jestAdapter (C:\Users\Tringapps-User5\OneDrive\Desktop\nest-app\AuctionArena\frontend\node_modules\react-scripts\node_modules\jest-circus\build\legacy-code-todo-rewrite\jestAdapter.js:68:19)
    at runTestInternal (C:\Users\Tringapps-User5\OneDrive\Desktop\nest-app\AuctionArena\frontend\node_modules\react-scripts\node_modules\jest-runner\build\runTest.js:389:16)
    at runTest (C:\Users\Tringapps-User5\OneDrive\Desktop\nest-app\AuctionArena\frontend\node_modules\react-scripts\node_modules\jest-runner\build\runTest.js:475:34)
    at Object.worker (C:\Users\Tringapps-User5\OneDrive\Desktop\nest-app\AuctionArena\frontend\node_modules\react-scripts\node_modules\jest-runner\build\testWorker.js:133:12)]]></failure>
    </testCase>
  </file>
  <file path="C:\Users\Tringapps-User5\OneDrive\Desktop\nest-app\AuctionArena\frontend\src\Modules\User\__test__\Login.test.js">
    <testCase name="Login renders login layout" duration="504"/>
    <testCase name="Login Login getAccessToken working" duration="327"/>
    <testCase name="Login close form" duration="120"/>
  </file>
  <file path="C:\Users\Tringapps-User5\OneDrive\Desktop\nest-app\AuctionArena\frontend\src\Modules\PlayerList\__test__\uploadstatus.test.js">
    <testCase name="&lt;Uploadstatus&gt; should render the UploadStatus component with file status" duration="128"/>
  </file>
  <file path="C:\Users\Tringapps-User5\OneDrive\Desktop\nest-app\AuctionArena\frontend\src\Modules\Dashboard\__test__\Transfer.test.js">
    <testCase name="Transfer Transfer Team" duration="1648"/>
    <testCase name="Transfer Transfer Player" duration="35"/>
    <testCase name="Transfer no auction data" duration="20"/>
  </file>
  <file path="C:\Users\Tringapps-User5\OneDrive\Desktop\nest-app\AuctionArena\frontend\src\Modules\Home\__tests__\feature.test.js">
    <testCase name="Feature Feature" duration="565"/>
    <testCase name="Feature No Data Feature" duration="24"/>
  </file>
  <file path="C:\Users\Tringapps-User5\OneDrive\Desktop\nest-app\AuctionArena\frontend\src\Modules\PlayerList\__test__\addplayer.test.js">
    <testCase name="&lt;Addplayer&gt; Create player" duration="1476"/>
    <testCase name="&lt;Addplayer&gt; Update player" duration="395"/>
  </file>
  <file path="C:\Users\Tringapps-User5\OneDrive\Desktop\nest-app\AuctionArena\frontend\src\Modules\AuctionPanel\__test__\auctionbid.test.js">
    <testCase name="&lt;Auctionbid&gt; Auction Bid" duration="405"/>
    <testCase name="&lt;Auctionbid&gt; should render loading spinner when isLoading is true" duration="111"/>
  </file>
  <file path="C:\Users\Tringapps-User5\OneDrive\Desktop\nest-app\AuctionArena\frontend\src\Modules\MyAuction\__test__\Category.test.js">
    <testCase name="&lt;Category&gt; category test" duration="1334"/>
  </file>
  <file path="C:\Users\Tringapps-User5\OneDrive\Desktop\nest-app\AuctionArena\frontend\src\Modules\Dashboard\__test__\MainContent.test.js">
    <testCase name="MainContent MainContent" duration="462"/>
    <testCase name="MainContent MainContent loader" duration="18"/>
  </file>
  <file path="C:\Users\Tringapps-User5\OneDrive\Desktop\nest-app\AuctionArena\frontend\src\Modules\CreateAuction\__test__\createauction.test.js">
    <testCase name="&lt;CreateAuction&gt; Create Auction" duration="2980"/>
    <testCase name="&lt;CreateAuction&gt; Update Auction" duration="703"/>
  </file>
  <file path="C:\Users\Tringapps-User5\OneDrive\Desktop\nest-app\AuctionArena\frontend\src\Modules\Home\__tests__\upcomingauction.test.js">
    <testCase name="&lt;Todayauction&gt; should render loading spinner when isLoading is true" duration="128"/>
    <testCase name="&lt;Todayauction&gt; should render &quot;No data available&quot; when there is no auctionData" duration="23"/>
    <testCase name="&lt;Todayauction&gt; should render auction items when there is data" duration="313"/>
    <testCase name="&lt;Todayauction&gt; should call imageChangeHandler when a circle is clicked" duration="89"/>
  </file>
  <file path="C:\Users\Tringapps-User5\OneDrive\Desktop\nest-app\AuctionArena\frontend\src\Modules\MyAuction\__test__\MyAuction.test.js">
    <testCase name="&lt;MyAuction&gt; MyAuction Layout" duration="1069"/>
  </file>
  <file path="C:\Users\Tringapps-User5\OneDrive\Desktop\nest-app\AuctionArena\frontend\src\Modules\Home\__tests__\contact.test.js">
    <testCase name="Contact Contact Rendering" duration="646"/>
  </file>
  <file path="C:\Users\Tringapps-User5\OneDrive\Desktop\nest-app\AuctionArena\frontend\src\Modules\AuctionPanel\__test__\auctionteam.test.js">
    <testCase name="&lt;Auctionteam&gt; should first" duration="144"/>
    <testCase name="&lt;Auctionteam&gt; should render loading spinner when isLoading is true" duration="71"/>
  </file>
  <file path="C:\Users\Tringapps-User5\OneDrive\Desktop\nest-app\AuctionArena\frontend\src\Modules\Dashboard\__test__\AuctionCard.test.js">
    <testCase name="AuctionCard Auction Card Display" duration="118"/>
  </file>
  <file path="C:\Users\Tringapps-User5\OneDrive\Desktop\nest-app\AuctionArena\frontend\src\Modules\Dashboard\__test__\Sidebar.test.js">
    <testCase name="Sidebar sidebar layout" duration="308"/>
  </file>
  <file path="C:\Users\Tringapps-User5\OneDrive\Desktop\nest-app\AuctionArena\frontend\src\Modules\PlayerList\__test__\templatedownload.test.js">
    <testCase name="&lt;Templatedownload&gt; should render without errors" duration="126"/>
  </file>
  <file path="C:\Users\Tringapps-User5\OneDrive\Desktop\nest-app\AuctionArena\frontend\src\Modules\Dashboard\__test__\Dashboard.test.js">
    <testCase name="Dashboard Dahboard datas" duration="544"/>
  </file>
  <file path="C:\Users\Tringapps-User5\OneDrive\Desktop\nest-app\AuctionArena\frontend\src\Modules\Dashboard\__test__\UserProfile.test.js">
    <testCase name="UserProfileDisplay render email &amp; name" duration="169"/>
  </file>
  <file path="C:\Users\Tringapps-User5\OneDrive\Desktop\nest-app\AuctionArena\frontend\src\Modules\AuctionPanel\__test__\auctionpanel.test.js">
  </file>
  <file path="C:\Users\Tringapps-User5\OneDrive\Desktop\nest-app\AuctionArena\frontend\src\Modules\AuctionPanel\__test__\auctionplayer.test.js">
    <testCase name="&lt;Auctionpanel&gt; should first" duration="496"/>
    <testCase name="&lt;Auctionpanel&gt; should render loading spinner when isLoading is true" duration="48"/>
  </file>
  <file path="C:\Users\Tringapps-User5\OneDrive\Desktop\nest-app\AuctionArena\frontend\src\Modules\AuctionPanel\__test__\playercard.test.js">
    <testCase name="&lt;playercard&gt; Bidinfo Render" duration="64"/>
  </file>
  <file path="C:\Users\Tringapps-User5\OneDrive\Desktop\nest-app\AuctionArena\frontend\src\Modules\Route\__test__\protectedroute.test.js">
    <testCase name="renders children when isAuthenticated is true" duration="214"/>
    <testCase name="redirects to &quot;/&quot; when isAuthenticated is false" duration="20"/>
  </file>
  <file path="C:\Users\Tringapps-User5\OneDrive\Desktop\nest-app\AuctionArena\frontend\src\Modules\Home\__tests__\userheader.test.js">
    <testCase name="menu opens and closes with a 5-second interval" duration="295"/>
  </file>
  <file path="C:\Users\Tringapps-User5\OneDrive\Desktop\nest-app\AuctionArena\frontend\src\Modules\Home\__tests__\auctionheader.test.js">
    <testCase name="Auctionheader Auction Header" duration="240"/>
  </file>
  <file path="C:\Users\Tringapps-User5\OneDrive\Desktop\nest-app\AuctionArena\frontend\src\Modules\Home\__tests__\homeimage.test.js">
    <testCase name="images change with a 2-second interval" duration="158"/>
  </file>
  <file path="C:\Users\Tringapps-User5\OneDrive\Desktop\nest-app\AuctionArena\frontend\src\Modules\User\__test__\Alert.test.js">
    <testCase name="&lt;Addplayer&gt; Alert component renders with success alert" duration="93"/>
    <testCase name="&lt;Addplayer&gt; Alert component renders with error alert" duration="34"/>
  </file>
  <file path="C:\Users\Tringapps-User5\OneDrive\Desktop\nest-app\AuctionArena\frontend\src\Modules\Loader\__test__\Loader.test.js">
    <testCase name="&lt;Loader&gt; should render the Loader component" duration="111"/>
  </file>
  <file path="C:\Users\Tringapps-User5\OneDrive\Desktop\nest-app\AuctionArena\frontend\src\Modules\Dashboard\__test__\Card.test.js">
    <testCase name="Card Card display" duration="94"/>
  </file>
  <file path="C:\Users\Tringapps-User5\OneDrive\Desktop\nest-app\AuctionArena\frontend\src\Modules\Home\__tests__\footer.test.js">
    <testCase name="Footer footer" duration="48"/>
  </file>
  <file path="C:\Users\Tringapps-User5\OneDrive\Desktop\nest-app\AuctionArena\frontend\src\Modules\Context\__test__\auctioncontext.test.js">
    <testCase name="&lt;AuctionContext&gt; Context Rendering" duration="204"/>
  </file>
  <file path="C:\Users\Tringapps-User5\OneDrive\Desktop\nest-app\AuctionArena\frontend\src\Modules\MyAuction\__test__\AuctionDetails.test.js">
    <testCase name="&lt;AuctionDetails&gt; Not Auction Data" duration="529"/>
    <testCase name="&lt;AuctionDetails&gt; AuctionDetails Date Comparison" duration="60"/>
    <testCase name="&lt;AuctionDetails&gt; AuctionDetails Navigation" duration="144"/>
  </file>
  <file path="C:\Users\Tringapps-User5\OneDrive\Desktop\nest-app\AuctionArena\frontend\src\App.test.js">
    <testCase name="App renders the homepage route by default" duration="609">
=======
    at Object.getElementError (C:\Users\Tringapps-User24\Desktop\TypeORM\AuctionArena\frontend\node_modules\@testing-library\dom\dist\config.js:37:19)
    at allQuery (C:\Users\Tringapps-User24\Desktop\TypeORM\AuctionArena\frontend\node_modules\@testing-library\dom\dist\query-helpers.js:76:38)
    at query (C:\Users\Tringapps-User24\Desktop\TypeORM\AuctionArena\frontend\node_modules\@testing-library\dom\dist\query-helpers.js:52:17)
    at getByText (C:\Users\Tringapps-User24\Desktop\TypeORM\AuctionArena\frontend\node_modules\@testing-library\dom\dist\query-helpers.js:95:19)
    at Object.<anonymous> (C:\Users\Tringapps-User24\Desktop\TypeORM\AuctionArena\frontend\src\Modules\Dashboard\__test__\Navbar.test.js:48:40)
    at Promise.then.completed (C:\Users\Tringapps-User24\Desktop\TypeORM\AuctionArena\frontend\node_modules\react-scripts\node_modules\jest-circus\build\utils.js:391:28)
    at new Promise (<anonymous>)
    at callAsyncCircusFn (C:\Users\Tringapps-User24\Desktop\TypeORM\AuctionArena\frontend\node_modules\react-scripts\node_modules\jest-circus\build\utils.js:316:10)
    at _callCircusTest (C:\Users\Tringapps-User24\Desktop\TypeORM\AuctionArena\frontend\node_modules\react-scripts\node_modules\jest-circus\build\run.js:218:40)
    at processTicksAndRejections (node:internal/process/task_queues:95:5)
    at _runTest (C:\Users\Tringapps-User24\Desktop\TypeORM\AuctionArena\frontend\node_modules\react-scripts\node_modules\jest-circus\build\run.js:155:3)
    at _runTestsForDescribeBlock (C:\Users\Tringapps-User24\Desktop\TypeORM\AuctionArena\frontend\node_modules\react-scripts\node_modules\jest-circus\build\run.js:66:9)
    at _runTestsForDescribeBlock (C:\Users\Tringapps-User24\Desktop\TypeORM\AuctionArena\frontend\node_modules\react-scripts\node_modules\jest-circus\build\run.js:60:9)
    at run (C:\Users\Tringapps-User24\Desktop\TypeORM\AuctionArena\frontend\node_modules\react-scripts\node_modules\jest-circus\build\run.js:25:3)
    at runAndTransformResultsToJestFormat (C:\Users\Tringapps-User24\Desktop\TypeORM\AuctionArena\frontend\node_modules\react-scripts\node_modules\jest-circus\build\legacy-code-todo-rewrite\jestAdapterInit.js:170:21)
    at jestAdapter (C:\Users\Tringapps-User24\Desktop\TypeORM\AuctionArena\frontend\node_modules\react-scripts\node_modules\jest-circus\build\legacy-code-todo-rewrite\jestAdapter.js:68:19)
    at runTestInternal (C:\Users\Tringapps-User24\Desktop\TypeORM\AuctionArena\frontend\node_modules\react-scripts\node_modules\jest-runner\build\runTest.js:389:16)
    at runTest (C:\Users\Tringapps-User24\Desktop\TypeORM\AuctionArena\frontend\node_modules\react-scripts\node_modules\jest-runner\build\runTest.js:475:34)
    at Object.worker (C:\Users\Tringapps-User24\Desktop\TypeORM\AuctionArena\frontend\node_modules\react-scripts\node_modules\jest-runner\build\testWorker.js:133:12)]]></failure>
    </testCase>
    <testCase name="Navbar Logout button triggers logout function" duration="18"/>
  </file>
  <file path="C:\Users\Tringapps-User24\Desktop\TypeORM\AuctionArena\frontend\src\Modules\Home\__tests__\home.test.js">
    <testCase name="Homepage Component should render the homepage" duration="1064">
      <failure message="TypeError: Cannot read properties of undefined (reading &apos;filter&apos;)"><![CDATA[TypeError: Cannot read properties of undefined (reading 'filter')
    at Component (C:\Users\Tringapps-User24\Desktop\TypeORM\AuctionArena\frontend\src\Modules\Home\Components\todayauction.js:13:28)
    at renderWithHooks (C:\Users\Tringapps-User24\Desktop\TypeORM\AuctionArena\frontend\node_modules\react-dom\cjs\react-dom.development.js:16305:18)
    at mountIndeterminateComponent (C:\Users\Tringapps-User24\Desktop\TypeORM\AuctionArena\frontend\node_modules\react-dom\cjs\react-dom.development.js:20074:13)
    at beginWork (C:\Users\Tringapps-User24\Desktop\TypeORM\AuctionArena\frontend\node_modules\react-dom\cjs\react-dom.development.js:21587:16)
    at beginWork$1 (C:\Users\Tringapps-User24\Desktop\TypeORM\AuctionArena\frontend\node_modules\react-dom\cjs\react-dom.development.js:27426:14)
    at performUnitOfWork (C:\Users\Tringapps-User24\Desktop\TypeORM\AuctionArena\frontend\node_modules\react-dom\cjs\react-dom.development.js:26560:12)
    at workLoopSync (C:\Users\Tringapps-User24\Desktop\TypeORM\AuctionArena\frontend\node_modules\react-dom\cjs\react-dom.development.js:26466:5)
    at renderRootSync (C:\Users\Tringapps-User24\Desktop\TypeORM\AuctionArena\frontend\node_modules\react-dom\cjs\react-dom.development.js:26434:7)
    at recoverFromConcurrentError (C:\Users\Tringapps-User24\Desktop\TypeORM\AuctionArena\frontend\node_modules\react-dom\cjs\react-dom.development.js:25850:20)
    at callback (C:\Users\Tringapps-User24\Desktop\TypeORM\AuctionArena\frontend\node_modules\react-dom\cjs\react-dom.development.js:25750:22)
    at flushActQueue (C:\Users\Tringapps-User24\Desktop\TypeORM\AuctionArena\frontend\node_modules\react\cjs\react.development.js:2667:24)
    at actImplementation (C:\Users\Tringapps-User24\Desktop\TypeORM\AuctionArena\frontend\node_modules\react\cjs\react.development.js:2582:11)
    at C:\Users\Tringapps-User24\Desktop\TypeORM\AuctionArena\frontend\node_modules\@testing-library\react\dist\act-compat.js:46:25
    at renderRoot (C:\Users\Tringapps-User24\Desktop\TypeORM\AuctionArena\frontend\node_modules\@testing-library\react\dist\pure.js:161:25)
    at render (C:\Users\Tringapps-User24\Desktop\TypeORM\AuctionArena\frontend\node_modules\@testing-library\react\dist\pure.js:247:10)
    at Object.<anonymous> (C:\Users\Tringapps-User24\Desktop\TypeORM\AuctionArena\frontend\src\Modules\Home\__tests__\home.test.js:9:11)
    at Promise.then.completed (C:\Users\Tringapps-User24\Desktop\TypeORM\AuctionArena\frontend\node_modules\react-scripts\node_modules\jest-circus\build\utils.js:391:28)
    at new Promise (<anonymous>)
    at callAsyncCircusFn (C:\Users\Tringapps-User24\Desktop\TypeORM\AuctionArena\frontend\node_modules\react-scripts\node_modules\jest-circus\build\utils.js:316:10)
    at _callCircusTest (C:\Users\Tringapps-User24\Desktop\TypeORM\AuctionArena\frontend\node_modules\react-scripts\node_modules\jest-circus\build\run.js:218:40)
    at processTicksAndRejections (node:internal/process/task_queues:95:5)
    at _runTest (C:\Users\Tringapps-User24\Desktop\TypeORM\AuctionArena\frontend\node_modules\react-scripts\node_modules\jest-circus\build\run.js:155:3)
    at _runTestsForDescribeBlock (C:\Users\Tringapps-User24\Desktop\TypeORM\AuctionArena\frontend\node_modules\react-scripts\node_modules\jest-circus\build\run.js:66:9)
    at _runTestsForDescribeBlock (C:\Users\Tringapps-User24\Desktop\TypeORM\AuctionArena\frontend\node_modules\react-scripts\node_modules\jest-circus\build\run.js:60:9)
    at run (C:\Users\Tringapps-User24\Desktop\TypeORM\AuctionArena\frontend\node_modules\react-scripts\node_modules\jest-circus\build\run.js:25:3)
    at runAndTransformResultsToJestFormat (C:\Users\Tringapps-User24\Desktop\TypeORM\AuctionArena\frontend\node_modules\react-scripts\node_modules\jest-circus\build\legacy-code-todo-rewrite\jestAdapterInit.js:170:21)
    at jestAdapter (C:\Users\Tringapps-User24\Desktop\TypeORM\AuctionArena\frontend\node_modules\react-scripts\node_modules\jest-circus\build\legacy-code-todo-rewrite\jestAdapter.js:68:19)
    at runTestInternal (C:\Users\Tringapps-User24\Desktop\TypeORM\AuctionArena\frontend\node_modules\react-scripts\node_modules\jest-runner\build\runTest.js:389:16)
    at runTest (C:\Users\Tringapps-User24\Desktop\TypeORM\AuctionArena\frontend\node_modules\react-scripts\node_modules\jest-runner\build\runTest.js:475:34)
    at Object.worker (C:\Users\Tringapps-User24\Desktop\TypeORM\AuctionArena\frontend\node_modules\react-scripts\node_modules\jest-runner\build\testWorker.js:133:12)]]></failure>
    </testCase>
  </file>
  <file path="C:\Users\Tringapps-User24\Desktop\TypeORM\AuctionArena\frontend\src\Modules\AuctionPanel\__test__\auctionbid.test.js">
    <testCase name="&lt;Auctionbid&gt; Auction Bid" duration="347"/>
    <testCase name="&lt;Auctionbid&gt; should render loading spinner when isLoading is true" duration="28"/>
  </file>
  <file path="C:\Users\Tringapps-User24\Desktop\TypeORM\AuctionArena\frontend\src\Modules\PlayerList\__test__\playerlist.test.js">
    <testCase name="&lt;Playerlist&gt; player find" duration="207"/>
    <testCase name="&lt;Playerlist&gt; Loading" duration="30"/>
  </file>
  <file path="C:\Users\Tringapps-User24\Desktop\TypeORM\AuctionArena\frontend\src\Modules\TeamDetails\__test__\teamtable.test.js">
    <testCase name="&lt;TeamTable&gt; Remove Team" duration="102"/>
    <testCase name="&lt;TeamTable&gt; Loading" duration="11"/>
  </file>
  <file path="C:\Users\Tringapps-User24\Desktop\TypeORM\AuctionArena\frontend\src\Modules\PlayerList\__test__\playerstab.test.js">
    <testCase name="&lt;Playerstab&gt; should render the Playerstab component with tabs" duration="940">
      <failure message="Invariant Violation: An error occured! For more details, see the full error text at https://go.apollo.dev/c/err#%7B%22version%22%3A%223.8.1%22%2C%22message%22%3A47%2C%22args%22%3A%5B%5D%7D"><![CDATA[Invariant Violation: An error occured! For more details, see the full error text at https://go.apollo.dev/c/err#%7B%22version%22%3A%223.8.1%22%2C%22message%22%3A47%2C%22args%22%3A%5B%5D%7D
    at new InvariantError (C:\Users\Tringapps-User24\Desktop\TypeORM\AuctionArena\frontend\node_modules\ts-invariant\lib\invariant.js:11:28)
    at Object.invariant (C:\Users\Tringapps-User24\Desktop\TypeORM\AuctionArena\frontend\node_modules\ts-invariant\lib\invariant.js:24:15)
    at Object.invariant (C:\Users\Tringapps-User24\Desktop\TypeORM\AuctionArena\frontend\node_modules\@apollo\client\utilities\globals\invariantWrappers.js:21:9)
    at useApolloClient (C:\Users\Tringapps-User24\Desktop\TypeORM\AuctionArena\frontend\node_modules\@apollo\client\react\hooks\useApolloClient.js:7:5)
    at useLazyQuery (C:\Users\Tringapps-User24\Desktop\TypeORM\AuctionArena\frontend\node_modules\@apollo\client\react\hooks\useLazyQuery.js:23:42)
    at Component (C:\Users\Tringapps-User24\Desktop\TypeORM\AuctionArena\frontend\src\Modules\PlayerList\Component\Fileuploader.js:44:47)
    at renderWithHooks (C:\Users\Tringapps-User24\Desktop\TypeORM\AuctionArena\frontend\node_modules\react-dom\cjs\react-dom.development.js:16305:18)
    at mountIndeterminateComponent (C:\Users\Tringapps-User24\Desktop\TypeORM\AuctionArena\frontend\node_modules\react-dom\cjs\react-dom.development.js:20074:13)
    at beginWork (C:\Users\Tringapps-User24\Desktop\TypeORM\AuctionArena\frontend\node_modules\react-dom\cjs\react-dom.development.js:21587:16)
    at beginWork$1 (C:\Users\Tringapps-User24\Desktop\TypeORM\AuctionArena\frontend\node_modules\react-dom\cjs\react-dom.development.js:27426:14)
    at performUnitOfWork (C:\Users\Tringapps-User24\Desktop\TypeORM\AuctionArena\frontend\node_modules\react-dom\cjs\react-dom.development.js:26560:12)
    at workLoopSync (C:\Users\Tringapps-User24\Desktop\TypeORM\AuctionArena\frontend\node_modules\react-dom\cjs\react-dom.development.js:26466:5)
    at renderRootSync (C:\Users\Tringapps-User24\Desktop\TypeORM\AuctionArena\frontend\node_modules\react-dom\cjs\react-dom.development.js:26434:7)
    at recoverFromConcurrentError (C:\Users\Tringapps-User24\Desktop\TypeORM\AuctionArena\frontend\node_modules\react-dom\cjs\react-dom.development.js:25850:20)
    at callback (C:\Users\Tringapps-User24\Desktop\TypeORM\AuctionArena\frontend\node_modules\react-dom\cjs\react-dom.development.js:26096:20)
    at callback (C:\Users\Tringapps-User24\Desktop\TypeORM\AuctionArena\frontend\node_modules\react-dom\cjs\react-dom.development.js:12042:22)
    at flushActQueue (C:\Users\Tringapps-User24\Desktop\TypeORM\AuctionArena\frontend\node_modules\react\cjs\react.development.js:2667:24)
    at actImplementation (C:\Users\Tringapps-User24\Desktop\TypeORM\AuctionArena\frontend\node_modules\react\cjs\react.development.js:2582:11)
    at C:\Users\Tringapps-User24\Desktop\TypeORM\AuctionArena\frontend\node_modules\@testing-library\react\dist\act-compat.js:46:25
    at Object.eventWrapper (C:\Users\Tringapps-User24\Desktop\TypeORM\AuctionArena\frontend\node_modules\@testing-library\react\dist\pure.js:92:27)
    at fireEvent (C:\Users\Tringapps-User24\Desktop\TypeORM\AuctionArena\frontend\node_modules\@testing-library\dom\dist\events.js:12:35)
    at Function.fireEvent.<computed> [as click] (C:\Users\Tringapps-User24\Desktop\TypeORM\AuctionArena\frontend\node_modules\@testing-library\dom\dist\events.js:110:36)
    at Function.click (C:\Users\Tringapps-User24\Desktop\TypeORM\AuctionArena\frontend\node_modules\@testing-library\react\dist\fire-event.js:15:52)
    at Object.<anonymous> (C:\Users\Tringapps-User24\Desktop\TypeORM\AuctionArena\frontend\src\Modules\PlayerList\__test__\playerstab.test.js:87:15)
    at Promise.then.completed (C:\Users\Tringapps-User24\Desktop\TypeORM\AuctionArena\frontend\node_modules\react-scripts\node_modules\jest-circus\build\utils.js:391:28)
    at new Promise (<anonymous>)
    at callAsyncCircusFn (C:\Users\Tringapps-User24\Desktop\TypeORM\AuctionArena\frontend\node_modules\react-scripts\node_modules\jest-circus\build\utils.js:316:10)
    at _callCircusTest (C:\Users\Tringapps-User24\Desktop\TypeORM\AuctionArena\frontend\node_modules\react-scripts\node_modules\jest-circus\build\run.js:218:40)
    at processTicksAndRejections (node:internal/process/task_queues:95:5)
    at _runTest (C:\Users\Tringapps-User24\Desktop\TypeORM\AuctionArena\frontend\node_modules\react-scripts\node_modules\jest-circus\build\run.js:155:3)
    at _runTestsForDescribeBlock (C:\Users\Tringapps-User24\Desktop\TypeORM\AuctionArena\frontend\node_modules\react-scripts\node_modules\jest-circus\build\run.js:66:9)
    at _runTestsForDescribeBlock (C:\Users\Tringapps-User24\Desktop\TypeORM\AuctionArena\frontend\node_modules\react-scripts\node_modules\jest-circus\build\run.js:60:9)
    at run (C:\Users\Tringapps-User24\Desktop\TypeORM\AuctionArena\frontend\node_modules\react-scripts\node_modules\jest-circus\build\run.js:25:3)
    at runAndTransformResultsToJestFormat (C:\Users\Tringapps-User24\Desktop\TypeORM\AuctionArena\frontend\node_modules\react-scripts\node_modules\jest-circus\build\legacy-code-todo-rewrite\jestAdapterInit.js:170:21)
    at jestAdapter (C:\Users\Tringapps-User24\Desktop\TypeORM\AuctionArena\frontend\node_modules\react-scripts\node_modules\jest-circus\build\legacy-code-todo-rewrite\jestAdapter.js:68:19)
    at runTestInternal (C:\Users\Tringapps-User24\Desktop\TypeORM\AuctionArena\frontend\node_modules\react-scripts\node_modules\jest-runner\build\runTest.js:389:16)
    at runTest (C:\Users\Tringapps-User24\Desktop\TypeORM\AuctionArena\frontend\node_modules\react-scripts\node_modules\jest-runner\build\runTest.js:475:34)
    at Object.worker (C:\Users\Tringapps-User24\Desktop\TypeORM\AuctionArena\frontend\node_modules\react-scripts\node_modules\jest-runner\build\testWorker.js:133:12)]]></failure>
    </testCase>
    <testCase name="&lt;Playerstab&gt; should update activeTab when clicking on a tab" duration="21"/>
  </file>
  <file path="C:\Users\Tringapps-User24\Desktop\TypeORM\AuctionArena\frontend\src\Modules\PlayerList\__test__\addplayer.test.js">
    <testCase name="&lt;Addplayer&gt; Create player" duration="281"/>
    <testCase name="&lt;Addplayer&gt; Update player" duration="101"/>
  </file>
  <file path="C:\Users\Tringapps-User24\Desktop\TypeORM\AuctionArena\frontend\src\Modules\Dashboard\__test__\Transfer.test.js">
    <testCase name="Transfer Transfer Team" duration="962"/>
    <testCase name="Transfer Transfer Player" duration="18"/>
    <testCase name="Transfer no auction data" duration="14"/>
  </file>
  <file path="C:\Users\Tringapps-User24\Desktop\TypeORM\AuctionArena\frontend\src\Modules\User\__test__\Login.test.js">
    <testCase name="Login renders login layout" duration="294"/>
    <testCase name="Login Login getAccessToken working" duration="147"/>
    <testCase name="Login close form" duration="73"/>
  </file>
  <file path="C:\Users\Tringapps-User24\Desktop\TypeORM\AuctionArena\frontend\src\Modules\PlayerList\__test__\uploadstatus.test.js">
    <testCase name="&lt;Uploadstatus&gt; should render the UploadStatus component with file status" duration="86"/>
  </file>
  <file path="C:\Users\Tringapps-User24\Desktop\TypeORM\AuctionArena\frontend\src\Modules\Dashboard\__test__\MainContent.test.js">
    <testCase name="MainContent MainContent" duration="330"/>
    <testCase name="MainContent MainContent loader" duration="11"/>
  </file>
  <file path="C:\Users\Tringapps-User24\Desktop\TypeORM\AuctionArena\frontend\src\Modules\MyAuction\__test__\Category.test.js">
    <testCase name="&lt;Category&gt; category test" duration="178"/>
  </file>
  <file path="C:\Users\Tringapps-User24\Desktop\TypeORM\AuctionArena\frontend\src\Modules\Home\__tests__\contact.test.js">
    <testCase name="Contact Contact Rendering" duration="279"/>
  </file>
  <file path="C:\Users\Tringapps-User24\Desktop\TypeORM\AuctionArena\frontend\src\Modules\Dashboard\__test__\Sidebar.test.js">
    <testCase name="Sidebar sidebar layout" duration="88"/>
  </file>
  <file path="C:\Users\Tringapps-User24\Desktop\TypeORM\AuctionArena\frontend\src\Modules\Home\__tests__\upcomingauction.test.js">
    <testCase name="&lt;Todayauction&gt; should render loading spinner when isLoading is true" duration="41"/>
    <testCase name="&lt;Todayauction&gt; should render &quot;No data available&quot; when there is no auctionData" duration="9"/>
    <testCase name="&lt;Todayauction&gt; should render auction items when there is data" duration="44"/>
    <testCase name="&lt;Todayauction&gt; should call imageChangeHandler when a circle is clicked" duration="22"/>
  </file>
  <file path="C:\Users\Tringapps-User24\Desktop\TypeORM\AuctionArena\frontend\src\Modules\AuctionPanel\__test__\auctionplayer.test.js">
    <testCase name="&lt;Auctionpanel&gt; should first" duration="79"/>
    <testCase name="&lt;Auctionpanel&gt; should render loading spinner when isLoading is true" duration="21"/>
  </file>
  <file path="C:\Users\Tringapps-User24\Desktop\TypeORM\AuctionArena\frontend\src\Modules\MyAuction\__test__\AuctionDetails.test.js">
    <testCase name="&lt;AuctionDetails&gt; Not Auction Data" duration="52"/>
    <testCase name="&lt;AuctionDetails&gt; AuctionDetails Date Comparison" duration="30"/>
    <testCase name="&lt;AuctionDetails&gt; AuctionDetails Navigation" duration="86"/>
  </file>
  <file path="C:\Users\Tringapps-User24\Desktop\TypeORM\AuctionArena\frontend\src\Modules\MyAuction\__test__\MyAuction.test.js">
    <testCase name="&lt;MyAuction&gt; MyAuction Layout" duration="68"/>
  </file>
  <file path="C:\Users\Tringapps-User24\Desktop\TypeORM\AuctionArena\frontend\src\Modules\PlayerList\__test__\templatedownload.test.js">
    <testCase name="&lt;Templatedownload&gt; should render without errors" duration="29"/>
  </file>
  <file path="C:\Users\Tringapps-User24\Desktop\TypeORM\AuctionArena\frontend\src\Modules\AuctionPanel\__test__\auctionteam.test.js">
    <testCase name="&lt;Auctionteam&gt; should first" duration="67"/>
    <testCase name="&lt;Auctionteam&gt; should render loading spinner when isLoading is true" duration="14"/>
  </file>
  <file path="C:\Users\Tringapps-User24\Desktop\TypeORM\AuctionArena\frontend\src\Modules\Route\__test__\protectedroute.test.js">
    <testCase name="renders children when isAuthenticated is true" duration="39"/>
    <testCase name="redirects to &quot;/&quot; when isAuthenticated is false" duration="9"/>
  </file>
  <file path="C:\Users\Tringapps-User24\Desktop\TypeORM\AuctionArena\frontend\src\Modules\Dashboard\__test__\Dashboard.test.js">
    <testCase name="Dashboard Dahboard datas" duration="426"/>
  </file>
  <file path="C:\Users\Tringapps-User24\Desktop\TypeORM\AuctionArena\frontend\src\Modules\Dashboard\__test__\AuctionCard.test.js">
    <testCase name="AuctionCard Auction Card Display" duration="78"/>
  </file>
  <file path="C:\Users\Tringapps-User24\Desktop\TypeORM\AuctionArena\frontend\src\Modules\Context\__test__\auctioncontext.test.js">
    <testCase name="&lt;AuctionContext&gt; Context Rendering" duration="82"/>
  </file>
  <file path="C:\Users\Tringapps-User24\Desktop\TypeORM\AuctionArena\frontend\src\Modules\Dashboard\__test__\UserProfile.test.js">
    <testCase name="UserProfileDisplay render email &amp; name" duration="59"/>
  </file>
  <file path="C:\Users\Tringapps-User24\Desktop\TypeORM\AuctionArena\frontend\src\Modules\Home\__tests__\userheader.test.js">
    <testCase name="menu opens and closes with a 5-second interval" duration="121"/>
  </file>
  <file path="C:\Users\Tringapps-User24\Desktop\TypeORM\AuctionArena\frontend\src\Modules\Home\__tests__\homeimage.test.js">
    <testCase name="images change with a 2-second interval" duration="50"/>
  </file>
  <file path="C:\Users\Tringapps-User24\Desktop\TypeORM\AuctionArena\frontend\src\Modules\User\__test__\Alert.test.js">
    <testCase name="&lt;Addplayer&gt; Alert component renders with success alert" duration="28"/>
    <testCase name="&lt;Addplayer&gt; Alert component renders with error alert" duration="5"/>
  </file>
  <file path="C:\Users\Tringapps-User24\Desktop\TypeORM\AuctionArena\frontend\src\Modules\AuctionPanel\__test__\playercard.test.js">
    <testCase name="&lt;playercard&gt; Bidinfo Render" duration="31"/>
  </file>
  <file path="C:\Users\Tringapps-User24\Desktop\TypeORM\AuctionArena\frontend\src\Modules\Loader\__test__\Loader.test.js">
    <testCase name="&lt;Loader&gt; should render the Loader component" duration="33"/>
  </file>
  <file path="C:\Users\Tringapps-User24\Desktop\TypeORM\AuctionArena\frontend\src\Modules\Dashboard\__test__\Card.test.js">
    <testCase name="Card Card display" duration="34"/>
  </file>
  <file path="C:\Users\Tringapps-User24\Desktop\TypeORM\AuctionArena\frontend\src\Modules\Home\__tests__\auctionheader.test.js">
    <testCase name="Auctionheader Auction Header" duration="105"/>
  </file>
  <file path="C:\Users\Tringapps-User24\Desktop\TypeORM\AuctionArena\frontend\src\Modules\Home\__tests__\footer.test.js">
    <testCase name="Footer footer" duration="43"/>
  </file>
  <file path="C:\Users\Tringapps-User24\Desktop\TypeORM\AuctionArena\frontend\src\Modules\AuctionPanel\__test__\auctionpanel.test.js">
  </file>
  <file path="C:\Users\Tringapps-User24\Desktop\TypeORM\AuctionArena\frontend\src\Modules\AuctionPanel\__test__\bidinfocontainer.test.js">
    <testCase name="&lt;bidinfoconatiner&gt; Bidinfo Render" duration="50"/>
  </file>
  <file path="C:\Users\Tringapps-User24\Desktop\TypeORM\AuctionArena\frontend\src\Modules\Home\__tests__\feature.test.js">
    <testCase name="Feature Feature" duration="71"/>
    <testCase name="Feature No Data Feature" duration="9"/>
  </file>
  <file path="C:\Users\Tringapps-User24\Desktop\TypeORM\AuctionArena\frontend\src\Modules\CreateAuction\__test__\createauction.test.js">
    <testCase name="&lt;CreateAuction&gt; Create Auction" duration="333"/>
    <testCase name="&lt;CreateAuction&gt; Update Auction" duration="204"/>
  </file>
  <file path="C:\Users\Tringapps-User24\Desktop\TypeORM\AuctionArena\frontend\src\App.test.js">
<<<<<<< HEAD
    <testCase name="App renders the homepage route by default" duration="220">
=======
    <testCase name="App renders the homepage route by default" duration="314">
>>>>>>> e18bce3a2fb0dce7da6d3f5a56cf43802c736d64
>>>>>>> b8ff30ae299bf7ac79a0b247b0eef06ef6f0e52b
      <failure message="Invariant Violation: An error occured! For more details, see the full error text at https://go.apollo.dev/c/err#%7B%22version%22%3A%223.8.1%22%2C%22message%22%3A30%2C%22args%22%3A%5B%5D%7D"><![CDATA[Invariant Violation: An error occured! For more details, see the full error text at https://go.apollo.dev/c/err#%7B%22version%22%3A%223.8.1%22%2C%22message%22%3A30%2C%22args%22%3A%5B%5D%7D
    at new InvariantError (C:\Users\Tringapps-User24\Desktop\TypeORM\AuctionArena\frontend\node_modules\ts-invariant\lib\invariant.js:11:28)
    at Object.newInvariantError (C:\Users\Tringapps-User24\Desktop\TypeORM\AuctionArena\frontend\node_modules\@apollo\client\utilities\globals\invariantWrappers.js:34:12)
    at QueryManager.clearStore (C:\Users\Tringapps-User24\Desktop\TypeORM\AuctionArena\frontend\node_modules\@apollo\client\core\QueryManager.js:414:35)
    at C:\Users\Tringapps-User24\Desktop\TypeORM\AuctionArena\frontend\node_modules\@apollo\client\core\ApolloClient.js:183:59
    at processTicksAndRejections (node:internal/process/task_queues:95:5)]]></failure>
    </testCase>
<<<<<<< HEAD
    <testCase name="App logs network errors" duration="1055">
=======
<<<<<<< HEAD
    <testCase name="App logs network errors" duration="1126">
=======
    <testCase name="App logs network errors" duration="1074">
>>>>>>> e18bce3a2fb0dce7da6d3f5a56cf43802c736d64
>>>>>>> b8ff30ae299bf7ac79a0b247b0eef06ef6f0e52b
      <failure message="Invariant Violation: An error occured! For more details, see the full error text at https://go.apollo.dev/c/err#%7B%22version%22%3A%223.8.1%22%2C%22message%22%3A30%2C%22args%22%3A%5B%5D%7D"><![CDATA[Invariant Violation: An error occured! For more details, see the full error text at https://go.apollo.dev/c/err#%7B%22version%22%3A%223.8.1%22%2C%22message%22%3A30%2C%22args%22%3A%5B%5D%7D
    at new InvariantError (C:\Users\Tringapps-User24\Desktop\TypeORM\AuctionArena\frontend\node_modules\ts-invariant\lib\invariant.js:11:28)
    at Object.newInvariantError (C:\Users\Tringapps-User24\Desktop\TypeORM\AuctionArena\frontend\node_modules\@apollo\client\utilities\globals\invariantWrappers.js:34:12)
    at QueryManager.clearStore (C:\Users\Tringapps-User24\Desktop\TypeORM\AuctionArena\frontend\node_modules\@apollo\client\core\QueryManager.js:414:35)
    at C:\Users\Tringapps-User24\Desktop\TypeORM\AuctionArena\frontend\node_modules\@apollo\client\core\ApolloClient.js:183:59]]></failure>
      <failure message="ReferenceError: setImmediate is not defined"><![CDATA[ReferenceError: setImmediate is not defined
    at XMLHttpRequest.dispatchEvent (C:\Users\Tringapps-User24\Desktop\TypeORM\AuctionArena\frontend\node_modules\xmlhttprequest-ssl\lib\XMLHttpRequest.js:628:9)
    at setState (C:\Users\Tringapps-User24\Desktop\TypeORM\AuctionArena\frontend\node_modules\xmlhttprequest-ssl\lib\XMLHttpRequest.js:654:12)
    at IncomingMessage.<anonymous> (C:\Users\Tringapps-User24\Desktop\TypeORM\AuctionArena\frontend\node_modules\xmlhttprequest-ssl\lib\XMLHttpRequest.js:479:13)
    at IncomingMessage.emit (node:events:525:35)
    at endReadableNT (node:internal/streams/readable:1359:12)
    at processTicksAndRejections (node:internal/process/task_queues:82:21)]]></failure>
      <failure message="ReferenceError: setImmediate is not defined"><![CDATA[ReferenceError: setImmediate is not defined
    at XMLHttpRequest.dispatchEvent (C:\Users\Tringapps-User24\Desktop\TypeORM\AuctionArena\frontend\node_modules\xmlhttprequest-ssl\lib\XMLHttpRequest.js:628:9)
    at setState (C:\Users\Tringapps-User24\Desktop\TypeORM\AuctionArena\frontend\node_modules\xmlhttprequest-ssl\lib\XMLHttpRequest.js:654:12)
    at IncomingMessage.<anonymous> (C:\Users\Tringapps-User24\Desktop\TypeORM\AuctionArena\frontend\node_modules\xmlhttprequest-ssl\lib\XMLHttpRequest.js:479:13)
    at IncomingMessage.emit (node:events:525:35)
    at endReadableNT (node:internal/streams/readable:1359:12)
    at processTicksAndRejections (node:internal/process/task_queues:82:21)]]></failure>
      <failure message="Error: expect(jest.fn()).toHaveBeenCalledWith(...expected)"><![CDATA[Error: expect(jest.fn()).toHaveBeenCalledWith(...expected)

Expected: "[Network error]: Error: Network error"
Received
       1: ""
       2: false
       3: false

Number of calls: 3

Ignored nodes: comments, script, style
<html>
  <head />
  <body>
    <div>
      <div
        class="home-page"
      >
        <div
          class="home-header"
        >
          <div
            class="headroom headroom-wrapper"
          >
            <div
              class="headroom headroom--unfixed"
              style="position: relative; top: 0px; left: 0px; right: 0px; z-index: 1; transform: translate3D(0, 0, 0);"
            >
              <div
                class="user-header"
              >
                <a
                  class="logo-container"
                  href="/"
                >
                  <img
                    alt="logo"
                    src="logo-white.png"
                  />
                </a>
                <div
                  class="user-container"
                >
                  <a
                    href="/findauction"
                  >
                    Find Auction
                  </a>
                  <a
                    href="/login"
                  >
                    Login
                  </a>
                  <a
                    href="/register"
                  >
                    Register
                  </a>
                </div>
                <svg
                  class="menubar"
                  data-testid="menubutton"
                  fill="none"
                  height="1em"
                  stroke="currentColor"
                  stroke-width="0"
                  viewBox="0 0 24 24"
                  width="1em"
                  xmlns="http://www.w3.org/2000/svg"
                >
                  <path
                    d="M2 6C2 5.44772 2.44772 5 3 5H21C21.5523 5 22 5.44772 22 6C22 6.55228 21.5523 7 21 7H3C2.44772 7 2 6.55228 2 6Z"
                    fill="currentColor"
                  />
                  <path
                    d="M2 12.0322C2 11.4799 2.44772 11.0322 3 11.0322H21C21.5523 11.0322 22 11.4799 22 12.0322C22 12.5845 21.5523 13.0322 21 13.0322H3C2.44772 13.0322 2 12.5845 2 12.0322Z"
                    fill="currentColor"
                  />
                  <path
                    d="M3 17.0645C2.44772 17.0645 2 17.5122 2 18.0645C2 18.6167 2.44772 19.0645 3 19.0645H21C21.5523 19.0645 22 18.6167 22 18.0645C22 17.5122 21.5523 17.0645 21 17.0645H3Z"
                    fill="currentColor"
                  />
                </svg>
              </div>
              <div
                class="auctionheader"
              >
                <div
                  class="auction-container"
                >
                  <a
                    href="#today"
                  >
                    Today Auctions
                  </a>
                  <a
                    href="#upcoming"
                  >
                    Upcoming Auctions
                  </a>
                  <a
                    href="#price"
                  >
                    Pricing
                  </a>
                  <a
                    href="#contact"
                  >
                    Contact
                  </a>
                </div>
                <svg
                  class="menubar"
                  data-testid="menubutton"
                  fill="none"
                  height="1em"
                  stroke="currentColor"
                  stroke-width="0"
                  viewBox="0 0 24 24"
                  width="1em"
                  xmlns="http://www.w3.org/2000/svg"
                >
                  <path
                    d="M2 6C2 5.44772 2.44772 5 3 5H21C21.5523 5 22 5.44772 22 6C22 6.55228 21.5523 7 21 7H3C2.44772 7 2 6.55228 2 6Z"
                    fill="currentColor"
                  />
                  <path
                    d="M2 12.0322C2 11.4799 2.44772 11.0322 3 11.0322H21C21.5523 11.0322 22 11.4799 22 12.0322C22 12.5845 21.5523 13.0322 21 13.0322H3C2.44772 13.0322 2 12.5845 2 12.0322Z"
                    fill="currentColor"
                  />
                  <path
                    d="M3 17.0645C2.44772 17.0645 2 17.5122 2 18.0645C2 18.6167 2.44772 19.0645 3 19.0645H21C21.5523 19.0645 22 18.6167 22 18.0645C22 17.5122 21.5523 17.0645 21 17.0645H3Z"
                    fill="currentColor"
                  />
                </svg>
              </div>
            </div>
          </div>
        </div>
        <div
          class="homeimage"
        >
          <div
            class="content"
          >
            <img
              alt="slogan"
              src="slogan.png"
            />
          </div>
          <div
            class="imagecontainer"
          >
            <img
              alt="home-set"
              class="image"
              src="dhoni.png"
            />
          </div>
        </div>
        <div
          class="featurecontainer"
          style="justify-content: center;"
        >
          <div
            id="page"
          >
            <div
              id="container"
            >
              <div
                id="ring"
              />
              <div
                id="ring"
              />
              <div
                id="ring"
              />
              <div
                id="ring"
              />
              <div
                id="h3"
              >
                Arena
              </div>
            </div>
          </div>
        </div>
        <div
          class="contactcontainer"
          id="contact"
        >
          <p
            class="header"
          >
            Contact Us
          </p>
          <div
            class="container"
          >
            <div
              class="detailscontainer"
            >
              <div
                class="details"
              >
                <p>
                  PHONE NUMBER
                </p>
                <p>
                  +91 6584734648
                </p>
                <p>
                  +91 9845328012
                </p>
              </div>
              <div
                class="details"
              >
                <p>
                  EMAIL
                </p>
                <p>
                  auctionarenaweb@gmail.com
                </p>
              </div>
            </div>
            <form
              class="inputcontainer"
            >
              <input
                name="name"
                placeholder="Name"
                type="text"
              />
              <input
                name="email"
                placeholder="Email"
                type="email"
              />
              <input
                name="phoneno"
                placeholder="Mobile No"
                type="number"
              />
              <input
                name="message"
                placeholder="Message"
                type="text"
              />
              <div
                class="captchacontainer"
              >
                <input
                  name="captchas"
                  placeholder="Enter Captcha"
                  type="text"
                />
                <div
                  class="captcha"
                >
                  <img
                    alt="captcha"
                    src="captcha.jpeg"
                  />
                  <p>
<<<<<<< HEAD
                    ktu4z
=======
<<<<<<< HEAD
                    Rzwcs
=======
                    dLIJw
>>>>>>> e18bce3a2fb0dce7da6d3f5a56cf43802c736d64
>>>>>>> b8ff30ae299bf7ac79a0b247b0eef06ef6f0e52b
                  </p>
                  <div
                    class="refresh"
                  >
                    <svg
                      fill="currentColor"
                      height="1em"
                      stroke="currentColor"
                      stroke-width="0"
                      viewBox="0 0 24 24"
                      width="1em"
                      xmlns="http://www.w3.org/2000/svg"
                    >
                      <path
                        d="M10 11H7.101l.001-.009a4.956 4.956 0 0 1 .752-1.787 5.054 5.054 0 0 1 2.2-1.811c.302-.128.617-.226.938-.291a5.078 5.078 0 0 1 2.018 0 4.978 4.978 0 0 1 2.525 1.361l1.416-1.412a7.036 7.036 0 0 0-2.224-1.501 6.921 6.921 0 0 0-1.315-.408 7.079 7.079 0 0 0-2.819 0 6.94 6.94 0 0 0-1.316.409 7.04 7.04 0 0 0-3.08 2.534 6.978 6.978 0 0 0-1.054 2.505c-.028.135-.043.273-.063.41H2l4 4 4-4zm4 2h2.899l-.001.008a4.976 4.976 0 0 1-2.103 3.138 4.943 4.943 0 0 1-1.787.752 5.073 5.073 0 0 1-2.017 0 4.956 4.956 0 0 1-1.787-.752 5.072 5.072 0 0 1-.74-.61L7.05 16.95a7.032 7.032 0 0 0 2.225 1.5c.424.18.867.317 1.315.408a7.07 7.07 0 0 0 2.818 0 7.031 7.031 0 0 0 4.395-2.945 6.974 6.974 0 0 0 1.053-2.503c.027-.135.043-.273.063-.41H22l-4-4-4 4z"
                      />
                    </svg>
                  </div>
                </div>
              </div>
              <input
                class="button"
                data-testid="emailsend"
                type="submit"
                value="Send Message"
              />
            </form>
          </div>
        </div>
        <div
          class="footer"
        >
          <p>
            @Copyrights AuctionArena
          </p>
        </div>
      </div>
    </div>
  </body>
</html>
    at callback (C:\Users\Tringapps-User24\Desktop\TypeORM\AuctionArena\frontend\src\App.test.js:68:27)
    at runWithExpensiveErrorDiagnosticsDisabled (C:\Users\Tringapps-User24\Desktop\TypeORM\AuctionArena\frontend\node_modules\@testing-library\dom\dist\config.js:47:12)
    at checkCallback (C:\Users\Tringapps-User24\Desktop\TypeORM\AuctionArena\frontend\node_modules\@testing-library\dom\dist\wait-for.js:127:76)
    at checkRealTimersCallback (C:\Users\Tringapps-User24\Desktop\TypeORM\AuctionArena\frontend\node_modules\@testing-library\dom\dist\wait-for.js:121:16)
    at Timeout.task [as _onTimeout] (C:\Users\Tringapps-User24\Desktop\TypeORM\AuctionArena\frontend\node_modules\jsdom\lib\jsdom\browser\Window.js:516:19)
    at listOnTimeout (node:internal/timers:569:17)
    at processTimers (node:internal/timers:512:7)]]></failure>
    </testCase>
<<<<<<< HEAD
    <testCase name="App renders the dashboard route when authenticated" duration="52"/>
=======
<<<<<<< HEAD
    <testCase name="App renders the dashboard route when authenticated" duration="143"/>
  </file>
  <file path="C:\Users\Tringapps-User5\OneDrive\Desktop\nest-app\AuctionArena\frontend\src\Modules\PlayerList\__test__\playerlist.test.js">
    <testCase name="&lt;Playerlist&gt; player find" duration="251"/>
  </file>
  <file path="C:\Users\Tringapps-User5\OneDrive\Desktop\nest-app\AuctionArena\frontend\src\index.test.js">
    <testCase name="index renders without crashing" duration="721"/>
=======
    <testCase name="App renders the dashboard route when authenticated" duration="191"/>
>>>>>>> e18bce3a2fb0dce7da6d3f5a56cf43802c736d64
>>>>>>> b8ff30ae299bf7ac79a0b247b0eef06ef6f0e52b
  </file>
</testExecutions>